#
# A fatal error has been detected by the Java Runtime Environment:
#
#  SIGSEGV (0xb) at pc=0x00007f7f8175bf8f, pid=3666, tid=0x00007f7f828c1700
#
# JRE version: Java(TM) SE Runtime Environment (8.0_131-b11) (build 1.8.0_131-b11)
# Java VM: Java HotSpot(TM) 64-Bit Server VM (25.131-b11 mixed mode linux-amd64 compressed oops)
# Problematic frame:
# V  [libjvm.so+0xa98f8f]  Unsafe_SetNativeDouble+0x4f
#
# Failed to write core dump. Core dumps have been disabled. To enable core dumping, try "ulimit -c unlimited" before starting Java again
#
# If you would like to submit a bug report, please visit:
#   http://bugreport.java.com/bugreport/crash.jsp
#

---------------  T H R E A D  ---------------

Current thread (0x00007f7f7c00b800):  JavaThread "main" [_thread_in_vm, id=3668, stack(0x00007f7f827c1000,0x00007f7f828c2000)]

siginfo: si_signo: 11 (SIGSEGV), si_code: 1 (SEGV_MAPERR), si_addr: 0x0000000000000000

Registers:
RAX=0x00007f7f7c00b800, RBX=0x00007f7f7c00b800, RCX=0x00007f7f826b22c0, RDX=0x00007f7f828c1a20
RSP=0x00007f7f828c0300, RBP=0x00007f7f828c0340, RSI=0x0000000000000001, RDI=0x00007f7f828c0310
R8 =0x0000000000000000, R9 =0x0000000000000004, R10=0x00007f7f6c7c5a08, R11=0x00007f7f81688190
R12=0x0000000000000000, R13=0x00007f7f6af5aa80, R14=0x00007f7f828c0400, R15=0x00007f7f7c00b800
RIP=0x00007f7f8175bf8f, EFLAGS=0x0000000000010246, CSGSFS=0x002b000000000033, ERR=0x0000000000000006
  TRAPNO=0x000000000000000e

Top of Stack: (sp=0x00007f7f828c0300)
0x00007f7f828c0300:   00007f7f7c00b800 0000000000000000
0x00007f7f828c0310:   00007f7f7c00b800 00007f7f6af5aa80
0x00007f7f828c0320:   00007f7f7c00b800 00007f7f6af5aa80
0x00007f7f828c0330:   00007f7f6af5aa80 0000000000000000
0x00007f7f828c0340:   00007f7f828c03c0 00007f7f6c7c5a34
0x00007f7f828c0350:   00007f7f6af5aa80 0000000000000000
0x00007f7f828c0360:   00007f7f828c03c0 00007f7f6c7c57b9
0x00007f7f828c0370:   00007f7f7c00b800 00007f7f6c7c5782
0x00007f7f828c0380:   00007f7f828c0380 00007f7f6af5aa80
0x00007f7f828c0390:   00007f7f828c0400 00007f7f6af88270
0x00007f7f828c03a0:   0000000000000000 00007f7f6af5aa80
0x00007f7f828c03b0:   0000000000000000 00007f7f828c03e0
0x00007f7f828c03c0:   00007f7f828c0448 00007f7f6c7b62bd
0x00007f7f828c03d0:   0000000000000000 00007f7f6c7bf538
0x00007f7f828c03e0:   0000000000000000 0000000000000008
0x00007f7f828c03f0:   0000000000000000 0000000087d60b10
0x00007f7f828c0400:   0000000087b58d08 00007f7f828c0408
0x00007f7f828c0410:   00007f7f68105446 00007f7f828c0470
0x00007f7f828c0420:   00007f7f68108e80 0000000000000000
0x00007f7f828c0430:   00007f7f68105478 00007f7f828c03e0
0x00007f7f828c0440:   00007f7f828c0458 00007f7f828c04c8
0x00007f7f828c0450:   00007f7f6c7b62bd 0000000000000000
0x00007f7f828c0460:   00007f7f828c04c8 0000000000000000
0x00007f7f828c0470:   0000000087d60b10 0000000000000019
0x00007f7f828c0480:   0000000087d60b10 00007f7f828c0478
0x00007f7f828c0490:   00007f7f68107a5e 00007f7f828c04f8
0x00007f7f828c04a0:   00007f7f68108e80 0000000000000000
0x00007f7f828c04b0:   00007f7f68107b78 00007f7f828c0458
0x00007f7f828c04c0:   00007f7f828c04f8 00007f7f828c0540
0x00007f7f828c04d0:   00007f7f6c7b62bd 0000000000000000
0x00007f7f828c04e0:   0000000000000000 3ff0000000000000
0x00007f7f828c04f0:   0000000000000000 0000000087d60b10 

Instructions: (pc=0x00007f7f8175bf8f)
0x00007f7f8175bf6f:   05 54 da 4d 00 48 89 5d d0 8b 38 e8 51 57 78 ff
0x00007f7f8175bf7f:   c6 80 94 02 00 00 01 48 8d 7d d0 f2 0f 10 45 c8
0x00007f7f8175bf8f:   f2 41 0f 11 04 24 c6 80 94 02 00 00 00 e8 af 9e
0x00007f7f8175bf9f:   94 ff 48 8b 5d e0 48 8b 05 94 93 4d 00 c7 83 70 

Register to memory mapping:

RAX=0x00007f7f7c00b800 is a thread
RBX=0x00007f7f7c00b800 is a thread
RCX=0x00007f7f826b22c0: <offset 0x2182c0> in /lib/x86_64-linux-gnu/libpthread.so.0 at 0x00007f7f8249a000
RDX=0x00007f7f828c1a20 is pointing into the stack for thread: 0x00007f7f7c00b800
RSP=0x00007f7f828c0300 is pointing into the stack for thread: 0x00007f7f7c00b800
RBP=0x00007f7f828c0340 is pointing into the stack for thread: 0x00007f7f7c00b800
RSI=0x0000000000000001 is an unknown value
RDI=0x00007f7f828c0310 is pointing into the stack for thread: 0x00007f7f7c00b800
R8 =0x0000000000000000 is an unknown value
R9 =0x0000000000000004 is an unknown value
R10=0x00007f7f6c7c5a08 is at code_begin+808 in an Interpreter codelet
method entry point (kind = native)  [0x00007f7f6c7c56e0, 0x00007f7f6c7c5fe0]  2304 bytes
R11=0x00007f7f81688190: <offset 0x9c5190> in /usr/lib/jvm/java-8-oracle/jre/lib/amd64/server/libjvm.so at 0x00007f7f80cc3000
R12=0x0000000000000000 is an unknown value
R13={method} {0x00007f7f6af5aa80} 'putDouble' '(JD)V' in 'sun/misc/Unsafe'
R14=0x00007f7f828c0400 is pointing into the stack for thread: 0x00007f7f7c00b800
R15=0x00007f7f7c00b800 is a thread


Stack: [0x00007f7f827c1000,0x00007f7f828c2000],  sp=0x00007f7f828c0300,  free space=1020k
Native frames: (J=compiled Java code, j=interpreted, Vv=VM code, C=native code)
V  [libjvm.so+0xa98f8f]  Unsafe_SetNativeDouble+0x4f
j  sun.misc.Unsafe.putDouble(JD)V+0
j  com.statnlp.hybridnetworks.GlobalNetworkParam.setCount(ID)V+14
j  com.statnlp.hybridnetworks.GlobalNetworkParam.resetCountsAndObj()V+38
j  com.statnlp.hybridnetworks.GlobalNetworkParam.lockIt(Z)V+251
j  com.statnlp.hybridnetworks.GlobalNetworkParam.lockIt()V+2
j  com.statnlp.hybridnetworks.NetworkModel.train([Lcom/statnlp/commons/types/Instance;II)V+191
j  com.statnlp.hybridnetworks.NetworkModel.train([Lcom/statnlp/commons/types/Instance;I)V+5
j  com.statnlp.util.GenericPipeline.train([Lcom/statnlp/commons/types/Instance;)V+64
j  com.statnlp.util.Pipeline.Train()V+31
j  com.statnlp.util.Pipeline$$Lambda$1.run()V+4
j  com.statnlp.util.Pipeline.execute()V+59
j  com.statnlp.example.LinearCRFMain.runPipeline([Ljava/lang/String;)V+127
j  com.statnlp.example.LinearCRFMain.main([Ljava/lang/String;)V+1
v  ~StubRoutines::call_stub
V  [libjvm.so+0x691d16]  JavaCalls::call_helper(JavaValue*, methodHandle*, JavaCallArguments*, Thread*)+0x1056
V  [libjvm.so+0x6d3132]  jni_invoke_static(JNIEnv_*, JavaValue*, _jobject*, JNICallType, _jmethodID*, JNI_ArgumentPusher*, Thread*)+0x362
V  [libjvm.so+0x6ef99a]  jni_CallStaticVoidMethod+0x17a
C  [libjli.so+0x7bdf]  JavaMain+0x81f
C  [libpthread.so.0+0x76ba]  start_thread+0xca

Java frames: (J=compiled Java code, j=interpreted, Vv=VM code)
j  sun.misc.Unsafe.putDouble(JD)V+0
j  com.statnlp.hybridnetworks.GlobalNetworkParam.setCount(ID)V+14
j  com.statnlp.hybridnetworks.GlobalNetworkParam.resetCountsAndObj()V+38
j  com.statnlp.hybridnetworks.GlobalNetworkParam.lockIt(Z)V+251
j  com.statnlp.hybridnetworks.GlobalNetworkParam.lockIt()V+2
j  com.statnlp.hybridnetworks.NetworkModel.train([Lcom/statnlp/commons/types/Instance;II)V+191
j  com.statnlp.hybridnetworks.NetworkModel.train([Lcom/statnlp/commons/types/Instance;I)V+5
j  com.statnlp.util.GenericPipeline.train([Lcom/statnlp/commons/types/Instance;)V+64
j  com.statnlp.util.Pipeline.Train()V+31
j  com.statnlp.util.Pipeline$$Lambda$1.run()V+4
j  com.statnlp.util.Pipeline.execute()V+59
j  com.statnlp.example.LinearCRFMain.runPipeline([Ljava/lang/String;)V+127
j  com.statnlp.example.LinearCRFMain.main([Ljava/lang/String;)V+1
v  ~StubRoutines::call_stub

---------------  P R O C E S S  ---------------

Java Threads: ( => current thread )
  0x00007f7f7c0dc800 JavaThread "Service Thread" daemon [_thread_blocked, id=3684, stack(0x00007f7f69099000,0x00007f7f6919a000)]
  0x00007f7f7c0bf000 JavaThread "C1 CompilerThread2" daemon [_thread_blocked, id=3683, stack(0x00007f7f6919a000,0x00007f7f6929b000)]
  0x00007f7f7c0bd800 JavaThread "C2 CompilerThread1" daemon [_thread_in_native, id=3682, stack(0x00007f7f6929b000,0x00007f7f6939c000)]
  0x00007f7f7c0ba800 JavaThread "C2 CompilerThread0" daemon [_thread_in_native, id=3681, stack(0x00007f7f6939c000,0x00007f7f6949d000)]
  0x00007f7f7c0b9000 JavaThread "Signal Dispatcher" daemon [_thread_blocked, id=3680, stack(0x00007f7f6949d000,0x00007f7f6959e000)]
  0x00007f7f7c085800 JavaThread "Finalizer" daemon [_thread_blocked, id=3679, stack(0x00007f7f699f7000,0x00007f7f69af8000)]
  0x00007f7f7c081000 JavaThread "Reference Handler" daemon [_thread_blocked, id=3678, stack(0x00007f7f69af8000,0x00007f7f69bf9000)]
=>0x00007f7f7c00b800 JavaThread "main" [_thread_in_vm, id=3668, stack(0x00007f7f827c1000,0x00007f7f828c2000)]

Other Threads:
  0x00007f7f7c079800 VMThread [stack: 0x00007f7f69bf9000,0x00007f7f69cfa000] [id=3677]
  0x00007f7f7c0df800 WatcherThread [stack: 0x00007f7f68f98000,0x00007f7f69099000] [id=3685]

VM state:not at safepoint (normal execution)

VM Mutex/Monitor currently owned by a thread: None

Heap:
 PSYoungGen      total 477184K, used 9165K [0x00000000d7d00000, 0x00000000f7c00000, 0x0000000100000000)
  eden space 435712K, 2% used [0x00000000d7d00000,0x00000000d85f3648,0x00000000f2680000)
  from space 41472K, 0% used [0x00000000f5080000,0x00000000f5080000,0x00000000f7900000)
  to   space 43008K, 0% used [0x00000000f2680000,0x00000000f2680000,0x00000000f5080000)
 ParOldGen       total 83456K, used 83077K [0x0000000087600000, 0x000000008c780000, 0x00000000d7d00000)
  object space 83456K, 99% used [0x0000000087600000,0x000000008c721668,0x000000008c780000)
 Metaspace       used 12557K, capacity 12778K, committed 12928K, reserved 1060864K
  class space    used 1508K, capacity 1580K, committed 1664K, reserved 1048576K

Card table byte_map: [0x00007f7f6c028000,0x00007f7f6c3ee000] byte_map_base: 0x00007f7f6bbed000

Marking Bits: (ParMarkBitMap*) 0x00007f7f81c88f60
 Begin Bits: [0x00007f7f603b0000, 0x00007f7f621d8000)
 End Bits:   [0x00007f7f621d8000, 0x00007f7f64000000)

Polling page: 0x00007f7f828d9000

CodeCache: size=245760Kb used=5148Kb max_used=5157Kb free=240611Kb
 bounds [0x00007f7f6c7ae000, 0x00007f7f6ccbe000, 0x00007f7f7b7ae000]
 total_blobs=1687 nmethods=1299 adapters=300
 compilation: enabled

Compilation events (10 events):
Event: 3.747 Thread 0x00007f7f7c0bd800 nmethod 1285 0x00007f7f6cca9b90 code [0x00007f7f6cca9d00, 0x00007f7f6cca9e38]
Event: 3.747 Thread 0x00007f7f7c0bf000 1314       3       java.util.Random::next (47 bytes)
Event: 3.747 Thread 0x00007f7f7c0bd800 1309 %     4       gnu.trove.map.hash.TIntIntHashMap::keys @ 24 (56 bytes)
Event: 3.748 Thread 0x00007f7f7c0bf000 nmethod 1314 0x00007f7f6cca9410 code [0x00007f7f6cca9580, 0x00007f7f6cca9990]
Event: 3.748 Thread 0x00007f7f7c0bf000 1315       3       java.util.Random::nextDouble (24 bytes)
Event: 3.748 Thread 0x00007f7f7c0bf000 nmethod 1315 0x00007f7f6ccb10d0 code [0x00007f7f6ccb1260, 0x00007f7f6ccb1458]
Event: 3.748 Thread 0x00007f7f7c0bf000 1316       1       java.util.concurrent.atomic.AtomicLong::get (5 bytes)
Event: 3.748 Thread 0x00007f7f7c0bf000 nmethod 1316 0x00007f7f6ccb0e10 code [0x00007f7f6ccb0f60, 0x00007f7f6ccb1070]
Event: 3.748 Thread 0x00007f7f7c0bf000 1317       1       java.util.concurrent.atomic.AtomicLong::compareAndSet (13 bytes)
Event: 3.748 Thread 0x00007f7f7c0bf000 nmethod 1317 0x00007f7f6ccb0b50 code [0x00007f7f6ccb0ca0, 0x00007f7f6ccb0dd0]

GC Heap History (10 events):
Event: 2.760 GC heap before
{Heap before GC invocations=9 (full 1):
 PSYoungGen      total 130048K, used 130048K [0x00000000d7d00000, 0x00000000e8300000, 0x0000000100000000)
  eden space 113152K, 100% used [0x00000000d7d00000,0x00000000deb80000,0x00000000deb80000)
  from space 16896K, 100% used [0x00000000deb80000,0x00000000dfc00000,0x00000000dfc00000)
  to   space 20992K, 0% used [0x00000000e6e80000,0x00000000e6e80000,0x00000000e8300000)
 ParOldGen       total 83456K, used 26246K [0x0000000087600000, 0x000000008c780000, 0x00000000d7d00000)
  object space 83456K, 31% used [0x0000000087600000,0x0000000088fa18a0,0x000000008c780000)
 Metaspace       used 12535K, capacity 12720K, committed 12928K, reserved 1060864K
  class space    used 1505K, capacity 1581K, committed 1664K, reserved 1048576K
Event: 2.798 GC heap after
Heap after GC invocations=9 (full 1):
 PSYoungGen      total 239616K, used 20992K [0x00000000d7d00000, 0x00000000e9200000, 0x0000000100000000)
  eden space 218624K, 0% used [0x00000000d7d00000,0x00000000d7d00000,0x00000000e5280000)
  from space 20992K, 100% used [0x00000000e6e80000,0x00000000e8300000,0x00000000e8300000)
  to   space 28672K, 0% used [0x00000000e5280000,0x00000000e5280000,0x00000000e6e80000)
 ParOldGen       total 83456K, used 35742K [0x0000000087600000, 0x000000008c780000, 0x00000000d7d00000)
  object space 83456K, 42% used [0x0000000087600000,0x00000000898e78a0,0x000000008c780000)
 Metaspace       used 12535K, capacity 12720K, committed 12928K, reserved 1060864K
  class space    used 1505K, capacity 1581K, committed 1664K, reserved 1048576K
}
Event: 3.093 GC heap before
{Heap before GC invocations=10 (full 1):
 PSYoungGen      total 239616K, used 239616K [0x00000000d7d00000, 0x00000000e9200000, 0x0000000100000000)
  eden space 218624K, 100% used [0x00000000d7d00000,0x00000000e5280000,0x00000000e5280000)
  from space 20992K, 100% used [0x00000000e6e80000,0x00000000e8300000,0x00000000e8300000)
  to   space 28672K, 0% used [0x00000000e5280000,0x00000000e5280000,0x00000000e6e80000)
 ParOldGen       total 83456K, used 35742K [0x0000000087600000, 0x000000008c780000, 0x00000000d7d00000)
  object space 83456K, 42% used [0x0000000087600000,0x00000000898e78a0,0x000000008c780000)
 Metaspace       used 12538K, capacity 12720K, committed 12928K, reserved 1060864K
  class space    used 1505K, capacity 1581K, committed 1664K, reserved 1048576K
Event: 3.148 GC heap after
Heap after GC invocations=10 (full 1):
 PSYoungGen      total 247296K, used 28672K [0x00000000d7d00000, 0x00000000f7900000, 0x0000000100000000)
  eden space 218624K, 0% used [0x00000000d7d00000,0x00000000d7d00000,0x00000000e5280000)
  from space 28672K, 100% used [0x00000000e5280000,0x00000000e6e80000,0x00000000e6e80000)
  to   space 41472K, 0% used [0x00000000f5080000,0x00000000f5080000,0x00000000f7900000)
 ParOldGen       total 83456K, used 54478K [0x0000000087600000, 0x000000008c780000, 0x00000000d7d00000)
  object space 83456K, 65% used [0x0000000087600000,0x000000008ab338a0,0x000000008c780000)
 Metaspace       used 12538K, capacity 12720K, committed 12928K, reserved 1060864K
  class space    used 1505K, capacity 1581K, committed 1664K, reserved 1048576K
}
Event: 3.203 GC heap before
{Heap before GC invocations=11 (full 1):
 PSYoungGen      total 247296K, used 67024K [0x00000000d7d00000, 0x00000000f7900000, 0x0000000100000000)
  eden space 218624K, 17% used [0x00000000d7d00000,0x00000000da274368,0x00000000e5280000)
  from space 28672K, 100% used [0x00000000e5280000,0x00000000e6e80000,0x00000000e6e80000)
  to   space 41472K, 0% used [0x00000000f5080000,0x00000000f5080000,0x00000000f7900000)
 ParOldGen       total 83456K, used 54478K [0x0000000087600000, 0x000000008c780000, 0x00000000d7d00000)
  object space 83456K, 65% used [0x0000000087600000,0x000000008ab338a0,0x000000008c780000)
 Metaspace       used 12557K, capacity 12720K, committed 12928K, reserved 1060864K
  class space    used 1509K, capacity 1581K, committed 1664K, reserved 1048576K
Event: 3.257 GC heap after
Heap after GC invocations=11 (full 1):
 PSYoungGen      total 477184K, used 27871K [0x00000000d7d00000, 0x00000000f7c00000, 0x0000000100000000)
  eden space 435712K, 0% used [0x00000000d7d00000,0x00000000d7d00000,0x00000000f2680000)
  from space 41472K, 67% used [0x00000000f5080000,0x00000000f6bb7e30,0x00000000f7900000)
  to   space 43008K, 0% used [0x00000000f2680000,0x00000000f2680000,0x00000000f5080000)
 ParOldGen       total 83456K, used 60582K [0x0000000087600000, 0x000000008c780000, 0x00000000d7d00000)
  object space 83456K, 72% used [0x0000000087600000,0x000000008b1298a0,0x000000008c780000)
 Metaspace       used 12557K, capacity 12720K, committed 12928K, reserved 1060864K
  class space    used 1509K, capacity 1581K, committed 1664K, reserved 1048576K
}
Event: 3.257 GC heap before
{Heap before GC invocations=12 (full 2):
 PSYoungGen      total 477184K, used 27871K [0x00000000d7d00000, 0x00000000f7c00000, 0x0000000100000000)
  eden space 435712K, 0% used [0x00000000d7d00000,0x00000000d7d00000,0x00000000f2680000)
  from space 41472K, 67% used [0x00000000f5080000,0x00000000f6bb7e30,0x00000000f7900000)
  to   space 43008K, 0% used [0x00000000f2680000,0x00000000f2680000,0x00000000f5080000)
 ParOldGen       total 83456K, used 60582K [0x0000000087600000, 0x000000008c780000, 0x00000000d7d00000)
  object space 83456K, 72% used [0x0000000087600000,0x000000008b1298a0,0x000000008c780000)
 Metaspace       used 12557K, capacity 12720K, committed 12928K, reserved 1060864K
  class space    used 1509K, capacity 1581K, committed 1664K, reserved 1048576K
Event: 3.585 GC heap after
Heap after GC invocations=12 (full 2):
 PSYoungGen      total 477184K, used 3192K [0x00000000d7d00000, 0x00000000f7c00000, 0x0000000100000000)
  eden space 435712K, 0% used [0x00000000d7d00000,0x00000000d7d00000,0x00000000f2680000)
  from space 41472K, 7% used [0x00000000f5080000,0x00000000f539e140,0x00000000f7900000)
  to   space 43008K, 0% used [0x00000000f2680000,0x00000000f2680000,0x00000000f5080000)
 ParOldGen       total 83456K, used 83077K [0x0000000087600000, 0x000000008c780000, 0x00000000d7d00000)
  object space 83456K, 99% used [0x0000000087600000,0x000000008c7217a8,0x000000008c780000)
 Metaspace       used 12553K, capacity 12714K, committed 12928K, reserved 1060864K
  class space    used 1508K, capacity 1580K, committed 1664K, reserved 1048576K
}
Event: 3.589 GC heap before
{Heap before GC invocations=13 (full 3):
 PSYoungGen      total 477184K, used 8779K [0x00000000d7d00000, 0x00000000f7c00000, 0x0000000100000000)
  eden space 435712K, 1% used [0x00000000d7d00000,0x00000000d8274eb8,0x00000000f2680000)
  from space 41472K, 7% used [0x00000000f5080000,0x00000000f539e140,0x00000000f7900000)
  to   space 43008K, 0% used [0x00000000f2680000,0x00000000f2680000,0x00000000f5080000)
 ParOldGen       total 83456K, used 83077K [0x0000000087600000, 0x000000008c780000, 0x00000000d7d00000)
  object space 83456K, 99% used [0x0000000087600000,0x000000008c7217a8,0x000000008c780000)
 Metaspace       used 12555K, capacity 12778K, committed 12928K, reserved 1060864K
  class space    used 1508K, capacity 1580K, committed 1664K, reserved 1048576K
Event: 3.744 GC heap after
Heap after GC invocations=13 (full 3):
 PSYoungGen      total 477184K, used 3577K [0x00000000d7d00000, 0x00000000f7c00000, 0x0000000100000000)
  eden space 435712K, 0% used [0x00000000d7d00000,0x00000000d807e790,0x00000000f2680000)
  from space 41472K, 0% used [0x00000000f5080000,0x00000000f5080000,0x00000000f7900000)
  to   space 43008K, 0% used [0x00000000f2680000,0x00000000f2680000,0x00000000f5080000)
 ParOldGen       total 83456K, used 83077K [0x0000000087600000, 0x000000008c780000, 0x00000000d7d00000)
  object space 83456K, 99% used [0x0000000087600000,0x000000008c721668,0x000000008c780000)
 Metaspace       used 12555K, capacity 12778K, committed 12928K, reserved 1060864K
  class space    used 1508K, capacity 1580K, committed 1664K, reserved 1048576K
}

Deoptimization events (10 events):
Event: 2.884 Thread 0x00007f7f7c672000 Uncommon trap: reason=unstable_if action=reinterpret pc=0x00007f7f6cc31c40 method=gnu.trove.impl.hash.TObjectHash.indexRehashed(Ljava/lang/Object;IILjava/lang/Object;)I @ 67
Event: 2.884 Thread 0x00007f7f7c672000 Uncommon trap: reason=unstable_if action=reinterpret pc=0x00007f7f6cc34bf4 method=gnu.trove.impl.hash.TObjectHash.indexRehashed(Ljava/lang/Object;IILjava/lang/Object;)I @ 67
Event: 2.884 Thread 0x00007f7f7c672000 Uncommon trap: reason=unstable_if action=reinterpret pc=0x00007f7f6cc3ca84 method=gnu.trove.impl.hash.TObjectHash.indexRehashed(Ljava/lang/Object;IILjava/lang/Object;)I @ 67
Event: 2.887 Thread 0x00007f7f7c674800 Uncommon trap: reason=unstable_if action=reinterpret pc=0x00007f7f6cc6414c method=com.statnlp.example.linear_crf.LinearCRFFeatureManager.extract_helper(Lcom/statnlp/hybridnetworks/Network;I[II)Lcom/statnlp/hybridnetworks/FeatureArray; @ 189
Event: 3.188 Thread 0x00007f7f7c00b800 Uncommon trap: reason=unstable_if action=reinterpret pc=0x00007f7f6cbbb830 method=gnu.trove.impl.hash.TIntHash.index(I)I @ 57
Event: 3.585 Thread 0x00007f7f7c00b800 Uncommon trap: reason=bimorphic action=maybe_recompile pc=0x00007f7f6cb3d5f8 method=java.util.regex.Pattern$Start.match(Ljava/util/regex/Matcher;ILjava/lang/CharSequence;)Z @ 44
Event: 3.586 Thread 0x00007f7f7c00b800 Uncommon trap: reason=class_check action=maybe_recompile pc=0x00007f7f6cbb4e30 method=java.lang.Character.codePointAt(Ljava/lang/CharSequence;I)I @ 2
Event: 3.586 Thread 0x00007f7f7c00b800 Uncommon trap: reason=class_check action=maybe_recompile pc=0x00007f7f6cbb4e30 method=java.lang.Character.codePointAt(Ljava/lang/CharSequence;I)I @ 2
Event: 3.745 Thread 0x00007f7f7c00b800 Uncommon trap: reason=class_check action=maybe_recompile pc=0x00007f7f6cbb4e30 method=java.lang.Character.codePointAt(Ljava/lang/CharSequence;I)I @ 2
Event: 3.745 Thread 0x00007f7f7c00b800 Uncommon trap: reason=class_check action=maybe_recompile pc=0x00007f7f6cbb4e30 method=java.lang.Character.codePointAt(Ljava/lang/CharSequence;I)I @ 2

Internal exceptions (10 events):
Event: 0.150 Thread 0x00007f7f7c00b800 Exception <a 'java/security/PrivilegedActionException'> (0x00000000d81fd8f0) thrown at [/HUDSON/workspace/8-2-build-linux-amd64/jdk8u131/8869/hotspot/src/share/vm/prims/jvm.cpp, line 1390]
Event: 0.153 Thread 0x00007f7f7c00b800 Exception <a 'java/security/PrivilegedActionException'> (0x00000000d820e560) thrown at [/HUDSON/workspace/8-2-build-linux-amd64/jdk8u131/8869/hotspot/src/share/vm/prims/jvm.cpp, line 1390]
Event: 0.153 Thread 0x00007f7f7c00b800 Exception <a 'java/security/PrivilegedActionException'> (0x00000000d820e770) thrown at [/HUDSON/workspace/8-2-build-linux-amd64/jdk8u131/8869/hotspot/src/share/vm/prims/jvm.cpp, line 1390]
Event: 0.153 Thread 0x00007f7f7c00b800 Exception <a 'java/security/PrivilegedActionException'> (0x00000000d820f7f8) thrown at [/HUDSON/workspace/8-2-build-linux-amd64/jdk8u131/8869/hotspot/src/share/vm/prims/jvm.cpp, line 1390]
Event: 0.153 Thread 0x00007f7f7c00b800 Exception <a 'java/security/PrivilegedActionException'> (0x00000000d820fa08) thrown at [/HUDSON/workspace/8-2-build-linux-amd64/jdk8u131/8869/hotspot/src/share/vm/prims/jvm.cpp, line 1390]
Event: 0.436 Thread 0x00007f7f7c00b800 Exception <a 'java/lang/ArrayIndexOutOfBoundsException': 18> (0x00000000d90d1950) thrown at [/HUDSON/workspace/8-2-build-linux-amd64/jdk8u131/8869/hotspot/src/share/vm/interpreter/interpreterRuntime.cpp, line 366]
Event: 0.436 Thread 0x00007f7f7c00b800 Exception <a 'java/lang/ArrayIndexOutOfBoundsException': 110> (0x00000000d90d2ea8) thrown at [/HUDSON/workspace/8-2-build-linux-amd64/jdk8u131/8869/hotspot/src/share/vm/interpreter/interpreterRuntime.cpp, line 366]
Event: 0.558 Thread 0x00007f7f7c00b800 Exception <a 'java/lang/NoSuchFieldError': method resolution failed> (0x00000000d954aba0) thrown at [/HUDSON/workspace/8-2-build-linux-amd64/jdk8u131/8869/hotspot/src/share/vm/prims/methodHandles.cpp, line 1146]
Event: 0.559 Thread 0x00007f7f7c00b800 Exception <a 'java/lang/NoSuchFieldError': method resolution failed> (0x00000000d9557e90) thrown at [/HUDSON/workspace/8-2-build-linux-amd64/jdk8u131/8869/hotspot/src/share/vm/prims/methodHandles.cpp, line 1146]
Event: 2.370 Thread 0x00007f7f7c674800 Implicit null exception at 0x00007f7f6cc2cd21 to 0x00007f7f6cc2d371

Events (10 events):
Event: 3.586 Thread 0x00007f7f7c00b800 DEOPT PACKING pc=0x00007f7f6cbb4e30 sp=0x00007f7f828bfaa0
Event: 3.586 Thread 0x00007f7f7c00b800 DEOPT UNPACKING pc=0x00007f7f6c7b3229 sp=0x00007f7f828bfa08 mode 2
Event: 3.589 Executing VM operation: ParallelGCSystemGC
Event: 3.744 Executing VM operation: ParallelGCSystemGC done
Event: 3.745 Thread 0x00007f7f7c00b800 Uncommon trap: trap_request=0xffffffde fr.pc=0x00007f7f6cbb4e30
Event: 3.745 Thread 0x00007f7f7c00b800 DEOPT PACKING pc=0x00007f7f6cbb4e30 sp=0x00007f7f828bfd30
Event: 3.745 Thread 0x00007f7f7c00b800 DEOPT UNPACKING pc=0x00007f7f6c7b3229 sp=0x00007f7f828bfc98 mode 2
Event: 3.745 Thread 0x00007f7f7c00b800 Uncommon trap: trap_request=0xffffffde fr.pc=0x00007f7f6cbb4e30
Event: 3.745 Thread 0x00007f7f7c00b800 DEOPT PACKING pc=0x00007f7f6cbb4e30 sp=0x00007f7f828bfaa0
Event: 3.745 Thread 0x00007f7f7c00b800 DEOPT UNPACKING pc=0x00007f7f6c7b3229 sp=0x00007f7f828bfa08 mode 2


Dynamic libraries:
00400000-00401000 r-xp 00000000 08:01 56237226                           /usr/lib/jvm/java-8-oracle/bin/java
00600000-00601000 rw-p 00000000 08:01 56237226                           /usr/lib/jvm/java-8-oracle/bin/java
00dc3000-00de4000 rw-p 00000000 00:00 0                                  [heap]
87600000-8c780000 rw-p 00000000 00:00 0 
8c780000-d7d00000 ---p 00000000 00:00 0 
d7d00000-f7c00000 rw-p 00000000 00:00 0 
f7c00000-100000000 ---p 00000000 00:00 0 
100000000-1001a0000 rw-p 00000000 00:00 0 
1001a0000-140000000 ---p 00000000 00:00 0 
7f7f1c000000-7f7f1c021000 rw-p 00000000 00:00 0 
7f7f1c021000-7f7f20000000 ---p 00000000 00:00 0 
7f7f20000000-7f7f20021000 rw-p 00000000 00:00 0 
7f7f20021000-7f7f24000000 ---p 00000000 00:00 0 
7f7f24000000-7f7f24021000 rw-p 00000000 00:00 0 
7f7f24021000-7f7f28000000 ---p 00000000 00:00 0 
7f7f28000000-7f7f28021000 rw-p 00000000 00:00 0 
7f7f28021000-7f7f2c000000 ---p 00000000 00:00 0 
7f7f2c000000-7f7f2c021000 rw-p 00000000 00:00 0 
7f7f2c021000-7f7f30000000 ---p 00000000 00:00 0 
7f7f30000000-7f7f30021000 rw-p 00000000 00:00 0 
7f7f30021000-7f7f34000000 ---p 00000000 00:00 0 
7f7f34000000-7f7f351a1000 rw-p 00000000 00:00 0 
7f7f351a1000-7f7f38000000 ---p 00000000 00:00 0 
7f7f38000000-7f7f386cd000 rw-p 00000000 00:00 0 
7f7f386cd000-7f7f3c000000 ---p 00000000 00:00 0 
7f7f3c000000-7f7f3c021000 rw-p 00000000 00:00 0 
7f7f3c021000-7f7f40000000 ---p 00000000 00:00 0 
7f7f40000000-7f7f41181000 rw-p 00000000 00:00 0 
7f7f41181000-7f7f44000000 ---p 00000000 00:00 0 
7f7f44000000-7f7f44021000 rw-p 00000000 00:00 0 
7f7f44021000-7f7f48000000 ---p 00000000 00:00 0 
7f7f48000000-7f7f48021000 rw-p 00000000 00:00 0 
7f7f48021000-7f7f4c000000 ---p 00000000 00:00 0 
7f7f4c000000-7f7f4c021000 rw-p 00000000 00:00 0 
7f7f4c021000-7f7f50000000 ---p 00000000 00:00 0 
7f7f50000000-7f7f50021000 rw-p 00000000 00:00 0 
7f7f50021000-7f7f54000000 ---p 00000000 00:00 0 
7f7f54000000-7f7f54021000 rw-p 00000000 00:00 0 
7f7f54021000-7f7f58000000 ---p 00000000 00:00 0 
7f7f5baf5000-7f7f5baf8000 ---p 00000000 00:00 0 
7f7f5baf8000-7f7f5bbf6000 rw-p 00000000 00:00 0 
7f7f5bbf6000-7f7f5bbf9000 ---p 00000000 00:00 0 
7f7f5bbf9000-7f7f5bcf7000 rw-p 00000000 00:00 0 
7f7f5bcf7000-7f7f5bcfa000 ---p 00000000 00:00 0 
7f7f5bcfa000-7f7f5bdf8000 rw-p 00000000 00:00 0 
7f7f5bdf8000-7f7f5bdff000 r-xp 00000000 08:01 56362018                   /usr/local/lib/liblbfgs-1.10.so
7f7f5bdff000-7f7f5bffe000 ---p 00007000 08:01 56362018                   /usr/local/lib/liblbfgs-1.10.so
7f7f5bffe000-7f7f5bfff000 r--p 00006000 08:01 56362018                   /usr/local/lib/liblbfgs-1.10.so
7f7f5bfff000-7f7f5c000000 rw-p 00007000 08:01 56362018                   /usr/local/lib/liblbfgs-1.10.so
7f7f5c000000-7f7f5c021000 rw-p 00000000 00:00 0 
7f7f5c021000-7f7f60000000 ---p 00000000 00:00 0 
7f7f600ac000-7f7f600af000 ---p 00000000 00:00 0 
7f7f600af000-7f7f601ad000 rw-p 00000000 00:00 0 
7f7f601ad000-7f7f601af000 r-xp 00000000 08:01 25429985                   /home/roozbeh/Documents/statnlp-core_2/target/optimizer.so
7f7f601af000-7f7f603ae000 ---p 00002000 08:01 25429985                   /home/roozbeh/Documents/statnlp-core_2/target/optimizer.so
7f7f603ae000-7f7f603af000 r--p 00001000 08:01 25429985                   /home/roozbeh/Documents/statnlp-core_2/target/optimizer.so
7f7f603af000-7f7f603b0000 rw-p 00002000 08:01 25429985                   /home/roozbeh/Documents/statnlp-core_2/target/optimizer.so
7f7f603b0000-7f7f64000000 rw-p 00000000 00:00 0 
7f7f64000000-7f7f64021000 rw-p 00000000 00:00 0 
7f7f64021000-7f7f68000000 ---p 00000000 00:00 0 
7f7f680cb000-7f7f681cb000 rw-p 00000000 00:00 0 
7f7f681cb000-7f7f682cb000 ---p 00000000 00:00 0 
7f7f682cb000-7f7f682dc000 r-xp 00000000 08:01 56888666                   /usr/lib/jvm/java-8-oracle/jre/lib/amd64/libnio.so
7f7f682dc000-7f7f684db000 ---p 00011000 08:01 56888666                   /usr/lib/jvm/java-8-oracle/jre/lib/amd64/libnio.so
7f7f684db000-7f7f684dc000 rw-p 00010000 08:01 56888666                   /usr/lib/jvm/java-8-oracle/jre/lib/amd64/libnio.so
7f7f684dc000-7f7f686dc000 rw-p 00000000 00:00 0 
7f7f686dc000-7f7f686f7000 r--s 001d3000 08:01 56888515                   /usr/lib/jvm/java-8-oracle/jre/lib/ext/nashorn.jar
7f7f686f7000-7f7f689f8000 rw-p 00000000 00:00 0 
7f7f689f8000-7f7f68a0e000 r-xp 00000000 08:01 56888663                   /usr/lib/jvm/java-8-oracle/jre/lib/amd64/libnet.so
7f7f68a0e000-7f7f68c0e000 ---p 00016000 08:01 56888663                   /usr/lib/jvm/java-8-oracle/jre/lib/amd64/libnet.so
7f7f68c0e000-7f7f68c0f000 rw-p 00016000 08:01 56888663                   /usr/lib/jvm/java-8-oracle/jre/lib/amd64/libnet.so
7f7f68c0f000-7f7f68c18000 r-xp 00000000 08:01 56888671                   /usr/lib/jvm/java-8-oracle/jre/lib/amd64/libmanagement.so
7f7f68c18000-7f7f68e17000 ---p 00009000 08:01 56888671                   /usr/lib/jvm/java-8-oracle/jre/lib/amd64/libmanagement.so
7f7f68e17000-7f7f68e18000 rw-p 00008000 08:01 56888671                   /usr/lib/jvm/java-8-oracle/jre/lib/amd64/libmanagement.so
7f7f68e18000-7f7f68e1c000 r--s 0001f000 08:01 22285071                   /home/roozbeh/.m2/repository/com/nebula2d/jnlua/1.0.4/jnlua-1.0.4.jar
7f7f68e1c000-7f7f68e1f000 r--s 00019000 08:01 22285069                   /home/roozbeh/.m2/repository/org/freehep/freehep-graphicsio-tests/2.1.3/freehep-graphicsio-tests-2.1.3.jar
7f7f68e1f000-7f7f68e22000 r--s 00010000 08:01 22285067                   /home/roozbeh/.m2/repository/org/freehep/freehep-graphicsio-pdf/2.1.3/freehep-graphicsio-pdf-2.1.3.jar
7f7f68e22000-7f7f68e24000 r--s 0001d000 08:01 22285065                   /home/roozbeh/.m2/repository/org/freehep/freehep-graphics2d/2.1.3/freehep-graphics2d-2.1.3.jar
7f7f68e24000-7f7f68e26000 r--s 0000e000 08:01 22285063                   /home/roozbeh/.m2/repository/org/freehep/freehep-graphics-base/2.1.3/freehep-graphics-base-2.1.3.jar
7f7f68e26000-7f7f68e28000 r--s 0000f000 08:01 22285061                   /home/roozbeh/.m2/repository/org/freehep/freehep-io/2.0.5/freehep-io-2.0.5.jar
7f7f68e28000-7f7f68e2c000 r--s 0002a000 08:01 22285059                   /home/roozbeh/.m2/repository/org/freehep/freehep-graphicsio/2.1.3/freehep-graphicsio-2.1.3.jar
7f7f68e2c000-7f7f68e38000 r--s 00076000 08:01 22285057                   /home/roozbeh/.m2/repository/net/sourceforge/collections/collections-generic/4.01/collections-generic-4.01.jar
7f7f68e38000-7f7f68e3a000 r--s 0000e000 08:01 22285055                   /home/roozbeh/.m2/repository/net/sf/jung/jung-graph-impl/2.0.1/jung-graph-impl-2.0.1.jar
7f7f68e3a000-7f7f68e41000 r--s 00028000 08:01 22285053                   /home/roozbeh/.m2/repository/concurrent/concurrent/1.3.4/concurrent-1.3.4.jar
7f7f68e41000-7f7f68e4f000 r--s 00081000 08:01 22285051                   /home/roozbeh/.m2/repository/colt/colt/1.2.0/colt-1.2.0.jar
7f7f68e4f000-7f7f68e54000 r--s 00034000 08:01 22285049                   /home/roozbeh/.m2/repository/net/sf/jung/jung-algorithms/2.0.1/jung-algorithms-2.0.1.jar
7f7f68e54000-7f7f68e57000 r--s 00008000 08:01 22285047                   /home/roozbeh/.m2/repository/net/sf/jung/jung-api/2.0.1/jung-api-2.0.1.jar
7f7f68e57000-7f7f68e5f000 r--s 00048000 08:01 22285045                   /home/roozbeh/.m2/repository/net/sf/jung/jung-visualization/2.0.1/jung-visualization-2.0.1.jar
7f7f68e5f000-7f7f68e64000 r--s 00024000 08:01 22285043                   /home/roozbeh/.m2/repository/org/ejml/ejml-simple/0.31/ejml-simple-0.31.jar
7f7f68e64000-7f7f68e66000 r--s 00011000 08:01 22285039                   /home/roozbeh/.m2/repository/org/ejml/ejml-zdense/0.31/ejml-zdense-0.31.jar
7f7f68e66000-7f7f68e68000 r--s 00011000 08:01 22285037                   /home/roozbeh/.m2/repository/org/ejml/ejml-cdense/0.31/ejml-cdense-0.31.jar
7f7f68e68000-7f7f68e6d000 r--s 00045000 08:01 22285035                   /home/roozbeh/.m2/repository/org/ejml/ejml-ddense/0.31/ejml-ddense-0.31.jar
7f7f68e6d000-7f7f68e72000 r--s 00045000 08:01 22285033                   /home/roozbeh/.m2/repository/org/ejml/ejml-fdense/0.31/ejml-fdense-0.31.jar
7f7f68e72000-7f7f68e76000 r--s 0001e000 08:01 22285031                   /home/roozbeh/.m2/repository/org/ejml/ejml-core/0.31/ejml-core-0.31.jar
7f7f68e76000-7f7f68e87000 r--s 000cf000 08:01 22285027                   /home/roozbeh/.m2/repository/com/fasterxml/jackson/core/jackson-databind/2.3.2/jackson-databind-2.3.2.jar
7f7f68e87000-7f7f68e8a000 r--s 0002e000 08:01 22285025                   /home/roozbeh/.m2/repository/com/fasterxml/jackson/core/jackson-core/2.3.2/jackson-core-2.3.2.jar
7f7f68e8a000-7f7f68e8e000 r--s 00015000 08:01 22285021                   /home/roozbeh/.m2/repository/org/joda/joda-convert/1.6/joda-convert-1.6.jar
7f7f68e8e000-7f7f68e9d000 r--s 0007f000 08:01 22285019                   /home/roozbeh/.m2/repository/joda-time/joda-time/2.3/joda-time-2.3.jar
7f7f68e9d000-7f7f68ea6000 r--s 00053000 08:01 22284960                   /home/roozbeh/.m2/repository/com/typesafe/play/play-functional_2.11/2.3.4/play-functional_2.11-2.3.4.jar
7f7f68ea6000-7f7f68eaf000 r--s 00091000 08:01 22285015                   /home/roozbeh/.m2/repository/org/scala-stm/scala-stm_2.11/0.7/scala-stm_2.11-0.7.jar
7f7f68eaf000-7f7f68ec1000 r--s 000a1000 08:01 22284554                   /home/roozbeh/.m2/repository/com/typesafe/play/play-iteratees_2.11/2.3.4/play-iteratees_2.11-2.3.4.jar
7f7f68ec1000-7f7f68ecc000 r--s 0008f000 08:01 22284552                   /home/roozbeh/.m2/repository/com/typesafe/play/play-json_2.11/2.3.4/play-json_2.11-2.3.4.jar
7f7f68ecc000-7f7f68f18000 r--s 00412000 08:01 22285013                   /home/roozbeh/.m2/repository/org/scala-lang/scala-reflect/2.11.7/scala-reflect-2.11.7.jar
7f7f68f18000-7f7f68f70000 r--s 00523000 08:01 22285011                   /home/roozbeh/.m2/repository/org/scala-lang/scala-library/2.11.7/scala-library-2.11.7.jar
7f7f68f70000-7f7f68f98000 r--s 00241000 08:01 22285001                   /home/roozbeh/.m2/repository/net/sf/trove4j/trove4j/3.0.3/trove4j-3.0.3.jar
7f7f68f98000-7f7f68f99000 ---p 00000000 00:00 0 
7f7f68f99000-7f7f69099000 rw-p 00000000 00:00 0 
7f7f69099000-7f7f6909c000 ---p 00000000 00:00 0 
7f7f6909c000-7f7f6919a000 rw-p 00000000 00:00 0 
7f7f6919a000-7f7f6919d000 ---p 00000000 00:00 0 
7f7f6919d000-7f7f6929b000 rw-p 00000000 00:00 0 
7f7f6929b000-7f7f6929e000 ---p 00000000 00:00 0 
7f7f6929e000-7f7f6939c000 rw-p 00000000 00:00 0 
7f7f6939c000-7f7f6939f000 ---p 00000000 00:00 0 
7f7f6939f000-7f7f6949d000 rw-p 00000000 00:00 0 
7f7f6949d000-7f7f694a0000 ---p 00000000 00:00 0 
7f7f694a0000-7f7f6959e000 rw-p 00000000 00:00 0 
7f7f6959e000-7f7f699f7000 r--p 00000000 08:01 56232211                   /usr/lib/locale/locale-archive
7f7f699f7000-7f7f699fa000 ---p 00000000 00:00 0 
7f7f699fa000-7f7f69af8000 rw-p 00000000 00:00 0 
7f7f69af8000-7f7f69afb000 ---p 00000000 00:00 0 
7f7f69afb000-7f7f69bf9000 rw-p 00000000 00:00 0 
7f7f69bf9000-7f7f69bfa000 ---p 00000000 00:00 0 
7f7f69bfa000-7f7f6ac8d000 rw-p 00000000 00:00 0 
7f7f6ac8d000-7f7f6ae66000 r--s 03d40000 08:01 56756593                   /usr/lib/jvm/java-8-oracle/jre/lib/rt.jar
7f7f6ae66000-7f7f6baa1000 rw-p 00000000 00:00 0 
7f7f6baa1000-7f7f6baa2000 ---p 00000000 00:00 0 
7f7f6baa2000-7f7f6bba2000 rw-p 00000000 00:00 0 
7f7f6bba2000-7f7f6bba3000 ---p 00000000 00:00 0 
7f7f6bba3000-7f7f6bca3000 rw-p 00000000 00:00 0 
7f7f6bca3000-7f7f6bca4000 ---p 00000000 00:00 0 
7f7f6bca4000-7f7f6bdcd000 rw-p 00000000 00:00 0 
7f7f6bdcd000-7f7f6c028000 ---p 00000000 00:00 0 
7f7f6c028000-7f7f6c051000 rw-p 00000000 00:00 0 
7f7f6c051000-7f7f6c2ab000 ---p 00000000 00:00 0 
7f7f6c2ab000-7f7f6c3ab000 rw-p 00000000 00:00 0 
7f7f6c3ab000-7f7f6c3ed000 ---p 00000000 00:00 0 
7f7f6c3ed000-7f7f6c403000 rw-p 00000000 00:00 0 
7f7f6c403000-7f7f6c7ae000 ---p 00000000 00:00 0 
7f7f6c7ae000-7f7f6ccbe000 rwxp 00000000 00:00 0 
7f7f6ccbe000-7f7f7b7ae000 ---p 00000000 00:00 0 
7f7f7b7ae000-7f7f7b7c8000 r-xp 00000000 08:01 56888659                   /usr/lib/jvm/java-8-oracle/jre/lib/amd64/libzip.so
7f7f7b7c8000-7f7f7b9c8000 ---p 0001a000 08:01 56888659                   /usr/lib/jvm/java-8-oracle/jre/lib/amd64/libzip.so
7f7f7b9c8000-7f7f7b9c9000 rw-p 0001a000 08:01 56888659                   /usr/lib/jvm/java-8-oracle/jre/lib/amd64/libzip.so
7f7f7b9c9000-7f7f7b9d4000 r-xp 00000000 08:01 54525988                   /lib/x86_64-linux-gnu/libnss_files-2.23.so
7f7f7b9d4000-7f7f7bbd3000 ---p 0000b000 08:01 54525988                   /lib/x86_64-linux-gnu/libnss_files-2.23.so
7f7f7bbd3000-7f7f7bbd4000 r--p 0000a000 08:01 54525988                   /lib/x86_64-linux-gnu/libnss_files-2.23.so
7f7f7bbd4000-7f7f7bbd5000 rw-p 0000b000 08:01 54525988                   /lib/x86_64-linux-gnu/libnss_files-2.23.so
7f7f7bbd5000-7f7f7bbdb000 rw-p 00000000 00:00 0 
7f7f7bbdb000-7f7f7bbe6000 r-xp 00000000 08:01 54525991                   /lib/x86_64-linux-gnu/libnss_nis-2.23.so
7f7f7bbe6000-7f7f7bde5000 ---p 0000b000 08:01 54525991                   /lib/x86_64-linux-gnu/libnss_nis-2.23.so
7f7f7bde5000-7f7f7bde6000 r--p 0000a000 08:01 54525991                   /lib/x86_64-linux-gnu/libnss_nis-2.23.so
7f7f7bde6000-7f7f7bde7000 rw-p 0000b000 08:01 54525991                   /lib/x86_64-linux-gnu/libnss_nis-2.23.so
7f7f7bde7000-7f7f7bdfd000 r-xp 00000000 08:01 54525956                   /lib/x86_64-linux-gnu/libnsl-2.23.so
7f7f7bdfd000-7f7f7bffc000 ---p 00016000 08:01 54525956                   /lib/x86_64-linux-gnu/libnsl-2.23.so
7f7f7bffc000-7f7f7bffd000 r--p 00015000 08:01 54525956                   /lib/x86_64-linux-gnu/libnsl-2.23.so
7f7f7bffd000-7f7f7bffe000 rw-p 00016000 08:01 54525956                   /lib/x86_64-linux-gnu/libnsl-2.23.so
7f7f7bffe000-7f7f7c000000 rw-p 00000000 00:00 0 
7f7f7c000000-7f7f7c90e000 rw-p 00000000 00:00 0 
7f7f7c90e000-7f7f80000000 ---p 00000000 00:00 0 
7f7f80000000-7f7f80001000 r--s 00004000 08:01 22285041                   /home/roozbeh/.m2/repository/org/ejml/ejml-dsparse/0.31/ejml-dsparse-0.31.jar
7f7f80001000-7f7f80003000 r--s 00007000 08:01 22285023                   /home/roozbeh/.m2/repository/com/fasterxml/jackson/core/jackson-annotations/2.3.2/jackson-annotations-2.3.2.jar
7f7f80003000-7f7f8001f000 r--s 0013c000 08:01 22284999                   /home/roozbeh/.m2/repository/org/apache/logging/log4j/log4j-core/2.8.2/log4j-core-2.8.2.jar
7f7f8001f000-7f7f8006e000 rw-p 00000000 00:00 0 
7f7f8006e000-7f7f8006f000 ---p 00000000 00:00 0 
7f7f8006f000-7f7f8016f000 rw-p 00000000 00:00 0 
7f7f8016f000-7f7f80177000 r-xp 00000000 08:01 54525997                   /lib/x86_64-linux-gnu/libnss_compat-2.23.so
7f7f80177000-7f7f80376000 ---p 00008000 08:01 54525997                   /lib/x86_64-linux-gnu/libnss_compat-2.23.so
7f7f80376000-7f7f80377000 r--p 00007000 08:01 54525997                   /lib/x86_64-linux-gnu/libnss_compat-2.23.so
7f7f80377000-7f7f80378000 rw-p 00008000 08:01 54525997                   /lib/x86_64-linux-gnu/libnss_compat-2.23.so
7f7f80378000-7f7f803a3000 r-xp 00000000 08:01 56888653                   /usr/lib/jvm/java-8-oracle/jre/lib/amd64/libjava.so
7f7f803a3000-7f7f805a2000 ---p 0002b000 08:01 56888653                   /usr/lib/jvm/java-8-oracle/jre/lib/amd64/libjava.so
7f7f805a2000-7f7f805a4000 rw-p 0002a000 08:01 56888653                   /usr/lib/jvm/java-8-oracle/jre/lib/amd64/libjava.so
7f7f805a4000-7f7f805b1000 r-xp 00000000 08:01 56888658                   /usr/lib/jvm/java-8-oracle/jre/lib/amd64/libverify.so
7f7f805b1000-7f7f807b0000 ---p 0000d000 08:01 56888658                   /usr/lib/jvm/java-8-oracle/jre/lib/amd64/libverify.so
7f7f807b0000-7f7f807b2000 rw-p 0000c000 08:01 56888658                   /usr/lib/jvm/java-8-oracle/jre/lib/amd64/libverify.so
7f7f807b2000-7f7f807b9000 r-xp 00000000 08:01 54525993                   /lib/x86_64-linux-gnu/librt-2.23.so
7f7f807b9000-7f7f809b8000 ---p 00007000 08:01 54525993                   /lib/x86_64-linux-gnu/librt-2.23.so
7f7f809b8000-7f7f809b9000 r--p 00006000 08:01 54525993                   /lib/x86_64-linux-gnu/librt-2.23.so
7f7f809b9000-7f7f809ba000 rw-p 00007000 08:01 54525993                   /lib/x86_64-linux-gnu/librt-2.23.so
7f7f809ba000-7f7f80ac2000 r-xp 00000000 08:01 54526002                   /lib/x86_64-linux-gnu/libm-2.23.so
7f7f80ac2000-7f7f80cc1000 ---p 00108000 08:01 54526002                   /lib/x86_64-linux-gnu/libm-2.23.so
7f7f80cc1000-7f7f80cc2000 r--p 00107000 08:01 54526002                   /lib/x86_64-linux-gnu/libm-2.23.so
7f7f80cc2000-7f7f80cc3000 rw-p 00108000 08:01 54526002                   /lib/x86_64-linux-gnu/libm-2.23.so
7f7f80cc3000-7f7f81992000 r-xp 00000000 08:01 56888636                   /usr/lib/jvm/java-8-oracle/jre/lib/amd64/server/libjvm.so
7f7f81992000-7f7f81b92000 ---p 00ccf000 08:01 56888636                   /usr/lib/jvm/java-8-oracle/jre/lib/amd64/server/libjvm.so
7f7f81b92000-7f7f81c6b000 rw-p 00ccf000 08:01 56888636                   /usr/lib/jvm/java-8-oracle/jre/lib/amd64/server/libjvm.so
7f7f81c6b000-7f7f81cb6000 rw-p 00000000 00:00 0 
7f7f81cb6000-7f7f81e76000 r-xp 00000000 08:01 54530401                   /lib/x86_64-linux-gnu/libc-2.23.so
7f7f81e76000-7f7f82076000 ---p 001c0000 08:01 54530401                   /lib/x86_64-linux-gnu/libc-2.23.so
7f7f82076000-7f7f8207a000 r--p 001c0000 08:01 54530401                   /lib/x86_64-linux-gnu/libc-2.23.so
7f7f8207a000-7f7f8207c000 rw-p 001c4000 08:01 54530401                   /lib/x86_64-linux-gnu/libc-2.23.so
7f7f8207c000-7f7f82080000 rw-p 00000000 00:00 0 
7f7f82080000-7f7f82083000 r-xp 00000000 08:01 54525996                   /lib/x86_64-linux-gnu/libdl-2.23.so
7f7f82083000-7f7f82282000 ---p 00003000 08:01 54525996                   /lib/x86_64-linux-gnu/libdl-2.23.so
7f7f82282000-7f7f82283000 r--p 00002000 08:01 54525996                   /lib/x86_64-linux-gnu/libdl-2.23.so
7f7f82283000-7f7f82284000 rw-p 00003000 08:01 54525996                   /lib/x86_64-linux-gnu/libdl-2.23.so
7f7f82284000-7f7f82299000 r-xp 00000000 08:01 56754534                   /usr/lib/jvm/java-8-oracle/lib/amd64/jli/libjli.so
7f7f82299000-7f7f82499000 ---p 00015000 08:01 56754534                   /usr/lib/jvm/java-8-oracle/lib/amd64/jli/libjli.so
7f7f82499000-7f7f8249a000 rw-p 00015000 08:01 56754534                   /usr/lib/jvm/java-8-oracle/lib/amd64/jli/libjli.so
7f7f8249a000-7f7f824b2000 r-xp 00000000 08:01 54525990                   /lib/x86_64-linux-gnu/libpthread-2.23.so
7f7f824b2000-7f7f826b1000 ---p 00018000 08:01 54525990                   /lib/x86_64-linux-gnu/libpthread-2.23.so
7f7f826b1000-7f7f826b2000 r--p 00017000 08:01 54525990                   /lib/x86_64-linux-gnu/libpthread-2.23.so
7f7f826b2000-7f7f826b3000 rw-p 00018000 08:01 54525990                   /lib/x86_64-linux-gnu/libpthread-2.23.so
7f7f826b3000-7f7f826b7000 rw-p 00000000 00:00 0 
7f7f826b7000-7f7f826dd000 r-xp 00000000 08:01 54525965                   /lib/x86_64-linux-gnu/ld-2.23.so
7f7f826dd000-7f7f826de000 r--s 00000000 08:01 22285029                   /home/roozbeh/.m2/repository/org/ejml/ejml-all/0.31/ejml-all-0.31.jar
7f7f826de000-7f7f826e2000 r--s 00032000 08:01 22285017                   /home/roozbeh/.m2/repository/com/typesafe/config/1.2.1/config-1.2.1.jar
7f7f826e2000-7f7f826e4000 r--s 00014000 08:01 22284940                   /home/roozbeh/.m2/repository/th4j-generate/th4j-generate_2.11/0.1/th4j-generate_2.11-0.1.jar
7f7f826e4000-7f7f826e8000 r--s 0005c000 08:01 22284938                   /home/roozbeh/.m2/repository/th4j-core/th4j-core_2.11/0.1/th4j-core_2.11-0.1.jar
7f7f826e8000-7f7f826ec000 r--s 00107000 08:01 22285009                   /home/roozbeh/.m2/repository/net/java/dev/jna/jna/4.2.0/jna-4.2.0.jar
7f7f826ec000-7f7f826ef000 r--s 00019000 08:01 22285005                   /home/roozbeh/.m2/repository/org/msgpack/msgpack-core/0.8.8/msgpack-core-0.8.8.jar
7f7f826ef000-7f7f826f2000 r--s 00014000 08:01 22285003                   /home/roozbeh/.m2/repository/net/sourceforge/argparse4j/argparse4j/0.7.0/argparse4j-0.7.0.jar
7f7f826f2000-7f7f826f7000 r--s 00033000 08:01 22284997                   /home/roozbeh/.m2/repository/org/apache/logging/log4j/log4j-api/2.8.2/log4j-api-2.8.2.jar
7f7f826f7000-7f7f827c1000 rw-p 00000000 00:00 0 
7f7f827c1000-7f7f827c4000 ---p 00000000 00:00 0 
7f7f827c4000-7f7f828c6000 rw-p 00000000 00:00 0 
7f7f828c6000-7f7f828c7000 r--s 00001000 08:01 22284962                   /home/roozbeh/.m2/repository/com/typesafe/play/play-datacommons_2.11/2.3.4/play-datacommons_2.11-2.3.4.jar
7f7f828c7000-7f7f828c8000 r--s 0000e000 08:01 22285007                   /home/roozbeh/.m2/repository/org/zeromq/jzmq/3.1.0/jzmq-3.1.0.jar
7f7f828c8000-7f7f828ca000 r--s 00009000 08:01 22284995                   /home/roozbeh/.m2/repository/org/hamcrest/hamcrest-core/1.3/hamcrest-core-1.3.jar
7f7f828ca000-7f7f828d0000 r--s 00036000 08:01 22284993                   /home/roozbeh/.m2/repository/junit/junit/4.11/junit-4.11.jar
7f7f828d0000-7f7f828d8000 rw-s 00000000 08:01 60162471                   /tmp/hsperfdata_roozbeh/3666
7f7f828d8000-7f7f828d9000 rw-p 00000000 00:00 0 
7f7f828d9000-7f7f828da000 r--p 00000000 00:00 0 
7f7f828da000-7f7f828dc000 rw-p 00000000 00:00 0 
7f7f828dc000-7f7f828dd000 r--p 00025000 08:01 54525965                   /lib/x86_64-linux-gnu/ld-2.23.so
7f7f828dd000-7f7f828de000 rw-p 00026000 08:01 54525965                   /lib/x86_64-linux-gnu/ld-2.23.so
7f7f828de000-7f7f828df000 rw-p 00000000 00:00 0 
7ffe8f9f3000-7ffe8fa15000 rw-p 00000000 00:00 0                          [stack]
7ffe8face000-7ffe8fad0000 r--p 00000000 00:00 0                          [vvar]
7ffe8fad0000-7ffe8fad2000 r-xp 00000000 00:00 0                          [vdso]
ffffffffff600000-ffffffffff601000 r-xp 00000000 00:00 0                  [vsyscall]

VM Arguments:
jvm_args: -Dfile.encoding=UTF-8 
java_command: com.statnlp.example.LinearCRFMain
java_class_path (initial): /home/roozbeh/Documents/statnlp-core_2/target/test-classes:/home/roozbeh/Documents/statnlp-core_2/target/classes:/home/roozbeh/.m2/repository/junit/junit/4.11/junit-4.11.jar:/home/roozbeh/.m2/repository/org/hamcrest/hamcrest-core/1.3/hamcrest-core-1.3.jar:/home/roozbeh/.m2/repository/org/apache/logging/log4j/log4j-api/2.8.2/log4j-api-2.8.2.jar:/home/roozbeh/.m2/repository/org/apache/logging/log4j/log4j-core/2.8.2/log4j-core-2.8.2.jar:/home/roozbeh/.m2/repository/net/sf/trove4j/trove4j/3.0.3/trove4j-3.0.3.jar:/home/roozbeh/.m2/repository/net/sourceforge/argparse4j/argparse4j/0.7.0/argparse4j-0.7.0.jar:/home/roozbeh/.m2/repository/org/msgpack/msgpack-core/0.8.8/msgpack-core-0.8.8.jar:/home/roozbeh/.m2/repository/org/zeromq/jzmq/3.1.0/jzmq-3.1.0.jar:/home/roozbeh/.m2/repository/net/java/dev/jna/jna/4.2.0/jna-4.2.0.jar:/home/roozbeh/.m2/repository/th4j-core/th4j-core_2.11/0.1/th4j-core_2.11-0.1.jar:/home/roozbeh/.m2/repository/org/scala-lang/scala-library/2.11.7/scala-library-2.11.7.jar:/home/roozbeh/.m2/repository/th4j-generate/th4j-generate_2.11/0.1/th4j-generate_2.11-0.1.jar:/home/roozbeh/.m2/repository/org/scala-lang/scala-reflect/2.11.7/scala-reflect-2.11.7.jar:/home/roozbeh/.m2/repository/com/typesafe/play/play-json_2.11/2.3.4/play-json_2.11-2.3.4.jar:/home/roozbeh/.m2/repository/com/typesafe/play/play-iteratees_2.11/2.3.4/play-iteratees_2.11-2.3.4.jar:/home/roozbeh/.m2/repository/org/scala-stm/scala-stm_2.11/0.7/scala-stm_2.11-0.7.jar:/home/roozbeh/.m2/repository/com/typesafe/config/1.2.1/config-1.2.1.jar:/home/roozbeh/.m2/repository/com/typesafe/play/play-functional_2.11/2.3.4/play-functional_2.11-2.3.4.jar:/home/roozbeh/.m2/repository/com/typesafe/play/play-datacommons_2.11/2.3.4/play-datacommons_2.11-2.3.4.jar:/home/roozbeh/.m2/repository/joda-time/joda-time/2.3/joda-time-2.3.jar:/home/roozbeh/.m2/repository/org/joda/joda-convert/1.6/joda-convert-1.6.jar:/home/roozbeh/.m2/repository/com/fasterxml/jackson/core/jackson-annotations/2.
Launcher Type: SUN_STANDARD

Environment Variables:
JAVA_HOME=/usr/lib/jvm/java-8-oracle
PATH=/home/roozbeh/bin:/home/roozbeh/.local/bin:/usr/local/sbin:/usr/local/bin:/usr/sbin:/usr/bin:/sbin:/bin:/usr/games:/usr/local/games:/usr/lib/jvm/java-8-oracle/bin:/usr/lib/jvm/java-8-oracle/db/bin:/usr/lib/jvm/java-8-oracle/jre/bin
SHELL=/bin/bash
DISPLAY=:0

Signal Handlers:
SIGSEGV: [libjvm.so+0xac8af0], sa_mask[0]=11111111011111111101111111111110, sa_flags=SA_RESTART|SA_SIGINFO
SIGBUS: [libjvm.so+0xac8af0], sa_mask[0]=11111111011111111101111111111110, sa_flags=SA_RESTART|SA_SIGINFO
SIGFPE: [libjvm.so+0x921dd0], sa_mask[0]=11111111011111111101111111111110, sa_flags=SA_RESTART|SA_SIGINFO
SIGPIPE: [libjvm.so+0x921dd0], sa_mask[0]=11111111011111111101111111111110, sa_flags=SA_RESTART|SA_SIGINFO
SIGXFSZ: [libjvm.so+0x921dd0], sa_mask[0]=11111111011111111101111111111110, sa_flags=SA_RESTART|SA_SIGINFO
SIGILL: [libjvm.so+0x921dd0], sa_mask[0]=11111111011111111101111111111110, sa_flags=SA_RESTART|SA_SIGINFO
SIGUSR1: SIG_DFL, sa_mask[0]=00000000000000000000000000000000, sa_flags=none
SIGUSR2: [libjvm.so+0x923610], sa_mask[0]=00100000000000000000000000000000, sa_flags=SA_RESTART|SA_SIGINFO
SIGHUP: [libjvm.so+0x924a10], sa_mask[0]=11111111011111111101111111111110, sa_flags=SA_RESTART|SA_SIGINFO
SIGINT: [libjvm.so+0x924a10], sa_mask[0]=11111111011111111101111111111110, sa_flags=SA_RESTART|SA_SIGINFO
SIGTERM: [libjvm.so+0x924a10], sa_mask[0]=11111111011111111101111111111110, sa_flags=SA_RESTART|SA_SIGINFO
SIGQUIT: [libjvm.so+0x924a10], sa_mask[0]=11111111011111111101111111111110, sa_flags=SA_RESTART|SA_SIGINFO


---------------  S Y S T E M  ---------------

OS:DISTRIB_ID=Ubuntu
DISTRIB_RELEASE=16.04
DISTRIB_CODENAME=xenial
DISTRIB_DESCRIPTION="Ubuntu 16.04.2 LTS"

uname:Linux 4.8.0-36-generic #36~16.04.1-Ubuntu SMP Sun Feb 5 09:39:57 UTC 2017 x86_64
libc:glibc 2.23 NPTL 2.23 
rlimit: STACK 8192k, CORE 0k, NPROC 30710, NOFILE 65536, AS infinity
load average:0.75 0.83 0.82

/proc/meminfo:
MemTotal:        7904384 kB
MemFree:         4205192 kB
MemAvailable:    5036136 kB
Buffers:           96416 kB
Cached:          1009484 kB
SwapCached:            0 kB
Active:          2858788 kB
Inactive:         554856 kB
Active(anon):    2309580 kB
Inactive(anon):   111784 kB
Active(file):     549208 kB
Inactive(file):   443072 kB
Unevictable:          32 kB
Mlocked:              32 kB
SwapTotal:       8115196 kB
SwapFree:        8115196 kB
Dirty:               216 kB
Writeback:             0 kB
AnonPages:       2279236 kB
Mapped:           365448 kB
Shmem:            113624 kB
Slab:             156780 kB
SReclaimable:     122060 kB
SUnreclaim:        34720 kB
KernelStack:        9264 kB
PageTables:        32748 kB
NFS_Unstable:          0 kB
Bounce:                0 kB
WritebackTmp:          0 kB
CommitLimit:    12067388 kB
Committed_AS:    5776668 kB
VmallocTotal:   34359738367 kB
VmallocUsed:           0 kB
VmallocChunk:          0 kB
HardwareCorrupted:     0 kB
AnonHugePages:   1087488 kB
ShmemHugePages:        0 kB
ShmemPmdMapped:        0 kB
CmaTotal:              0 kB
CmaFree:               0 kB
HugePages_Total:       0
HugePages_Free:        0
HugePages_Rsvd:        0
HugePages_Surp:        0
Hugepagesize:       2048 kB
DirectMap4k:      131660 kB
DirectMap2M:     5888000 kB
DirectMap1G:     3145728 kB


CPU:total 4 (initial active 4) (2 cores per cpu, 2 threads per core) family 6 model 61 stepping 4, cmov, cx8, fxsr, mmx, sse, sse2, sse3, ssse3, sse4.1, sse4.2, popcnt, avx, avx2, aes, clmul, erms, 3dnowpref, lzcnt, ht, tsc, tscinvbit, bmi1, bmi2, adx

/proc/cpuinfo:
processor	: 0
vendor_id	: GenuineIntel
cpu family	: 6
model		: 61
model name	: Intel(R) Core(TM) i7-5500U CPU @ 2.40GHz
stepping	: 4
microcode	: 0x1a
cpu MHz		: 2602.734
cache size	: 4096 KB
physical id	: 0
siblings	: 4
core id		: 0
cpu cores	: 2
apicid		: 0
initial apicid	: 0
fpu		: yes
fpu_exception	: yes
cpuid level	: 20
wp		: yes
flags		: fpu vme de pse tsc msr pae mce cx8 apic sep mtrr pge mca cmov pat pse36 clflush dts acpi mmx fxsr sse sse2 ss ht tm pbe syscall nx pdpe1gb rdtscp lm constant_tsc arch_perfmon pebs bts rep_good nopl xtopology nonstop_tsc aperfmperf eagerfpu pni pclmulqdq dtes64 monitor ds_cpl vmx est tm2 ssse3 sdbg fma cx16 xtpr pdcm pcid sse4_1 sse4_2 x2apic movbe popcnt tsc_deadline_timer aes xsave avx f16c rdrand lahf_lm abm 3dnowprefetch epb intel_pt tpr_shadow vnmi flexpriority ept vpid fsgsbase tsc_adjust bmi1 avx2 smep bmi2 erms invpcid rdseed adx smap xsaveopt dtherm ida arat pln pts
bugs		:
bogomips	: 4789.11
clflush size	: 64
cache_alignment	: 64
address sizes	: 39 bits physical, 48 bits virtual
power management:

processor	: 1
vendor_id	: GenuineIntel
cpu family	: 6
model		: 61
model name	: Intel(R) Core(TM) i7-5500U CPU @ 2.40GHz
stepping	: 4
microcode	: 0x1a
cpu MHz		: 2646.386
cache size	: 4096 KB
physical id	: 0
siblings	: 4
core id		: 0
cpu cores	: 2
apicid		: 1
initial apicid	: 1
fpu		: yes
fpu_exception	: yes
cpuid level	: 20
wp		: yes
flags		: fpu vme de pse tsc msr pae mce cx8 apic sep mtrr pge mca cmov pat pse36 clflush dts acpi mmx fxsr sse sse2 ss ht tm pbe syscall nx pdpe1gb rdtscp lm constant_tsc arch_perfmon pebs bts rep_good nopl xtopology nonstop_tsc aperfmperf eagerfpu pni pclmulqdq dtes64 monitor ds_cpl vmx est tm2 ssse3 sdbg fma cx16 xtpr pdcm pcid sse4_1 sse4_2 x2apic movbe popcnt tsc_deadline_timer aes xsave avx f16c rdrand lahf_lm abm 3dnowprefetch epb intel_pt tpr_shadow vnmi flexpriority ept vpid fsgsbase tsc_adjust bmi1 avx2 smep bmi2 erms invpcid rdseed adx smap xsaveopt dtherm ida arat pln pts
bugs		:
bogomips	: 4789.11
clflush size	: 64
cache_alignment	: 64
address sizes	: 39 bits physical, 48 bits virtual
power management:

processor	: 2
vendor_id	: GenuineIntel
cpu family	: 6
model		: 61
model name	: Intel(R) Core(TM) i7-5500U CPU @ 2.40GHz
stepping	: 4
microcode	: 0x1a
cpu MHz		: 2637.744
cache size	: 4096 KB
physical id	: 0
siblings	: 4
core id		: 1
cpu cores	: 2
apicid		: 2
initial apicid	: 2
fpu		: yes
fpu_exception	: yes
cpuid level	: 20
wp		: yes
flags		: fpu vme de pse tsc msr pae mce cx8 apic sep mtrr pge mca cmov pat pse36 clflush dts acpi mmx fxsr sse sse2 ss ht tm pbe syscall nx pdpe1gb rdtscp lm constant_tsc arch_perfmon pebs bts rep_good nopl xtopology nonstop_tsc aperfmperf eagerfpu pni pclmulqdq dtes64 monitor ds_cpl vmx est tm2 ssse3 sdbg fma cx16 xtpr pdcm pcid sse4_1 sse4_2 x2apic movbe popcnt tsc_deadline_timer aes xsave avx f16c rdrand lahf_lm abm 3dnowprefetch epb intel_pt tpr_shadow vnmi flexpriority ept vpid fsgsbase tsc_adjust bmi1 avx2 smep bmi2 erms invpcid rdseed adx smap xsaveopt dtherm ida arat pln pts
bugs		:
bogomips	: 4789.11
clflush size	: 64
cache_alignment	: 64
address sizes	: 39 bits physical, 48 bits virtual
power management:

processor	: 3
vendor_id	: GenuineIntel
cpu family	: 6
model		: 61
model name	: Intel(R) Core(TM) i7-5500U CPU @ 2.40GHz
stepping	: 4
microcode	: 0x1a
cpu MHz		: 2587.646
cache size	: 4096 KB
physical id	: 0
siblings	: 4
core id		: 1
cpu cores	: 2
apicid		: 3
initial apicid	: 3
fpu		: yes
fpu_exception	: yes
cpuid level	: 20
wp		: yes
flags		: fpu vme de pse tsc msr pae mce cx8 apic sep mtrr pge mca cmov pat pse36 clflush dts acpi mmx fxsr sse sse2 ss ht tm pbe syscall nx pdpe1gb rdtscp lm constant_tsc arch_perfmon pebs bts rep_good nopl xtopology nonstop_tsc aperfmperf eagerfpu pni pclmulqdq dtes64 monitor ds_cpl vmx est tm2 ssse3 sdbg fma cx16 xtpr pdcm pcid sse4_1 sse4_2 x2apic movbe popcnt tsc_deadline_timer aes xsave avx f16c rdrand lahf_lm abm 3dnowprefetch epb intel_pt tpr_shadow vnmi flexpriority ept vpid fsgsbase tsc_adjust bmi1 avx2 smep bmi2 erms invpcid rdseed adx smap xsaveopt dtherm ida arat pln pts
bugs		:
bogomips	: 4789.11
clflush size	: 64
cache_alignment	: 64
address sizes	: 39 bits physical, 48 bits virtual
power management:



Memory: 4k page, physical 7904384k(4205192k free), swap 8115196k(8115196k free)

vm_info: Java HotSpot(TM) 64-Bit Server VM (25.131-b11) for linux-amd64 JRE (1.8.0_131-b11), built on Mar 15 2017 01:23:40 by "java_re" with gcc 4.3.0 20080428 (Red Hat 4.3.0-8)

time: Thu Jul 20 11:18:39 2017
elapsed time: 3 seconds (0d 0h 0m 3s)

