#
# A fatal error has been detected by the Java Runtime Environment:
#
#  SIGSEGV (0xb) at pc=0x00007f9e298c6f3e, pid=2657, tid=0x00007f9e5452d700
#
# JRE version: Java(TM) SE Runtime Environment (8.0_131-b11) (build 1.8.0_131-b11)
# Java VM: Java HotSpot(TM) 64-Bit Server VM (25.131-b11 mixed mode linux-amd64 compressed oops)
# Problematic frame:
# C  [liblbfgs-1.10.so+0x3f3e]  lbfgs+0x8fe
#
# Failed to write core dump. Core dumps have been disabled. To enable core dumping, try "ulimit -c unlimited" before starting Java again
#
# If you would like to submit a bug report, please visit:
#   http://bugreport.java.com/bugreport/crash.jsp
# The crash happened outside the Java Virtual Machine in native code.
# See problematic frame for where to report the bug.
#

---------------  T H R E A D  ---------------

Current thread (0x00007f9e4c00b800):  JavaThread "main" [_thread_in_native, id=2659, stack(0x00007f9e5442d000,0x00007f9e5452e000)]

siginfo: si_signo: 11 (SIGSEGV), si_code: 1 (SEGV_MAPERR), si_addr: 0x0000000000000000

Registers:
RAX=0x0000000000000000, RBX=0x00007f9e4c620390, RCX=0x0000000000000000, RDX=0x0000000000000000
RSP=0x00007f9e5452c1b0, RBP=0x000000000002a1c0, RSI=0x0000000000002a1c, RDI=0x0000000000000000
R8 =0x0000000000005438, R9 =0x0000000000005438, R10=0x0000000000000000, R11=0x00007f9e538f5cc8
R12=0x00007f9e4c589440, R13=0x00007f9e29adfa90, R14=0x0000000000000000, R15=0x0000000000005438
RIP=0x00007f9e298c6f3e, EFLAGS=0x0000000000010246, CSGSFS=0x002b000000000033, ERR=0x0000000000000004
  TRAPNO=0x000000000000000e

Top of Stack: (sp=0x00007f9e5452c1b0)
0x00007f9e5452c1b0:   0000000000005438 0000000000000000
0x00007f9e5452c1c0:   00007f9e4c589380 00007f9e29adfa90
0x00007f9e5452c1d0:   00007f9e4c57f178 00007f9e4c5cbff0
0x00007f9e5452c1e0:   0000000000000000 00007f9e5452c4a8
0x00007f9e5452c1f0:   00007f9e4c5f61c0 00007f9e4c5a1e20
0x00007f9e5452c200:   0000000000000000 00007f9e4c000020
0x00007f9e5452c210:   00007f9e298c33a0 00007f9e00000006
0x00007f9e5452c220:   00007f9e4c64a560 00007f9e5452c5d8
0x00007f9e5452c230:   00007f9e4c00b800 00007f9e539a3cde
0x00007f9e5452c240:   00007f9e298c4ab0 0000000000000000
0x00007f9e5452c250:   00007f9e5452c2c0 00007f9e4c0d0400
0x00007f9e5452c260:   00007f9e5452c2a0 00007f9e531df86e
0x00007f9e5452c270:   ffff806100000000 00007f9e29ce1040
0x00007f9e5452c280:   0000000000000000 00007f9e2a1d1048
0x00007f9e5452c290:   00007f9e5452c5d8 00007f9e4c00b800
0x00007f9e5452c2a0:   00007f9e5452c560 00007f9e54332ac6
0x00007f9e5452c2b0:   0000000000000005 0000000000000000
0x00007f9e5452c2c0:   0000000000000002 00007f9e298c33a0
0x00007f9e5452c2d0:   00007f9e5452c460 00007f9e5433a923
0x00007f9e5452c2e0:   0000000000000000 0000000000000000
0x00007f9e5452c2f0:   0000000000000000 0000000000000000
0x00007f9e5452c300:   0000000000000000 0000000000000000
0x00007f9e5452c310:   0000000000000000 0000000000000000
0x00007f9e5452c320:   0000000000000000 ff00000000000000
0x00007f9e5452c330:   0000000000000000 0000000000000000
0x00007f9e5452c340:   0000000000000000 0000000000000000
0x00007f9e5452c350:   0000000000000000 0000000000000000
0x00007f9e5452c360:   0000000000000000 0000000000000000
0x00007f9e5452c370:   0000000000000000 0000000000000000
0x00007f9e5452c380:   599700bb9300b2a8 0000000000000000
0x00007f9e5452c390:   0000000000000000 0000000000000000
0x00007f9e5452c3a0:   6f632d7000005438 0000000000000000 

Instructions: (pc=0x00007f9e298c6f3e)
0x00007f9e298c6f1e:   83 c6 01 45 85 ff 0f 4e cf 44 8d 04 36 39 ca 74
0x00007f9e298c6f2e:   3f 48 8b 54 24 30 66 0f ef d2 4a 8d 0c d2 31 d2
0x00007f9e298c6f3e:   66 0f 28 01 83 c2 01 48 83 c1 10 39 f2 66 0f 59
0x00007f9e298c6f4e:   c0 66 0f 58 d0 72 e9 66 0f 6f c2 44 01 c0 45 39 

Register to memory mapping:

RAX=0x0000000000000000 is an unknown value
RBX=0x00007f9e4c620390 is an unknown value
RCX=0x0000000000000000 is an unknown value
RDX=0x0000000000000000 is an unknown value
RSP=0x00007f9e5452c1b0 is pointing into the stack for thread: 0x00007f9e4c00b800
RBP=0x000000000002a1c0 is an unknown value
RSI=0x0000000000002a1c is an unknown value
RDI=0x0000000000000000 is an unknown value
R8 =0x0000000000005438 is an unknown value
R9 =0x0000000000005438 is an unknown value
R10=0x0000000000000000 is an unknown value
R11=0x00007f9e538f5cc8: <offset 0xfc6cc8> in /usr/lib/jvm/java-8-oracle/jre/lib/amd64/server/libjvm.so at 0x00007f9e5292f000
R12=0x00007f9e4c589440 is an unknown value
R13=0x00007f9e29adfa90: <offset 0xa90> in /home/roozbeh/Documents/statnlp-core_2/target/optimizer.so at 0x00007f9e29adf000
R14=0x0000000000000000 is an unknown value
R15=0x0000000000005438 is an unknown value


Stack: [0x00007f9e5442d000,0x00007f9e5452e000],  sp=0x00007f9e5452c1b0,  free space=1020k
Native frames: (J=compiled Java code, j=interpreted, Vv=VM code, C=native code)
C  [liblbfgs-1.10.so+0x3f3e]  lbfgs+0x8fe

Java frames: (J=compiled Java code, j=interpreted, Vv=VM code)
j  com.statnlp.hybridnetworks.optimizer.process()V+0
j  com.statnlp.hybridnetworks.optimizer.optimization_loop(Lcom/statnlp/hybridnetworks/NetworkModel;)V+69
j  com.statnlp.hybridnetworks.NetworkModel.train([Lcom/statnlp/commons/types/Instance;II)V+363
j  com.statnlp.hybridnetworks.NetworkModel.train([Lcom/statnlp/commons/types/Instance;I)V+5
j  com.statnlp.util.GenericPipeline.train([Lcom/statnlp/commons/types/Instance;)V+64
j  com.statnlp.util.Pipeline.Train()V+31
j  com.statnlp.util.Pipeline$$Lambda$1.run()V+4
j  com.statnlp.util.Pipeline.execute()V+59
j  com.statnlp.example.LinearCRFMain.runPipeline([Ljava/lang/String;)V+127
j  com.statnlp.example.LinearCRFMain.main([Ljava/lang/String;)V+1
v  ~StubRoutines::call_stub

---------------  P R O C E S S  ---------------

Java Threads: ( => current thread )
  0x00007f9e4c58c000 JavaThread "pool-2-thread-4" [_thread_blocked, id=2684, stack(0x00007f9e29de3000,0x00007f9e29ee4000)]
  0x00007f9e4c58b800 JavaThread "pool-2-thread-3" [_thread_blocked, id=2683, stack(0x00007f9e29ee4000,0x00007f9e29fe5000)]
  0x00007f9e4c56b000 JavaThread "pool-2-thread-2" [_thread_blocked, id=2682, stack(0x00007f9e29ce2000,0x00007f9e29de3000)]
  0x00007f9e4c58a000 JavaThread "pool-2-thread-1" [_thread_blocked, id=2681, stack(0x00007f9e29fe5000,0x00007f9e2a0e6000)]
  0x00007f9e4c0c2800 JavaThread "Service Thread" daemon [_thread_blocked, id=2675, stack(0x00007f9e2b09c000,0x00007f9e2b19d000)]
  0x00007f9e4c0bf000 JavaThread "C1 CompilerThread2" daemon [_thread_blocked, id=2674, stack(0x00007f9e2b19d000,0x00007f9e2b29e000)]
  0x00007f9e4c0bd800 JavaThread "C2 CompilerThread1" daemon [_thread_blocked, id=2673, stack(0x00007f9e2b29e000,0x00007f9e2b39f000)]
  0x00007f9e4c0ba800 JavaThread "C2 CompilerThread0" daemon [_thread_blocked, id=2672, stack(0x00007f9e2b39f000,0x00007f9e2b4a0000)]
  0x00007f9e4c0b9000 JavaThread "Signal Dispatcher" daemon [_thread_blocked, id=2671, stack(0x00007f9e2b4a0000,0x00007f9e2b5a1000)]
  0x00007f9e4c085800 JavaThread "Finalizer" daemon [_thread_blocked, id=2670, stack(0x00007f9e2b9fa000,0x00007f9e2bafb000)]
  0x00007f9e4c081000 JavaThread "Reference Handler" daemon [_thread_blocked, id=2669, stack(0x00007f9e2bafb000,0x00007f9e2bbfc000)]
=>0x00007f9e4c00b800 JavaThread "main" [_thread_in_native, id=2659, stack(0x00007f9e5442d000,0x00007f9e5452e000)]

Other Threads:
  0x00007f9e4c079800 VMThread [stack: 0x00007f9e2bbfc000,0x00007f9e2bcfd000] [id=2668]
  0x00007f9e4c0c5000 WatcherThread [stack: 0x00007f9e2af9b000,0x00007f9e2b09c000] [id=2676]

VM state:not at safepoint (normal execution)

VM Mutex/Monitor currently owned by a thread: None

Heap:
 PSYoungGen      total 478208K, used 24748K [0x00000000d7d00000, 0x00000000f7a00000, 0x0000000100000000)
  eden space 438272K, 5% used [0x00000000d7d00000,0x00000000d952b218,0x00000000f2900000)
  from space 39936K, 0% used [0x00000000f5100000,0x00000000f5100000,0x00000000f7800000)
  to   space 40960K, 0% used [0x00000000f2900000,0x00000000f2900000,0x00000000f5100000)
 ParOldGen       total 83456K, used 83420K [0x0000000087600000, 0x000000008c780000, 0x00000000d7d00000)
  object space 83456K, 99% used [0x0000000087600000,0x000000008c7770b8,0x000000008c780000)
 Metaspace       used 12590K, capacity 12774K, committed 12928K, reserved 1060864K
  class space    used 1515K, capacity 1580K, committed 1664K, reserved 1048576K

Card table byte_map: [0x00007f9e50e03000,0x00007f9e511c9000] byte_map_base: 0x00007f9e509c8000

Marking Bits: (ParMarkBitMap*) 0x00007f9e538f4f60
 Begin Bits: [0x00007f9e393b0000, 0x00007f9e3b1d8000)
 End Bits:   [0x00007f9e3b1d8000, 0x00007f9e3d000000)

Polling page: 0x00007f9e54545000

CodeCache: size=245760Kb used=4796Kb max_used=4802Kb free=240963Kb
 bounds [0x00007f9e3d000000, 0x00007f9e3d4c0000, 0x00007f9e4c000000]
 total_blobs=1678 nmethods=1292 adapters=300
 compilation: enabled

Compilation events (10 events):
Event: 5.859 Thread 0x00007f9e4c0ba800 nmethod 1282 0x00007f9e3d47ce10 code [0x00007f9e3d47cf60, 0x00007f9e3d47d018]
Event: 5.859 Thread 0x00007f9e4c0bf000 1291 %s    3       com.statnlp.hybridnetworks.GlobalNetworkParam::resetCountsAndObj @ 35 (233 bytes)
Event: 5.860 Thread 0x00007f9e4c0bd800 1293       4       com.statnlp.hybridnetworks.LocalNetworkParam::getCount (24 bytes)
Event: 5.860 Thread 0x00007f9e4c0bf000 nmethod 1291% 0x00007f9e3d498390 code [0x00007f9e3d498640, 0x00007f9e3d499678]
Event: 5.860 Thread 0x00007f9e4c0bf000 1292 %     3       com.statnlp.commons.ml.opt.MathsVector::square @ 7 (28 bytes)
Event: 5.860 Thread 0x00007f9e4c0bf000 nmethod 1292% 0x00007f9e3d4a9250 code [0x00007f9e3d4a93c0, 0x00007f9e3d4a9630]
Event: 5.860 Thread 0x00007f9e4c0bd800 nmethod 1293 0x00007f9e3d4afa10 code [0x00007f9e3d4afb60, 0x00007f9e3d4afc18]
Event: 5.860 Thread 0x00007f9e4c0bd800 1294  s    4       com.statnlp.hybridnetworks.GlobalNetworkParam::addCount (58 bytes)
Event: 5.863 Thread 0x00007f9e4c0bd800 nmethod 1294 0x00007f9e3d4a8c50 code [0x00007f9e3d4a8da0, 0x00007f9e3d4a9098]
Event: 5.863 Thread 0x00007f9e4c0bf000 1295 %s    3       com.statnlp.hybridnetworks.FeatureManager::update_pre @ 45 (109 bytes)

GC Heap History (10 events):
Event: 4.013 GC heap before
{Heap before GC invocations=10 (full 1):
 PSYoungGen      total 239616K, used 239616K [0x00000000d7d00000, 0x00000000e9100000, 0x0000000100000000)
  eden space 219648K, 100% used [0x00000000d7d00000,0x00000000e5380000,0x00000000e5380000)
  from space 19968K, 100% used [0x00000000e6e80000,0x00000000e8200000,0x00000000e8200000)
  to   space 27648K, 0% used [0x00000000e5380000,0x00000000e5380000,0x00000000e6e80000)
 ParOldGen       total 83456K, used 40674K [0x0000000087600000, 0x000000008c780000, 0x00000000d7d00000)
  object space 83456K, 48% used [0x0000000087600000,0x0000000089db8a28,0x000000008c780000)
 Metaspace       used 12491K, capacity 12646K, committed 12928K, reserved 1060864K
  class space    used 1508K, capacity 1580K, committed 1664K, reserved 1048576K
Event: 4.089 GC heap after
Heap after GC invocations=10 (full 1):
 PSYoungGen      total 247296K, used 27616K [0x00000000d7d00000, 0x00000000f7800000, 0x0000000100000000)
  eden space 219648K, 0% used [0x00000000d7d00000,0x00000000d7d00000,0x00000000e5380000)
  from space 27648K, 99% used [0x00000000e5380000,0x00000000e6e782b0,0x00000000e6e80000)
  to   space 39936K, 0% used [0x00000000f5100000,0x00000000f5100000,0x00000000f7800000)
 ParOldGen       total 83456K, used 59849K [0x0000000087600000, 0x000000008c780000, 0x00000000d7d00000)
  object space 83456K, 71% used [0x0000000087600000,0x000000008b072490,0x000000008c780000)
 Metaspace       used 12491K, capacity 12646K, committed 12928K, reserved 1060864K
  class space    used 1508K, capacity 1580K, committed 1664K, reserved 1048576K
}
Event: 4.103 GC heap before
{Heap before GC invocations=11 (full 1):
 PSYoungGen      total 247296K, used 29487K [0x00000000d7d00000, 0x00000000f7800000, 0x0000000100000000)
  eden space 219648K, 0% used [0x00000000d7d00000,0x00000000d7ed3c00,0x00000000e5380000)
  from space 27648K, 99% used [0x00000000e5380000,0x00000000e6e782b0,0x00000000e6e80000)
  to   space 39936K, 0% used [0x00000000f5100000,0x00000000f5100000,0x00000000f7800000)
 ParOldGen       total 83456K, used 59849K [0x0000000087600000, 0x000000008c780000, 0x00000000d7d00000)
  object space 83456K, 71% used [0x0000000087600000,0x000000008b072490,0x000000008c780000)
 Metaspace       used 12492K, capacity 12646K, committed 12928K, reserved 1060864K
  class space    used 1508K, capacity 1580K, committed 1664K, reserved 1048576K
Event: 4.149 GC heap after
Heap after GC invocations=11 (full 1):
 PSYoungGen      total 478208K, used 25414K [0x00000000d7d00000, 0x00000000f7a00000, 0x0000000100000000)
  eden space 438272K, 0% used [0x00000000d7d00000,0x00000000d7d00000,0x00000000f2900000)
  from space 39936K, 63% used [0x00000000f5100000,0x00000000f69d1bb8,0x00000000f7800000)
  to   space 40960K, 0% used [0x00000000f2900000,0x00000000f2900000,0x00000000f5100000)
 ParOldGen       total 83456K, used 62993K [0x0000000087600000, 0x000000008c780000, 0x00000000d7d00000)
  object space 83456K, 75% used [0x0000000087600000,0x000000008b384490,0x000000008c780000)
 Metaspace       used 12492K, capacity 12646K, committed 12928K, reserved 1060864K
  class space    used 1508K, capacity 1580K, committed 1664K, reserved 1048576K
}
Event: 4.149 GC heap before
{Heap before GC invocations=12 (full 2):
 PSYoungGen      total 478208K, used 25414K [0x00000000d7d00000, 0x00000000f7a00000, 0x0000000100000000)
  eden space 438272K, 0% used [0x00000000d7d00000,0x00000000d7d00000,0x00000000f2900000)
  from space 39936K, 63% used [0x00000000f5100000,0x00000000f69d1bb8,0x00000000f7800000)
  to   space 40960K, 0% used [0x00000000f2900000,0x00000000f2900000,0x00000000f5100000)
 ParOldGen       total 83456K, used 62993K [0x0000000087600000, 0x000000008c780000, 0x00000000d7d00000)
  object space 83456K, 75% used [0x0000000087600000,0x000000008b384490,0x000000008c780000)
 Metaspace       used 12492K, capacity 12646K, committed 12928K, reserved 1060864K
  class space    used 1508K, capacity 1580K, committed 1664K, reserved 1048576K
Event: 4.695 GC heap after
Heap after GC invocations=12 (full 2):
 PSYoungGen      total 478208K, used 2834K [0x00000000d7d00000, 0x00000000f7a00000, 0x0000000100000000)
  eden space 438272K, 0% used [0x00000000d7d00000,0x00000000d7d00000,0x00000000f2900000)
  from space 39936K, 7% used [0x00000000f5100000,0x00000000f53c48c0,0x00000000f7800000)
  to   space 40960K, 0% used [0x00000000f2900000,0x00000000f2900000,0x00000000f5100000)
 ParOldGen       total 83456K, used 83420K [0x0000000087600000, 0x000000008c780000, 0x00000000d7d00000)
  object space 83456K, 99% used [0x0000000087600000,0x000000008c7770b8,0x000000008c780000)
 Metaspace       used 12492K, capacity 12646K, committed 12928K, reserved 1060864K
  class space    used 1508K, capacity 1580K, committed 1664K, reserved 1048576K
}
Event: 4.702 GC heap before
{Heap before GC invocations=13 (full 3):
 PSYoungGen      total 478208K, used 6467K [0x00000000d7d00000, 0x00000000f7a00000, 0x0000000100000000)
  eden space 438272K, 0% used [0x00000000d7d00000,0x00000000d808c488,0x00000000f2900000)
  from space 39936K, 7% used [0x00000000f5100000,0x00000000f53c48c0,0x00000000f7800000)
  to   space 40960K, 0% used [0x00000000f2900000,0x00000000f2900000,0x00000000f5100000)
 ParOldGen       total 83456K, used 83420K [0x0000000087600000, 0x000000008c780000, 0x00000000d7d00000)
  object space 83456K, 99% used [0x0000000087600000,0x000000008c7770b8,0x000000008c780000)
 Metaspace       used 12493K, capacity 12710K, committed 12928K, reserved 1060864K
  class space    used 1508K, capacity 1580K, committed 1664K, reserved 1048576K
Event: 4.893 GC heap after
Heap after GC invocations=13 (full 3):
 PSYoungGen      total 478208K, used 3230K [0x00000000d7d00000, 0x00000000f7a00000, 0x0000000100000000)
  eden space 438272K, 0% used [0x00000000d7d00000,0x00000000d8027b08,0x00000000f2900000)
  from space 39936K, 0% used [0x00000000f5100000,0x00000000f5100000,0x00000000f7800000)
  to   space 40960K, 0% used [0x00000000f2900000,0x00000000f2900000,0x00000000f5100000)
 ParOldGen       total 83456K, used 83420K [0x0000000087600000, 0x000000008c780000, 0x00000000d7d00000)
  object space 83456K, 99% used [0x0000000087600000,0x000000008c7770b8,0x000000008c780000)
 Metaspace       used 12493K, capacity 12710K, committed 12928K, reserved 1060864K
  class space    used 1508K, capacity 1580K, committed 1664K, reserved 1048576K
}
Event: 4.907 GC heap before
{Heap before GC invocations=14 (full 4):
 PSYoungGen      total 478208K, used 6863K [0x00000000d7d00000, 0x00000000f7a00000, 0x0000000100000000)
  eden space 438272K, 1% used [0x00000000d7d00000,0x00000000d83b3f90,0x00000000f2900000)
  from space 39936K, 0% used [0x00000000f5100000,0x00000000f5100000,0x00000000f7800000)
  to   space 40960K, 0% used [0x00000000f2900000,0x00000000f2900000,0x00000000f5100000)
 ParOldGen       total 83456K, used 83420K [0x0000000087600000, 0x000000008c780000, 0x00000000d7d00000)
  object space 83456K, 99% used [0x0000000087600000,0x000000008c7770b8,0x000000008c780000)
 Metaspace       used 12507K, capacity 12774K, committed 12928K, reserved 1060864K
  class space    used 1510K, capacity 1580K, committed 1664K, reserved 1048576K
Event: 5.101 GC heap after
Heap after GC invocations=14 (full 4):
 PSYoungGen      total 478208K, used 3569K [0x00000000d7d00000, 0x00000000f7a00000, 0x0000000100000000)
  eden space 438272K, 0% used [0x00000000d7d00000,0x00000000d807c538,0x00000000f2900000)
  from space 39936K, 0% used [0x00000000f5100000,0x00000000f5100000,0x00000000f7800000)
  to   space 40960K, 0% used [0x00000000f2900000,0x00000000f2900000,0x00000000f5100000)
 ParOldGen       total 83456K, used 83420K [0x0000000087600000, 0x000000008c780000, 0x00000000d7d00000)
  object space 83456K, 99% used [0x0000000087600000,0x000000008c7770b8,0x000000008c780000)
 Metaspace       used 12507K, capacity 12774K, committed 12928K, reserved 1060864K
  class space    used 1510K, capacity 1580K, committed 1664K, reserved 1048576K
}

Deoptimization events (10 events):
Event: 4.698 Thread 0x00007f9e4c00b800 Uncommon trap: reason=class_check action=maybe_recompile pc=0x00007f9e3d2fc158 method=java.lang.Character.codePointAt(Ljava/lang/CharSequence;I)I @ 2
Event: 4.698 Thread 0x00007f9e4c00b800 Uncommon trap: reason=bimorphic action=maybe_recompile pc=0x00007f9e3d313974 method=java.util.regex.Pattern$Curly.match0(Ljava/util/regex/Matcher;IILjava/lang/CharSequence;)Z @ 31
Event: 4.698 Thread 0x00007f9e4c00b800 Uncommon trap: reason=class_check action=maybe_recompile pc=0x00007f9e3d2fc158 method=java.lang.Character.codePointAt(Ljava/lang/CharSequence;I)I @ 2
Event: 4.893 Thread 0x00007f9e4c00b800 Uncommon trap: reason=class_check action=maybe_recompile pc=0x00007f9e3d2eb1c4 method=java.lang.Character.codePointAt(Ljava/lang/CharSequence;I)I @ 2
Event: 4.893 Thread 0x00007f9e4c00b800 Uncommon trap: reason=bimorphic action=maybe_recompile pc=0x00007f9e3d313974 method=java.util.regex.Pattern$Curly.match0(Ljava/util/regex/Matcher;IILjava/lang/CharSequence;)Z @ 31
Event: 5.101 Thread 0x00007f9e4c00b800 Uncommon trap: reason=bimorphic action=maybe_recompile pc=0x00007f9e3d313974 method=java.util.regex.Pattern$Curly.match0(Ljava/util/regex/Matcher;IILjava/lang/CharSequence;)Z @ 31
Event: 5.106 Thread 0x00007f9e4c58a000 Uncommon trap: reason=unstable_if action=reinterpret pc=0x00007f9e3d418168 method=com.statnlp.hybridnetworks.LocalNetworkParam.extract(Lcom/statnlp/hybridnetworks/Network;I[II)Lcom/statnlp/hybridnetworks/FeatureArray; @ 139
Event: 5.583 Thread 0x00007f9e4c58b800 Uncommon trap: reason=unstable_if action=reinterpret pc=0x00007f9e3d489de4 method=com.statnlp.hybridnetworks.TableLookupNetwork.isRemoved(I)Z @ 6
Event: 5.657 Thread 0x00007f9e4c58a000 Uncommon trap: reason=intrinsic action=make_not_entrant pc=0x00007f9e3d4a01b4 method=com.statnlp.hybridnetworks.Network.sumLog(DD)D @ 76
Event: 5.660 Thread 0x00007f9e4c58a000 Uncommon trap: reason=intrinsic action=make_not_entrant pc=0x00007f9e3d47b154 method=com.statnlp.hybridnetworks.Network.sumLog(DD)D @ 76

Internal exceptions (10 events):
Event: 0.251 Thread 0x00007f9e4c00b800 Exception <a 'java/security/PrivilegedActionException'> (0x00000000d81fd6e0) thrown at [/HUDSON/workspace/8-2-build-linux-amd64/jdk8u131/8869/hotspot/src/share/vm/prims/jvm.cpp, line 1390]
Event: 0.251 Thread 0x00007f9e4c00b800 Exception <a 'java/security/PrivilegedActionException'> (0x00000000d81fd8f0) thrown at [/HUDSON/workspace/8-2-build-linux-amd64/jdk8u131/8869/hotspot/src/share/vm/prims/jvm.cpp, line 1390]
Event: 0.253 Thread 0x00007f9e4c00b800 Exception <a 'java/security/PrivilegedActionException'> (0x00000000d820e560) thrown at [/HUDSON/workspace/8-2-build-linux-amd64/jdk8u131/8869/hotspot/src/share/vm/prims/jvm.cpp, line 1390]
Event: 0.253 Thread 0x00007f9e4c00b800 Exception <a 'java/security/PrivilegedActionException'> (0x00000000d820e770) thrown at [/HUDSON/workspace/8-2-build-linux-amd64/jdk8u131/8869/hotspot/src/share/vm/prims/jvm.cpp, line 1390]
Event: 0.253 Thread 0x00007f9e4c00b800 Exception <a 'java/security/PrivilegedActionException'> (0x00000000d820f7f8) thrown at [/HUDSON/workspace/8-2-build-linux-amd64/jdk8u131/8869/hotspot/src/share/vm/prims/jvm.cpp, line 1390]
Event: 0.253 Thread 0x00007f9e4c00b800 Exception <a 'java/security/PrivilegedActionException'> (0x00000000d820fa08) thrown at [/HUDSON/workspace/8-2-build-linux-amd64/jdk8u131/8869/hotspot/src/share/vm/prims/jvm.cpp, line 1390]
Event: 0.684 Thread 0x00007f9e4c00b800 Exception <a 'java/lang/ArrayIndexOutOfBoundsException': 18> (0x00000000d90cfc58) thrown at [/HUDSON/workspace/8-2-build-linux-amd64/jdk8u131/8869/hotspot/src/share/vm/interpreter/interpreterRuntime.cpp, line 366]
Event: 0.854 Thread 0x00007f9e4c00b800 Exception <a 'java/lang/NoSuchFieldError': method resolution failed> (0x00000000d9549b78) thrown at [/HUDSON/workspace/8-2-build-linux-amd64/jdk8u131/8869/hotspot/src/share/vm/prims/methodHandles.cpp, line 1146]
Event: 0.856 Thread 0x00007f9e4c00b800 Exception <a 'java/lang/NoSuchFieldError': method resolution failed> (0x00000000d9556e98) thrown at [/HUDSON/workspace/8-2-build-linux-amd64/jdk8u131/8869/hotspot/src/share/vm/prims/methodHandles.cpp, line 1146]
Event: 5.863 Thread 0x00007f9e4c00b800 Exception <a 'java/lang/UnsatisfiedLinkError': com.statnlp.hybridnetworks.optimizer.set_gradients([D)V> (0x00000000d80e20b8) thrown at [/HUDSON/workspace/8-2-build-linux-amd64/jdk8u131/8869/hotspot/src/share/vm/prims/nativeLookup.cpp, line 378]

Events (10 events):
Event: 5.853 Thread 0x00007f9e4c58c000 DEOPT PACKING pc=0x00007f9e3d472dfd sp=0x00007f9e29ee22b0
Event: 5.853 Thread 0x00007f9e4c58c000 DEOPT UNPACKING pc=0x00007f9e3d047633 sp=0x00007f9e29ee20a8 mode 0
Event: 5.854 Thread 0x00007f9e4c58c000 DEOPT PACKING pc=0x00007f9e3d496840 sp=0x00007f9e29ee2240
Event: 5.854 Thread 0x00007f9e4c58c000 DEOPT UNPACKING pc=0x00007f9e3d047633 sp=0x00007f9e29ee1fd0 mode 0
Event: 5.856 Thread 0x00007f9e4c58c000 DEOPT PACKING pc=0x00007f9e3d472dfd sp=0x00007f9e29ee22b0
Event: 5.856 Thread 0x00007f9e4c58c000 DEOPT UNPACKING pc=0x00007f9e3d047633 sp=0x00007f9e29ee20a8 mode 0
Event: 5.857 Thread 0x00007f9e4c58c000 DEOPT PACKING pc=0x00007f9e3d472dfd sp=0x00007f9e29ee22b0
Event: 5.857 Thread 0x00007f9e4c58c000 DEOPT UNPACKING pc=0x00007f9e3d047633 sp=0x00007f9e29ee20a8 mode 0
Event: 5.863 loading class java/lang/UnsatisfiedLinkError
Event: 5.863 loading class java/lang/UnsatisfiedLinkError done


Dynamic libraries:
00400000-00401000 r-xp 00000000 08:01 56237226                           /usr/lib/jvm/java-8-oracle/bin/java
00600000-00601000 rw-p 00000000 08:01 56237226                           /usr/lib/jvm/java-8-oracle/bin/java
012ef000-01310000 rw-p 00000000 00:00 0                                  [heap]
87600000-8c780000 rw-p 00000000 00:00 0 
8c780000-d7d00000 ---p 00000000 00:00 0 
d7d00000-f7a00000 rw-p 00000000 00:00 0 
f7a00000-100000000 ---p 00000000 00:00 0 
100000000-1001a0000 rw-p 00000000 00:00 0 
1001a0000-140000000 ---p 00000000 00:00 0 
7f9df0000000-7f9df0021000 rw-p 00000000 00:00 0 
7f9df0021000-7f9df4000000 ---p 00000000 00:00 0 
7f9df4000000-7f9df4021000 rw-p 00000000 00:00 0 
7f9df4021000-7f9df8000000 ---p 00000000 00:00 0 
7f9df8000000-7f9df8021000 rw-p 00000000 00:00 0 
7f9df8021000-7f9dfc000000 ---p 00000000 00:00 0 
7f9dfc000000-7f9dfc021000 rw-p 00000000 00:00 0 
7f9dfc021000-7f9e00000000 ---p 00000000 00:00 0 
7f9e00000000-7f9e00021000 rw-p 00000000 00:00 0 
7f9e00021000-7f9e04000000 ---p 00000000 00:00 0 
7f9e04000000-7f9e04021000 rw-p 00000000 00:00 0 
7f9e04021000-7f9e08000000 ---p 00000000 00:00 0 
7f9e08000000-7f9e08ab9000 rw-p 00000000 00:00 0 
7f9e08ab9000-7f9e0c000000 ---p 00000000 00:00 0 
7f9e0c000000-7f9e0c578000 rw-p 00000000 00:00 0 
7f9e0c578000-7f9e10000000 ---p 00000000 00:00 0 
7f9e10000000-7f9e10021000 rw-p 00000000 00:00 0 
7f9e10021000-7f9e14000000 ---p 00000000 00:00 0 
7f9e14000000-7f9e15121000 rw-p 00000000 00:00 0 
7f9e15121000-7f9e18000000 ---p 00000000 00:00 0 
7f9e18000000-7f9e18021000 rw-p 00000000 00:00 0 
7f9e18021000-7f9e1c000000 ---p 00000000 00:00 0 
7f9e1c000000-7f9e1c021000 rw-p 00000000 00:00 0 
7f9e1c021000-7f9e20000000 ---p 00000000 00:00 0 
7f9e20000000-7f9e20021000 rw-p 00000000 00:00 0 
7f9e20021000-7f9e24000000 ---p 00000000 00:00 0 
7f9e24000000-7f9e24021000 rw-p 00000000 00:00 0 
7f9e24021000-7f9e28000000 ---p 00000000 00:00 0 
7f9e298c3000-7f9e298ca000 r-xp 00000000 08:01 56362018                   /usr/local/lib/liblbfgs-1.10.so
7f9e298ca000-7f9e29ac9000 ---p 00007000 08:01 56362018                   /usr/local/lib/liblbfgs-1.10.so
7f9e29ac9000-7f9e29aca000 r--p 00006000 08:01 56362018                   /usr/local/lib/liblbfgs-1.10.so
7f9e29aca000-7f9e29acb000 rw-p 00007000 08:01 56362018                   /usr/local/lib/liblbfgs-1.10.so
7f9e29adf000-7f9e29ae1000 r-xp 00000000 08:01 25429913                   /home/roozbeh/Documents/statnlp-core_2/target/optimizer.so
7f9e29ae1000-7f9e29ce0000 ---p 00002000 08:01 25429913                   /home/roozbeh/Documents/statnlp-core_2/target/optimizer.so
7f9e29ce0000-7f9e29ce1000 r--p 00001000 08:01 25429913                   /home/roozbeh/Documents/statnlp-core_2/target/optimizer.so
7f9e29ce1000-7f9e29ce2000 rw-p 00002000 08:01 25429913                   /home/roozbeh/Documents/statnlp-core_2/target/optimizer.so
7f9e29ce2000-7f9e29ce5000 ---p 00000000 00:00 0 
7f9e29ce5000-7f9e29de3000 rw-p 00000000 00:00 0 
7f9e29de3000-7f9e29de6000 ---p 00000000 00:00 0 
7f9e29de6000-7f9e29ee4000 rw-p 00000000 00:00 0 
7f9e29ee4000-7f9e29ee7000 ---p 00000000 00:00 0 
7f9e29ee7000-7f9e29fe5000 rw-p 00000000 00:00 0 
7f9e29fe5000-7f9e29fe8000 ---p 00000000 00:00 0 
7f9e29fe8000-7f9e2a1e6000 rw-p 00000000 00:00 0 
7f9e2a1e6000-7f9e2a2e6000 ---p 00000000 00:00 0 
7f9e2a2e6000-7f9e2a2f7000 r-xp 00000000 08:01 56888666                   /usr/lib/jvm/java-8-oracle/jre/lib/amd64/libnio.so
7f9e2a2f7000-7f9e2a4f6000 ---p 00011000 08:01 56888666                   /usr/lib/jvm/java-8-oracle/jre/lib/amd64/libnio.so
7f9e2a4f6000-7f9e2a4f7000 rw-p 00010000 08:01 56888666                   /usr/lib/jvm/java-8-oracle/jre/lib/amd64/libnio.so
7f9e2a4f7000-7f9e2a6f7000 rw-p 00000000 00:00 0 
7f9e2a6f7000-7f9e2a712000 r--s 001d3000 08:01 56888515                   /usr/lib/jvm/java-8-oracle/jre/lib/ext/nashorn.jar
7f9e2a712000-7f9e2aa13000 rw-p 00000000 00:00 0 
7f9e2aa13000-7f9e2aa29000 r-xp 00000000 08:01 56888663                   /usr/lib/jvm/java-8-oracle/jre/lib/amd64/libnet.so
7f9e2aa29000-7f9e2ac29000 ---p 00016000 08:01 56888663                   /usr/lib/jvm/java-8-oracle/jre/lib/amd64/libnet.so
7f9e2ac29000-7f9e2ac2a000 rw-p 00016000 08:01 56888663                   /usr/lib/jvm/java-8-oracle/jre/lib/amd64/libnet.so
7f9e2ac2a000-7f9e2ac33000 r-xp 00000000 08:01 56888671                   /usr/lib/jvm/java-8-oracle/jre/lib/amd64/libmanagement.so
7f9e2ac33000-7f9e2ae32000 ---p 00009000 08:01 56888671                   /usr/lib/jvm/java-8-oracle/jre/lib/amd64/libmanagement.so
7f9e2ae32000-7f9e2ae33000 rw-p 00008000 08:01 56888671                   /usr/lib/jvm/java-8-oracle/jre/lib/amd64/libmanagement.so
7f9e2ae33000-7f9e2ae37000 r--s 0001f000 08:01 22285071                   /home/roozbeh/.m2/repository/com/nebula2d/jnlua/1.0.4/jnlua-1.0.4.jar
7f9e2ae37000-7f9e2ae3a000 r--s 00019000 08:01 22285069                   /home/roozbeh/.m2/repository/org/freehep/freehep-graphicsio-tests/2.1.3/freehep-graphicsio-tests-2.1.3.jar
7f9e2ae3a000-7f9e2ae3d000 r--s 00010000 08:01 22285067                   /home/roozbeh/.m2/repository/org/freehep/freehep-graphicsio-pdf/2.1.3/freehep-graphicsio-pdf-2.1.3.jar
7f9e2ae3d000-7f9e2ae3f000 r--s 0001d000 08:01 22285065                   /home/roozbeh/.m2/repository/org/freehep/freehep-graphics2d/2.1.3/freehep-graphics2d-2.1.3.jar
7f9e2ae3f000-7f9e2ae41000 r--s 0000e000 08:01 22285063                   /home/roozbeh/.m2/repository/org/freehep/freehep-graphics-base/2.1.3/freehep-graphics-base-2.1.3.jar
7f9e2ae41000-7f9e2ae43000 r--s 0000f000 08:01 22285061                   /home/roozbeh/.m2/repository/org/freehep/freehep-io/2.0.5/freehep-io-2.0.5.jar
7f9e2ae43000-7f9e2ae47000 r--s 0002a000 08:01 22285059                   /home/roozbeh/.m2/repository/org/freehep/freehep-graphicsio/2.1.3/freehep-graphicsio-2.1.3.jar
7f9e2ae47000-7f9e2ae53000 r--s 00076000 08:01 22285057                   /home/roozbeh/.m2/repository/net/sourceforge/collections/collections-generic/4.01/collections-generic-4.01.jar
7f9e2ae53000-7f9e2ae55000 r--s 0000e000 08:01 22285055                   /home/roozbeh/.m2/repository/net/sf/jung/jung-graph-impl/2.0.1/jung-graph-impl-2.0.1.jar
7f9e2ae55000-7f9e2ae5c000 r--s 00028000 08:01 22285053                   /home/roozbeh/.m2/repository/concurrent/concurrent/1.3.4/concurrent-1.3.4.jar
7f9e2ae5c000-7f9e2ae6a000 r--s 00081000 08:01 22285051                   /home/roozbeh/.m2/repository/colt/colt/1.2.0/colt-1.2.0.jar
7f9e2ae6a000-7f9e2ae6f000 r--s 00034000 08:01 22285049                   /home/roozbeh/.m2/repository/net/sf/jung/jung-algorithms/2.0.1/jung-algorithms-2.0.1.jar
7f9e2ae6f000-7f9e2ae72000 r--s 00008000 08:01 22285047                   /home/roozbeh/.m2/repository/net/sf/jung/jung-api/2.0.1/jung-api-2.0.1.jar
7f9e2ae72000-7f9e2ae7a000 r--s 00048000 08:01 22285045                   /home/roozbeh/.m2/repository/net/sf/jung/jung-visualization/2.0.1/jung-visualization-2.0.1.jar
7f9e2ae7a000-7f9e2ae7f000 r--s 00024000 08:01 22285043                   /home/roozbeh/.m2/repository/org/ejml/ejml-simple/0.31/ejml-simple-0.31.jar
7f9e2ae7f000-7f9e2ae81000 r--s 00011000 08:01 22285039                   /home/roozbeh/.m2/repository/org/ejml/ejml-zdense/0.31/ejml-zdense-0.31.jar
7f9e2ae81000-7f9e2ae83000 r--s 00011000 08:01 22285037                   /home/roozbeh/.m2/repository/org/ejml/ejml-cdense/0.31/ejml-cdense-0.31.jar
7f9e2ae83000-7f9e2ae88000 r--s 00045000 08:01 22285035                   /home/roozbeh/.m2/repository/org/ejml/ejml-ddense/0.31/ejml-ddense-0.31.jar
7f9e2ae88000-7f9e2ae8d000 r--s 00045000 08:01 22285033                   /home/roozbeh/.m2/repository/org/ejml/ejml-fdense/0.31/ejml-fdense-0.31.jar
7f9e2ae8d000-7f9e2ae91000 r--s 0001e000 08:01 22285031                   /home/roozbeh/.m2/repository/org/ejml/ejml-core/0.31/ejml-core-0.31.jar
7f9e2ae91000-7f9e2aea2000 r--s 000cf000 08:01 22285027                   /home/roozbeh/.m2/repository/com/fasterxml/jackson/core/jackson-databind/2.3.2/jackson-databind-2.3.2.jar
7f9e2aea2000-7f9e2aea5000 r--s 0002e000 08:01 22285025                   /home/roozbeh/.m2/repository/com/fasterxml/jackson/core/jackson-core/2.3.2/jackson-core-2.3.2.jar
7f9e2aea5000-7f9e2aeb4000 r--s 0007f000 08:01 22285019                   /home/roozbeh/.m2/repository/joda-time/joda-time/2.3/joda-time-2.3.jar
7f9e2aeb4000-7f9e2aebd000 r--s 00053000 08:01 22284960                   /home/roozbeh/.m2/repository/com/typesafe/play/play-functional_2.11/2.3.4/play-functional_2.11-2.3.4.jar
7f9e2aebd000-7f9e2aecf000 r--s 000a1000 08:01 22284554                   /home/roozbeh/.m2/repository/com/typesafe/play/play-iteratees_2.11/2.3.4/play-iteratees_2.11-2.3.4.jar
7f9e2aecf000-7f9e2af1b000 r--s 00412000 08:01 22285013                   /home/roozbeh/.m2/repository/org/scala-lang/scala-reflect/2.11.7/scala-reflect-2.11.7.jar
7f9e2af1b000-7f9e2af73000 r--s 00523000 08:01 22285011                   /home/roozbeh/.m2/repository/org/scala-lang/scala-library/2.11.7/scala-library-2.11.7.jar
7f9e2af73000-7f9e2af9b000 r--s 00241000 08:01 22285001                   /home/roozbeh/.m2/repository/net/sf/trove4j/trove4j/3.0.3/trove4j-3.0.3.jar
7f9e2af9b000-7f9e2af9c000 ---p 00000000 00:00 0 
7f9e2af9c000-7f9e2b09c000 rw-p 00000000 00:00 0 
7f9e2b09c000-7f9e2b09f000 ---p 00000000 00:00 0 
7f9e2b09f000-7f9e2b19d000 rw-p 00000000 00:00 0 
7f9e2b19d000-7f9e2b1a0000 ---p 00000000 00:00 0 
7f9e2b1a0000-7f9e2b29e000 rw-p 00000000 00:00 0 
7f9e2b29e000-7f9e2b2a1000 ---p 00000000 00:00 0 
7f9e2b2a1000-7f9e2b39f000 rw-p 00000000 00:00 0 
7f9e2b39f000-7f9e2b3a2000 ---p 00000000 00:00 0 
7f9e2b3a2000-7f9e2b4a0000 rw-p 00000000 00:00 0 
7f9e2b4a0000-7f9e2b4a3000 ---p 00000000 00:00 0 
7f9e2b4a3000-7f9e2b5a1000 rw-p 00000000 00:00 0 
7f9e2b5a1000-7f9e2b9fa000 r--p 00000000 08:01 56232211                   /usr/lib/locale/locale-archive
7f9e2b9fa000-7f9e2b9fd000 ---p 00000000 00:00 0 
7f9e2b9fd000-7f9e2bafb000 rw-p 00000000 00:00 0 
7f9e2bafb000-7f9e2bafe000 ---p 00000000 00:00 0 
7f9e2bafe000-7f9e2bbfc000 rw-p 00000000 00:00 0 
7f9e2bbfc000-7f9e2bbfd000 ---p 00000000 00:00 0 
7f9e2bbfd000-7f9e2c000000 rw-p 00000000 00:00 0 
7f9e2c000000-7f9e2c021000 rw-p 00000000 00:00 0 
7f9e2c021000-7f9e30000000 ---p 00000000 00:00 0 
7f9e30000000-7f9e30021000 rw-p 00000000 00:00 0 
7f9e30021000-7f9e34000000 ---p 00000000 00:00 0 
7f9e34000000-7f9e34021000 rw-p 00000000 00:00 0 
7f9e34021000-7f9e38000000 ---p 00000000 00:00 0 
7f9e38001000-7f9e38005000 r--s 00015000 08:01 22285021                   /home/roozbeh/.m2/repository/org/joda/joda-convert/1.6/joda-convert-1.6.jar
7f9e38005000-7f9e38021000 r--s 0013c000 08:01 22284999                   /home/roozbeh/.m2/repository/org/apache/logging/log4j/log4j-core/2.8.2/log4j-core-2.8.2.jar
7f9e38021000-7f9e3d000000 rw-p 00000000 00:00 0 
7f9e3d000000-7f9e3d4c0000 rwxp 00000000 00:00 0 
7f9e3d4c0000-7f9e4c000000 ---p 00000000 00:00 0 
7f9e4c000000-7f9e4c86e000 rw-p 00000000 00:00 0 
7f9e4c86e000-7f9e50000000 ---p 00000000 00:00 0 
7f9e50000000-7f9e50001000 r--s 00004000 08:01 22285041                   /home/roozbeh/.m2/repository/org/ejml/ejml-dsparse/0.31/ejml-dsparse-0.31.jar
7f9e50001000-7f9e50003000 r--s 00007000 08:01 22285023                   /home/roozbeh/.m2/repository/com/fasterxml/jackson/core/jackson-annotations/2.3.2/jackson-annotations-2.3.2.jar
7f9e50003000-7f9e5000c000 r--s 00091000 08:01 22285015                   /home/roozbeh/.m2/repository/org/scala-stm/scala-stm_2.11/0.7/scala-stm_2.11-0.7.jar
7f9e5000c000-7f9e50017000 r--s 0008f000 08:01 22284552                   /home/roozbeh/.m2/repository/com/typesafe/play/play-json_2.11/2.3.4/play-json_2.11-2.3.4.jar
7f9e50017000-7f9e50167000 rw-p 00000000 00:00 0 
7f9e50167000-7f9e50340000 r--s 03d40000 08:01 56756593                   /usr/lib/jvm/java-8-oracle/jre/lib/rt.jar
7f9e50340000-7f9e5077b000 rw-p 00000000 00:00 0 
7f9e5077b000-7f9e5077c000 ---p 00000000 00:00 0 
7f9e5077c000-7f9e5087c000 rw-p 00000000 00:00 0 
7f9e5087c000-7f9e5087d000 ---p 00000000 00:00 0 
7f9e5087d000-7f9e5097d000 rw-p 00000000 00:00 0 
7f9e5097d000-7f9e5097e000 ---p 00000000 00:00 0 
7f9e5097e000-7f9e50a7e000 rw-p 00000000 00:00 0 
7f9e50a7e000-7f9e50a7f000 ---p 00000000 00:00 0 
7f9e50a7f000-7f9e50ba8000 rw-p 00000000 00:00 0 
7f9e50ba8000-7f9e50e03000 ---p 00000000 00:00 0 
7f9e50e03000-7f9e50e2c000 rw-p 00000000 00:00 0 
7f9e50e2c000-7f9e51086000 ---p 00000000 00:00 0 
7f9e51086000-7f9e51185000 rw-p 00000000 00:00 0 
7f9e51185000-7f9e511c8000 ---p 00000000 00:00 0 
7f9e511c8000-7f9e511dc000 rw-p 00000000 00:00 0 
7f9e511dc000-7f9e51589000 ---p 00000000 00:00 0 
7f9e51589000-7f9e515a3000 r-xp 00000000 08:01 56888659                   /usr/lib/jvm/java-8-oracle/jre/lib/amd64/libzip.so
7f9e515a3000-7f9e517a3000 ---p 0001a000 08:01 56888659                   /usr/lib/jvm/java-8-oracle/jre/lib/amd64/libzip.so
7f9e517a3000-7f9e517a4000 rw-p 0001a000 08:01 56888659                   /usr/lib/jvm/java-8-oracle/jre/lib/amd64/libzip.so
7f9e517a4000-7f9e517af000 r-xp 00000000 08:01 54525988                   /lib/x86_64-linux-gnu/libnss_files-2.23.so
7f9e517af000-7f9e519ae000 ---p 0000b000 08:01 54525988                   /lib/x86_64-linux-gnu/libnss_files-2.23.so
7f9e519ae000-7f9e519af000 r--p 0000a000 08:01 54525988                   /lib/x86_64-linux-gnu/libnss_files-2.23.so
7f9e519af000-7f9e519b0000 rw-p 0000b000 08:01 54525988                   /lib/x86_64-linux-gnu/libnss_files-2.23.so
7f9e519b0000-7f9e519b6000 rw-p 00000000 00:00 0 
7f9e519b6000-7f9e519c1000 r-xp 00000000 08:01 54525991                   /lib/x86_64-linux-gnu/libnss_nis-2.23.so
7f9e519c1000-7f9e51bc0000 ---p 0000b000 08:01 54525991                   /lib/x86_64-linux-gnu/libnss_nis-2.23.so
7f9e51bc0000-7f9e51bc1000 r--p 0000a000 08:01 54525991                   /lib/x86_64-linux-gnu/libnss_nis-2.23.so
7f9e51bc1000-7f9e51bc2000 rw-p 0000b000 08:01 54525991                   /lib/x86_64-linux-gnu/libnss_nis-2.23.so
7f9e51bc2000-7f9e51bd8000 r-xp 00000000 08:01 54525956                   /lib/x86_64-linux-gnu/libnsl-2.23.so
7f9e51bd8000-7f9e51dd7000 ---p 00016000 08:01 54525956                   /lib/x86_64-linux-gnu/libnsl-2.23.so
7f9e51dd7000-7f9e51dd8000 r--p 00015000 08:01 54525956                   /lib/x86_64-linux-gnu/libnsl-2.23.so
7f9e51dd8000-7f9e51dd9000 rw-p 00016000 08:01 54525956                   /lib/x86_64-linux-gnu/libnsl-2.23.so
7f9e51dd9000-7f9e51ddb000 rw-p 00000000 00:00 0 
7f9e51ddb000-7f9e51de3000 r-xp 00000000 08:01 54525997                   /lib/x86_64-linux-gnu/libnss_compat-2.23.so
7f9e51de3000-7f9e51fe2000 ---p 00008000 08:01 54525997                   /lib/x86_64-linux-gnu/libnss_compat-2.23.so
7f9e51fe2000-7f9e51fe3000 r--p 00007000 08:01 54525997                   /lib/x86_64-linux-gnu/libnss_compat-2.23.so
7f9e51fe3000-7f9e51fe4000 rw-p 00008000 08:01 54525997                   /lib/x86_64-linux-gnu/libnss_compat-2.23.so
7f9e51fe4000-7f9e5200f000 r-xp 00000000 08:01 56888653                   /usr/lib/jvm/java-8-oracle/jre/lib/amd64/libjava.so
7f9e5200f000-7f9e5220e000 ---p 0002b000 08:01 56888653                   /usr/lib/jvm/java-8-oracle/jre/lib/amd64/libjava.so
7f9e5220e000-7f9e52210000 rw-p 0002a000 08:01 56888653                   /usr/lib/jvm/java-8-oracle/jre/lib/amd64/libjava.so
7f9e52210000-7f9e5221d000 r-xp 00000000 08:01 56888658                   /usr/lib/jvm/java-8-oracle/jre/lib/amd64/libverify.so
7f9e5221d000-7f9e5241c000 ---p 0000d000 08:01 56888658                   /usr/lib/jvm/java-8-oracle/jre/lib/amd64/libverify.so
7f9e5241c000-7f9e5241e000 rw-p 0000c000 08:01 56888658                   /usr/lib/jvm/java-8-oracle/jre/lib/amd64/libverify.so
7f9e5241e000-7f9e52425000 r-xp 00000000 08:01 54525993                   /lib/x86_64-linux-gnu/librt-2.23.so
7f9e52425000-7f9e52624000 ---p 00007000 08:01 54525993                   /lib/x86_64-linux-gnu/librt-2.23.so
7f9e52624000-7f9e52625000 r--p 00006000 08:01 54525993                   /lib/x86_64-linux-gnu/librt-2.23.so
7f9e52625000-7f9e52626000 rw-p 00007000 08:01 54525993                   /lib/x86_64-linux-gnu/librt-2.23.so
7f9e52626000-7f9e5272e000 r-xp 00000000 08:01 54526002                   /lib/x86_64-linux-gnu/libm-2.23.so
7f9e5272e000-7f9e5292d000 ---p 00108000 08:01 54526002                   /lib/x86_64-linux-gnu/libm-2.23.so
7f9e5292d000-7f9e5292e000 r--p 00107000 08:01 54526002                   /lib/x86_64-linux-gnu/libm-2.23.so
7f9e5292e000-7f9e5292f000 rw-p 00108000 08:01 54526002                   /lib/x86_64-linux-gnu/libm-2.23.so
7f9e5292f000-7f9e535fe000 r-xp 00000000 08:01 56888636                   /usr/lib/jvm/java-8-oracle/jre/lib/amd64/server/libjvm.so
7f9e535fe000-7f9e537fe000 ---p 00ccf000 08:01 56888636                   /usr/lib/jvm/java-8-oracle/jre/lib/amd64/server/libjvm.so
7f9e537fe000-7f9e538d7000 rw-p 00ccf000 08:01 56888636                   /usr/lib/jvm/java-8-oracle/jre/lib/amd64/server/libjvm.so
7f9e538d7000-7f9e53922000 rw-p 00000000 00:00 0 
7f9e53922000-7f9e53ae2000 r-xp 00000000 08:01 54530401                   /lib/x86_64-linux-gnu/libc-2.23.so
7f9e53ae2000-7f9e53ce2000 ---p 001c0000 08:01 54530401                   /lib/x86_64-linux-gnu/libc-2.23.so
7f9e53ce2000-7f9e53ce6000 r--p 001c0000 08:01 54530401                   /lib/x86_64-linux-gnu/libc-2.23.so
7f9e53ce6000-7f9e53ce8000 rw-p 001c4000 08:01 54530401                   /lib/x86_64-linux-gnu/libc-2.23.so
7f9e53ce8000-7f9e53cec000 rw-p 00000000 00:00 0 
7f9e53cec000-7f9e53cef000 r-xp 00000000 08:01 54525996                   /lib/x86_64-linux-gnu/libdl-2.23.so
7f9e53cef000-7f9e53eee000 ---p 00003000 08:01 54525996                   /lib/x86_64-linux-gnu/libdl-2.23.so
7f9e53eee000-7f9e53eef000 r--p 00002000 08:01 54525996                   /lib/x86_64-linux-gnu/libdl-2.23.so
7f9e53eef000-7f9e53ef0000 rw-p 00003000 08:01 54525996                   /lib/x86_64-linux-gnu/libdl-2.23.so
7f9e53ef0000-7f9e53f05000 r-xp 00000000 08:01 56754534                   /usr/lib/jvm/java-8-oracle/lib/amd64/jli/libjli.so
7f9e53f05000-7f9e54105000 ---p 00015000 08:01 56754534                   /usr/lib/jvm/java-8-oracle/lib/amd64/jli/libjli.so
7f9e54105000-7f9e54106000 rw-p 00015000 08:01 56754534                   /usr/lib/jvm/java-8-oracle/lib/amd64/jli/libjli.so
7f9e54106000-7f9e5411e000 r-xp 00000000 08:01 54525990                   /lib/x86_64-linux-gnu/libpthread-2.23.so
7f9e5411e000-7f9e5431d000 ---p 00018000 08:01 54525990                   /lib/x86_64-linux-gnu/libpthread-2.23.so
7f9e5431d000-7f9e5431e000 r--p 00017000 08:01 54525990                   /lib/x86_64-linux-gnu/libpthread-2.23.so
7f9e5431e000-7f9e5431f000 rw-p 00018000 08:01 54525990                   /lib/x86_64-linux-gnu/libpthread-2.23.so
7f9e5431f000-7f9e54323000 rw-p 00000000 00:00 0 
7f9e54323000-7f9e54349000 r-xp 00000000 08:01 54525965                   /lib/x86_64-linux-gnu/ld-2.23.so
7f9e54349000-7f9e5434a000 r--s 00000000 08:01 22285029                   /home/roozbeh/.m2/repository/org/ejml/ejml-all/0.31/ejml-all-0.31.jar
7f9e5434a000-7f9e5434e000 r--s 00032000 08:01 22285017                   /home/roozbeh/.m2/repository/com/typesafe/config/1.2.1/config-1.2.1.jar
7f9e5434e000-7f9e54350000 r--s 00014000 08:01 22284940                   /home/roozbeh/.m2/repository/th4j-generate/th4j-generate_2.11/0.1/th4j-generate_2.11-0.1.jar
7f9e54350000-7f9e54354000 r--s 0005c000 08:01 22284938                   /home/roozbeh/.m2/repository/th4j-core/th4j-core_2.11/0.1/th4j-core_2.11-0.1.jar
7f9e54354000-7f9e54358000 r--s 00107000 08:01 22285009                   /home/roozbeh/.m2/repository/net/java/dev/jna/jna/4.2.0/jna-4.2.0.jar
7f9e54358000-7f9e5435b000 r--s 00019000 08:01 22285005                   /home/roozbeh/.m2/repository/org/msgpack/msgpack-core/0.8.8/msgpack-core-0.8.8.jar
7f9e5435b000-7f9e5435e000 r--s 00014000 08:01 22285003                   /home/roozbeh/.m2/repository/net/sourceforge/argparse4j/argparse4j/0.7.0/argparse4j-0.7.0.jar
7f9e5435e000-7f9e54363000 r--s 00033000 08:01 22284997                   /home/roozbeh/.m2/repository/org/apache/logging/log4j/log4j-api/2.8.2/log4j-api-2.8.2.jar
7f9e54363000-7f9e5442d000 rw-p 00000000 00:00 0 
7f9e5442d000-7f9e54430000 ---p 00000000 00:00 0 
7f9e54430000-7f9e54532000 rw-p 00000000 00:00 0 
7f9e54532000-7f9e54533000 r--s 00001000 08:01 22284962                   /home/roozbeh/.m2/repository/com/typesafe/play/play-datacommons_2.11/2.3.4/play-datacommons_2.11-2.3.4.jar
7f9e54533000-7f9e54534000 r--s 0000e000 08:01 22285007                   /home/roozbeh/.m2/repository/org/zeromq/jzmq/3.1.0/jzmq-3.1.0.jar
7f9e54534000-7f9e54536000 r--s 00009000 08:01 22284995                   /home/roozbeh/.m2/repository/org/hamcrest/hamcrest-core/1.3/hamcrest-core-1.3.jar
7f9e54536000-7f9e5453c000 r--s 00036000 08:01 22284993                   /home/roozbeh/.m2/repository/junit/junit/4.11/junit-4.11.jar
7f9e5453c000-7f9e54544000 rw-s 00000000 08:01 60162472                   /tmp/hsperfdata_roozbeh/2657
7f9e54544000-7f9e54545000 rw-p 00000000 00:00 0 
7f9e54545000-7f9e54546000 r--p 00000000 00:00 0 
7f9e54546000-7f9e54548000 rw-p 00000000 00:00 0 
7f9e54548000-7f9e54549000 r--p 00025000 08:01 54525965                   /lib/x86_64-linux-gnu/ld-2.23.so
7f9e54549000-7f9e5454a000 rw-p 00026000 08:01 54525965                   /lib/x86_64-linux-gnu/ld-2.23.so
7f9e5454a000-7f9e5454b000 rw-p 00000000 00:00 0 
7ffd9d341000-7ffd9d363000 rw-p 00000000 00:00 0                          [stack]
7ffd9d37b000-7ffd9d37d000 r--p 00000000 00:00 0                          [vvar]
7ffd9d37d000-7ffd9d37f000 r-xp 00000000 00:00 0                          [vdso]
ffffffffff600000-ffffffffff601000 r-xp 00000000 00:00 0                  [vsyscall]

VM Arguments:
jvm_args: -Dfile.encoding=UTF-8 
java_command: com.statnlp.example.LinearCRFMain
java_class_path (initial): /home/roozbeh/Documents/statnlp-core_2/target/test-classes:/home/roozbeh/Documents/statnlp-core_2/target/classes:/home/roozbeh/.m2/repository/junit/junit/4.11/junit-4.11.jar:/home/roozbeh/.m2/repository/org/hamcrest/hamcrest-core/1.3/hamcrest-core-1.3.jar:/home/roozbeh/.m2/repository/org/apache/logging/log4j/log4j-api/2.8.2/log4j-api-2.8.2.jar:/home/roozbeh/.m2/repository/org/apache/logging/log4j/log4j-core/2.8.2/log4j-core-2.8.2.jar:/home/roozbeh/.m2/repository/net/sf/trove4j/trove4j/3.0.3/trove4j-3.0.3.jar:/home/roozbeh/.m2/repository/net/sourceforge/argparse4j/argparse4j/0.7.0/argparse4j-0.7.0.jar:/home/roozbeh/.m2/repository/org/msgpack/msgpack-core/0.8.8/msgpack-core-0.8.8.jar:/home/roozbeh/.m2/repository/org/zeromq/jzmq/3.1.0/jzmq-3.1.0.jar:/home/roozbeh/.m2/repository/net/java/dev/jna/jna/4.2.0/jna-4.2.0.jar:/home/roozbeh/.m2/repository/th4j-core/th4j-core_2.11/0.1/th4j-core_2.11-0.1.jar:/home/roozbeh/.m2/repository/org/scala-lang/scala-library/2.11.7/scala-library-2.11.7.jar:/home/roozbeh/.m2/repository/th4j-generate/th4j-generate_2.11/0.1/th4j-generate_2.11-0.1.jar:/home/roozbeh/.m2/repository/org/scala-lang/scala-reflect/2.11.7/scala-reflect-2.11.7.jar:/home/roozbeh/.m2/repository/com/typesafe/play/play-json_2.11/2.3.4/play-json_2.11-2.3.4.jar:/home/roozbeh/.m2/repository/com/typesafe/play/play-iteratees_2.11/2.3.4/play-iteratees_2.11-2.3.4.jar:/home/roozbeh/.m2/repository/org/scala-stm/scala-stm_2.11/0.7/scala-stm_2.11-0.7.jar:/home/roozbeh/.m2/repository/com/typesafe/config/1.2.1/config-1.2.1.jar:/home/roozbeh/.m2/repository/com/typesafe/play/play-functional_2.11/2.3.4/play-functional_2.11-2.3.4.jar:/home/roozbeh/.m2/repository/com/typesafe/play/play-datacommons_2.11/2.3.4/play-datacommons_2.11-2.3.4.jar:/home/roozbeh/.m2/repository/joda-time/joda-time/2.3/joda-time-2.3.jar:/home/roozbeh/.m2/repository/org/joda/joda-convert/1.6/joda-convert-1.6.jar:/home/roozbeh/.m2/repository/com/fasterxml/jackson/core/jackson-annotations/2.
Launcher Type: SUN_STANDARD

Environment Variables:
JAVA_HOME=/usr/lib/jvm/java-8-oracle
PATH=/home/roozbeh/bin:/home/roozbeh/.local/bin:/usr/local/sbin:/usr/local/bin:/usr/sbin:/usr/bin:/sbin:/bin:/usr/games:/usr/local/games:/usr/lib/jvm/java-8-oracle/bin:/usr/lib/jvm/java-8-oracle/db/bin:/usr/lib/jvm/java-8-oracle/jre/bin
SHELL=/bin/bash
DISPLAY=:0

Signal Handlers:
SIGSEGV: [libjvm.so+0xac8af0], sa_mask[0]=11111111011111111101111111111110, sa_flags=SA_RESTART|SA_SIGINFO
SIGBUS: [libjvm.so+0xac8af0], sa_mask[0]=11111111011111111101111111111110, sa_flags=SA_RESTART|SA_SIGINFO
SIGFPE: [libjvm.so+0x921dd0], sa_mask[0]=11111111011111111101111111111110, sa_flags=SA_RESTART|SA_SIGINFO
SIGPIPE: [libjvm.so+0x921dd0], sa_mask[0]=11111111011111111101111111111110, sa_flags=SA_RESTART|SA_SIGINFO
SIGXFSZ: [libjvm.so+0x921dd0], sa_mask[0]=11111111011111111101111111111110, sa_flags=SA_RESTART|SA_SIGINFO
SIGILL: [libjvm.so+0x921dd0], sa_mask[0]=11111111011111111101111111111110, sa_flags=SA_RESTART|SA_SIGINFO
SIGUSR1: SIG_DFL, sa_mask[0]=00000000000000000000000000000000, sa_flags=none
SIGUSR2: [libjvm.so+0x923610], sa_mask[0]=00100000000000000000000000000000, sa_flags=SA_RESTART|SA_SIGINFO
SIGHUP: [libjvm.so+0x924a10], sa_mask[0]=11111111011111111101111111111110, sa_flags=SA_RESTART|SA_SIGINFO
SIGINT: [libjvm.so+0x924a10], sa_mask[0]=11111111011111111101111111111110, sa_flags=SA_RESTART|SA_SIGINFO
SIGTERM: [libjvm.so+0x924a10], sa_mask[0]=11111111011111111101111111111110, sa_flags=SA_RESTART|SA_SIGINFO
SIGQUIT: [libjvm.so+0x924a10], sa_mask[0]=11111111011111111101111111111110, sa_flags=SA_RESTART|SA_SIGINFO


---------------  S Y S T E M  ---------------

OS:DISTRIB_ID=Ubuntu
DISTRIB_RELEASE=16.04
DISTRIB_CODENAME=xenial
DISTRIB_DESCRIPTION="Ubuntu 16.04.2 LTS"

uname:Linux 4.8.0-36-generic #36~16.04.1-Ubuntu SMP Sun Feb 5 09:39:57 UTC 2017 x86_64
libc:glibc 2.23 NPTL 2.23 
rlimit: STACK 8192k, CORE 0k, NPROC 30710, NOFILE 65536, AS infinity
load average:11.48 3.96 2.17

/proc/meminfo:
MemTotal:        7904384 kB
MemFree:         1933092 kB
MemAvailable:    2963608 kB
Buffers:          108028 kB
Cached:          1165700 kB
SwapCached:        90240 kB
Active:          4231728 kB
Inactive:        1434108 kB
Active(anon):    3585520 kB
Inactive(anon):   886992 kB
Active(file):     646208 kB
Inactive(file):   547116 kB
Unevictable:          32 kB
Mlocked:              32 kB
SwapTotal:       8115196 kB
SwapFree:        6889084 kB
Dirty:             20448 kB
Writeback:             0 kB
AnonPages:       4208700 kB
Mapped:           286080 kB
Shmem:             80188 kB
Slab:             161556 kB
SReclaimable:     119120 kB
SUnreclaim:        42436 kB
KernelStack:       10272 kB
PageTables:        41216 kB
NFS_Unstable:          0 kB
Bounce:                0 kB
WritebackTmp:          0 kB
CommitLimit:    12067388 kB
Committed_AS:    9592616 kB
VmallocTotal:   34359738367 kB
VmallocUsed:           0 kB
VmallocChunk:          0 kB
HardwareCorrupted:     0 kB
AnonHugePages:   2254848 kB
ShmemHugePages:        0 kB
ShmemPmdMapped:        0 kB
CmaTotal:              0 kB
CmaFree:               0 kB
HugePages_Total:       0
HugePages_Free:        0
HugePages_Rsvd:        0
HugePages_Surp:        0
Hugepagesize:       2048 kB
DirectMap4k:      250444 kB
DirectMap2M:     7866368 kB
DirectMap1G:     1048576 kB


CPU:total 4 (initial active 4) (2 cores per cpu, 2 threads per core) family 6 model 61 stepping 4, cmov, cx8, fxsr, mmx, sse, sse2, sse3, ssse3, sse4.1, sse4.2, popcnt, avx, avx2, aes, clmul, erms, 3dnowpref, lzcnt, ht, tsc, tscinvbit, bmi1, bmi2, adx

/proc/cpuinfo:
processor	: 0
vendor_id	: GenuineIntel
cpu family	: 6
model		: 61
model name	: Intel(R) Core(TM) i7-5500U CPU @ 2.40GHz
stepping	: 4
microcode	: 0x1a
cpu MHz		: 2799.902
cache size	: 4096 KB
physical id	: 0
siblings	: 4
core id		: 0
cpu cores	: 2
apicid		: 0
initial apicid	: 0
fpu		: yes
fpu_exception	: yes
cpuid level	: 20
wp		: yes
flags		: fpu vme de pse tsc msr pae mce cx8 apic sep mtrr pge mca cmov pat pse36 clflush dts acpi mmx fxsr sse sse2 ss ht tm pbe syscall nx pdpe1gb rdtscp lm constant_tsc arch_perfmon pebs bts rep_good nopl xtopology nonstop_tsc aperfmperf eagerfpu pni pclmulqdq dtes64 monitor ds_cpl vmx est tm2 ssse3 sdbg fma cx16 xtpr pdcm pcid sse4_1 sse4_2 x2apic movbe popcnt tsc_deadline_timer aes xsave avx f16c rdrand lahf_lm abm 3dnowprefetch epb intel_pt tpr_shadow vnmi flexpriority ept vpid fsgsbase tsc_adjust bmi1 avx2 smep bmi2 erms invpcid rdseed adx smap xsaveopt dtherm ida arat pln pts
bugs		:
bogomips	: 4788.90
clflush size	: 64
cache_alignment	: 64
address sizes	: 39 bits physical, 48 bits virtual
power management:

processor	: 1
vendor_id	: GenuineIntel
cpu family	: 6
model		: 61
model name	: Intel(R) Core(TM) i7-5500U CPU @ 2.40GHz
stepping	: 4
microcode	: 0x1a
cpu MHz		: 2800.048
cache size	: 4096 KB
physical id	: 0
siblings	: 4
core id		: 0
cpu cores	: 2
apicid		: 1
initial apicid	: 1
fpu		: yes
fpu_exception	: yes
cpuid level	: 20
wp		: yes
flags		: fpu vme de pse tsc msr pae mce cx8 apic sep mtrr pge mca cmov pat pse36 clflush dts acpi mmx fxsr sse sse2 ss ht tm pbe syscall nx pdpe1gb rdtscp lm constant_tsc arch_perfmon pebs bts rep_good nopl xtopology nonstop_tsc aperfmperf eagerfpu pni pclmulqdq dtes64 monitor ds_cpl vmx est tm2 ssse3 sdbg fma cx16 xtpr pdcm pcid sse4_1 sse4_2 x2apic movbe popcnt tsc_deadline_timer aes xsave avx f16c rdrand lahf_lm abm 3dnowprefetch epb intel_pt tpr_shadow vnmi flexpriority ept vpid fsgsbase tsc_adjust bmi1 avx2 smep bmi2 erms invpcid rdseed adx smap xsaveopt dtherm ida arat pln pts
bugs		:
bogomips	: 4788.90
clflush size	: 64
cache_alignment	: 64
address sizes	: 39 bits physical, 48 bits virtual
power management:

processor	: 2
vendor_id	: GenuineIntel
cpu family	: 6
model		: 61
model name	: Intel(R) Core(TM) i7-5500U CPU @ 2.40GHz
stepping	: 4
microcode	: 0x1a
cpu MHz		: 2799.902
cache size	: 4096 KB
physical id	: 0
siblings	: 4
core id		: 1
cpu cores	: 2
apicid		: 2
initial apicid	: 2
fpu		: yes
fpu_exception	: yes
cpuid level	: 20
wp		: yes
flags		: fpu vme de pse tsc msr pae mce cx8 apic sep mtrr pge mca cmov pat pse36 clflush dts acpi mmx fxsr sse sse2 ss ht tm pbe syscall nx pdpe1gb rdtscp lm constant_tsc arch_perfmon pebs bts rep_good nopl xtopology nonstop_tsc aperfmperf eagerfpu pni pclmulqdq dtes64 monitor ds_cpl vmx est tm2 ssse3 sdbg fma cx16 xtpr pdcm pcid sse4_1 sse4_2 x2apic movbe popcnt tsc_deadline_timer aes xsave avx f16c rdrand lahf_lm abm 3dnowprefetch epb intel_pt tpr_shadow vnmi flexpriority ept vpid fsgsbase tsc_adjust bmi1 avx2 smep bmi2 erms invpcid rdseed adx smap xsaveopt dtherm ida arat pln pts
bugs		:
bogomips	: 4788.90
clflush size	: 64
cache_alignment	: 64
address sizes	: 39 bits physical, 48 bits virtual
power management:

processor	: 3
vendor_id	: GenuineIntel
cpu family	: 6
model		: 61
model name	: Intel(R) Core(TM) i7-5500U CPU @ 2.40GHz
stepping	: 4
microcode	: 0x1a
cpu MHz		: 2799.902
cache size	: 4096 KB
physical id	: 0
siblings	: 4
core id		: 1
cpu cores	: 2
apicid		: 3
initial apicid	: 3
fpu		: yes
fpu_exception	: yes
cpuid level	: 20
wp		: yes
flags		: fpu vme de pse tsc msr pae mce cx8 apic sep mtrr pge mca cmov pat pse36 clflush dts acpi mmx fxsr sse sse2 ss ht tm pbe syscall nx pdpe1gb rdtscp lm constant_tsc arch_perfmon pebs bts rep_good nopl xtopology nonstop_tsc aperfmperf eagerfpu pni pclmulqdq dtes64 monitor ds_cpl vmx est tm2 ssse3 sdbg fma cx16 xtpr pdcm pcid sse4_1 sse4_2 x2apic movbe popcnt tsc_deadline_timer aes xsave avx f16c rdrand lahf_lm abm 3dnowprefetch epb intel_pt tpr_shadow vnmi flexpriority ept vpid fsgsbase tsc_adjust bmi1 avx2 smep bmi2 erms invpcid rdseed adx smap xsaveopt dtherm ida arat pln pts
bugs		:
bogomips	: 4788.90
clflush size	: 64
cache_alignment	: 64
address sizes	: 39 bits physical, 48 bits virtual
power management:



Memory: 4k page, physical 7904384k(1933092k free), swap 8115196k(6889084k free)

vm_info: Java HotSpot(TM) 64-Bit Server VM (25.131-b11) for linux-amd64 JRE (1.8.0_131-b11), built on Mar 15 2017 01:23:40 by "java_re" with gcc 4.3.0 20080428 (Red Hat 4.3.0-8)

time: Thu Jul 20 07:13:20 2017
elapsed time: 5 seconds (0d 0h 0m 5s)

