#
# A fatal error has been detected by the Java Runtime Environment:
#
#  SIGSEGV (0xb) at pc=0x00007ff2f6ef5d15, pid=7112, tid=0x00007ff2f8417700
#
# JRE version: Java(TM) SE Runtime Environment (8.0_131-b11) (build 1.8.0_131-b11)
# Java VM: Java HotSpot(TM) 64-Bit Server VM (25.131-b11 mixed mode linux-amd64 compressed oops)
# Problematic frame:
# V  [libjvm.so+0x6dcd15]  jni_GetPrimitiveArrayCritical+0xf5
#
# Failed to write core dump. Core dumps have been disabled. To enable core dumping, try "ulimit -c unlimited" before starting Java again
#
# If you would like to submit a bug report, please visit:
#   http://bugreport.java.com/bugreport/crash.jsp
#

---------------  T H R E A D  ---------------

Current thread (0x00007ff2f000b800):  JavaThread "main" [_thread_in_vm, id=7114, stack(0x00007ff2f8317000,0x00007ff2f8418000)]

siginfo: si_signo: 11 (SIGSEGV), si_code: 1 (SEGV_MAPERR), si_addr: 0x0000000000000009

Registers:
RAX=0x00007ff2f77ab9a0, RBX=0x00007ff2f000b800, RCX=0x00007ff2f000b9f8, RDX=0x0000000000000000
RSP=0x00007ff2f8416430, RBP=0x00007ff2f8416490, RSI=0x00007ff2f000b800, RDI=0x0000000000000001
R8 =0x0000000000000001, R9 =0x0000000000000004, R10=0x0000000000000003, R11=0xfffffffffffffffd
R12=0x0000000000000000, R13=0x00007ff2f007ae18, R14=0x00007ff2f8416430, R15=0x00007ff2f77dfcc0
RIP=0x00007ff2f6ef5d15, EFLAGS=0x0000000000010202, CSGSFS=0x002b000000000033, ERR=0x0000000000000004
  TRAPNO=0x000000000000000e

Top of Stack: (sp=0x00007ff2f8416430)
0x00007ff2f8416430:   00007ff2f000b800 00007ff2f000c140
0x00007ff2f8416440:   00007ff200000a27 00007ff2f73528d0
0x00007ff2f8416450:   00007ff2f000b800 00000b49f70ffa02
0x00007ff2f8416460:   00007ff2f00d0000 00007ff2ca0bcce8
0x00007ff2f8416470:   0000000000000000 00007ff2ca0bcce8
0x00007ff2f8416480:   00007ff2f84165d8 00007ff2f000b800
0x00007ff2f8416490:   00007ff2f8416560 00007ff2c9755ef1
0x00007ff2f84164a0:   00007ff2f84165d8 00007ff2f000b9f8
0x00007ff2f84164b0:   00007ff2f84164d0 00007ff2f000b800
0x00007ff2f84164c0:   00007ff2f007ae10 0000000000000032
0x00007ff2f84164d0:   0000000000000000 00007ff2f007ae18
0x00007ff2f84164e0:   00007ff2ca0bcce8 00007ff2f000b800
0x00007ff2f84164f0:   00007ff2ca0bcce8 00007ff2f000b800
0x00007ff2f8416500:   0000000000000000 00007ff2ca0bcce8
0x00007ff2f8416510:   00007ff2f000b800 00007ff2ca0bd6d8
0x00007ff2f8416520:   00007ff2f000b800 00007ff2f6e9e05f
0x00007ff2f8416530:   00007ff2f000b800 00007ff2ca0bcce8
0x00007ff2f8416540:   0000000000000000 00007ff2ca0bcce8
0x00007ff2f8416550:   00007ff2f84165b8 ec7abfe987145300
0x00007ff2f8416560:   00007ff2f84165b8 00007ff2e1017a34
0x00007ff2f8416570:   00007ff2e1017782 00007ff2f8416578
0x00007ff2f8416580:   00007ff2ca0bcce8 00007ff2f84165d8
0x00007ff2f8416590:   00007ff2ca0bd170 0000000000000000
0x00007ff2f84165a0:   00007ff2ca0bcce8 0000000000000000
0x00007ff2f84165b0:   00007ff2f84165d8 00007ff2f8416620
0x00007ff2f84165c0:   00007ff2e10082bd 0000000000000000
0x00007ff2f84165d0:   00007ff2e1011538 00000000d80de388
0x00007ff2f84165e0:   00007ff2f84165e0 00007ff2ca0bceb4
0x00007ff2f84165f0:   00007ff2f8416638 00007ff2ca0bd170
0x00007ff2f8416600:   0000000000000000 00007ff2ca0bcee8
0x00007ff2f8416610:   00007ff2f84165d8 00007ff2f8416638
0x00007ff2f8416620:   00007ff2f8416680 00007ff2e10082bd 

Instructions: (pc=0x00007ff2f6ef5d15)
0x00007ff2f6ef5cf5:   00 48 8b 05 f3 90 89 00 49 8b 7d 00 44 0f b6 00
0x00007ff2f6ef5d05:   45 84 c0 0f 84 ea 00 00 00 48 8b 05 0b 6b 89 00
0x00007ff2f6ef5d15:   8b 57 08 8b 48 08 48 d3 e2 48 03 10 81 7a 08 00
0x00007ff2f6ef5d25:   00 00 c0 be 0c 00 00 00 7c 20 45 84 c0 0f 84 58 

Register to memory mapping:

RAX=0x00007ff2f77ab9a0: <offset 0xf929a0> in /usr/lib/jvm/java-8-oracle/jre/lib/amd64/server/libjvm.so at 0x00007ff2f6819000
RBX=0x00007ff2f000b800 is a thread
RCX=0x00007ff2f000b9f8 is an unknown value
RDX=0x0000000000000000 is an unknown value
RSP=0x00007ff2f8416430 is pointing into the stack for thread: 0x00007ff2f000b800
RBP=0x00007ff2f8416490 is pointing into the stack for thread: 0x00007ff2f000b800
RSI=0x00007ff2f000b800 is a thread
RDI=0x0000000000000001 is an unknown value
R8 =0x0000000000000001 is an unknown value
R9 =0x0000000000000004 is an unknown value
R10=0x0000000000000003 is an unknown value
R11=0xfffffffffffffffd is an unknown value
R12=0x0000000000000000 is an unknown value
R13=0x00007ff2f007ae18 is an unknown value
R14=0x00007ff2f8416430 is pointing into the stack for thread: 0x00007ff2f000b800
R15=0x00007ff2f77dfcc0: <offset 0xfc6cc0> in /usr/lib/jvm/java-8-oracle/jre/lib/amd64/server/libjvm.so at 0x00007ff2f6819000


Stack: [0x00007ff2f8317000,0x00007ff2f8418000],  sp=0x00007ff2f8416430,  free space=1021k
Native frames: (J=compiled Java code, j=interpreted, Vv=VM code, C=native code)
V  [libjvm.so+0x6dcd15]  jni_GetPrimitiveArrayCritical+0xf5
C  [optimizer.so+0xef1]  Java_com_statnlp_hybridnetworks_optimizer_process+0x1b1
j  com.statnlp.hybridnetworks.optimizer.process()V+0
j  com.statnlp.hybridnetworks.optimizer.optimization_loop(Lcom/statnlp/hybridnetworks/NetworkModel;)V+68
j  com.statnlp.hybridnetworks.NetworkModel.train([Lcom/statnlp/commons/types/Instance;II)V+363
j  com.statnlp.hybridnetworks.NetworkModel.train([Lcom/statnlp/commons/types/Instance;I)V+5
j  com.statnlp.util.GenericPipeline.train([Lcom/statnlp/commons/types/Instance;)V+64
j  com.statnlp.util.Pipeline.Train()V+31
j  com.statnlp.util.Pipeline$$Lambda$1.run()V+4
j  com.statnlp.util.Pipeline.execute()V+59
j  com.statnlp.example.LinearCRFMain.runPipeline([Ljava/lang/String;)V+127
j  com.statnlp.example.LinearCRFMain.main([Ljava/lang/String;)V+1
v  ~StubRoutines::call_stub
V  [libjvm.so+0x691d16]  JavaCalls::call_helper(JavaValue*, methodHandle*, JavaCallArguments*, Thread*)+0x1056
V  [libjvm.so+0x6d3132]  jni_invoke_static(JNIEnv_*, JavaValue*, _jobject*, JNICallType, _jmethodID*, JNI_ArgumentPusher*, Thread*)+0x362
V  [libjvm.so+0x6ef99a]  jni_CallStaticVoidMethod+0x17a
C  [libjli.so+0x7bdf]  JavaMain+0x81f
C  [libpthread.so.0+0x76ba]  start_thread+0xca

Java frames: (J=compiled Java code, j=interpreted, Vv=VM code)
j  com.statnlp.hybridnetworks.optimizer.process()V+0
j  com.statnlp.hybridnetworks.optimizer.optimization_loop(Lcom/statnlp/hybridnetworks/NetworkModel;)V+68
j  com.statnlp.hybridnetworks.NetworkModel.train([Lcom/statnlp/commons/types/Instance;II)V+363
j  com.statnlp.hybridnetworks.NetworkModel.train([Lcom/statnlp/commons/types/Instance;I)V+5
j  com.statnlp.util.GenericPipeline.train([Lcom/statnlp/commons/types/Instance;)V+64
j  com.statnlp.util.Pipeline.Train()V+31
j  com.statnlp.util.Pipeline$$Lambda$1.run()V+4
j  com.statnlp.util.Pipeline.execute()V+59
j  com.statnlp.example.LinearCRFMain.runPipeline([Ljava/lang/String;)V+127
j  com.statnlp.example.LinearCRFMain.main([Ljava/lang/String;)V+1
v  ~StubRoutines::call_stub

---------------  P R O C E S S  ---------------

Java Threads: ( => current thread )
  0x00007ff2f030b000 JavaThread "pool-2-thread-4" [_thread_blocked, id=7143, stack(0x00007ff2c9dcf000,0x00007ff2c9ed0000)]
  0x00007ff2f0309000 JavaThread "pool-2-thread-3" [_thread_blocked, id=7142, stack(0x00007ff2c9cce000,0x00007ff2c9dcf000)]
  0x00007ff2f030e000 JavaThread "pool-2-thread-2" [_thread_blocked, id=7141, stack(0x00007ff2c9ed0000,0x00007ff2c9fd1000)]
  0x00007ff2f0624000 JavaThread "pool-2-thread-1" [_thread_blocked, id=7140, stack(0x00007ff2c9bcd000,0x00007ff2c9cce000)]
  0x00007ff2f00c2000 JavaThread "Service Thread" daemon [_thread_blocked, id=7132, stack(0x00007ff2caf47000,0x00007ff2cb048000)]
  0x00007ff2f00bf000 JavaThread "C1 CompilerThread2" daemon [_thread_blocked, id=7131, stack(0x00007ff2cb048000,0x00007ff2cb149000)]
  0x00007ff2f00bd800 JavaThread "C2 CompilerThread1" daemon [_thread_in_native, id=7130, stack(0x00007ff2cb149000,0x00007ff2cb24a000)]
  0x00007ff2f00ba800 JavaThread "C2 CompilerThread0" daemon [_thread_in_native, id=7129, stack(0x00007ff2cb24a000,0x00007ff2cb34b000)]
  0x00007ff2f00b9000 JavaThread "Signal Dispatcher" daemon [_thread_blocked, id=7128, stack(0x00007ff2cb34b000,0x00007ff2cb44c000)]
  0x00007ff2f0085800 JavaThread "Finalizer" daemon [_thread_blocked, id=7126, stack(0x00007ff2cb8a5000,0x00007ff2cb9a6000)]
  0x00007ff2f0081000 JavaThread "Reference Handler" daemon [_thread_blocked, id=7125, stack(0x00007ff2cb9a6000,0x00007ff2cbaa7000)]
=>0x00007ff2f000b800 JavaThread "main" [_thread_in_vm, id=7114, stack(0x00007ff2f8317000,0x00007ff2f8418000)]

Other Threads:
  0x00007ff2f0079800 VMThread [stack: 0x00007ff2cbaa7000,0x00007ff2cbba8000] [id=7124]
  0x00007ff2f00c5000 WatcherThread [stack: 0x00007ff2cae46000,0x00007ff2caf47000] [id=7133]

VM state:not at safepoint (normal execution)

VM Mutex/Monitor currently owned by a thread: None

Heap:
 PSYoungGen      total 479232K, used 64517K [0x00000000d7d00000, 0x00000000f7b00000, 0x0000000100000000)
  eden space 439296K, 14% used [0x00000000d7d00000,0x00000000dbc01418,0x00000000f2a00000)
  from space 39936K, 0% used [0x00000000f5200000,0x00000000f5200000,0x00000000f7900000)
  to   space 40960K, 0% used [0x00000000f2a00000,0x00000000f2a00000,0x00000000f5200000)
 ParOldGen       total 83456K, used 83238K [0x0000000087600000, 0x000000008c780000, 0x00000000d7d00000)
  object space 83456K, 99% used [0x0000000087600000,0x000000008c749ae0,0x000000008c780000)
 Metaspace       used 12615K, capacity 12842K, committed 13184K, reserved 1060864K
  class space    used 1513K, capacity 1580K, committed 1664K, reserved 1048576K

Card table byte_map: [0x00007ff2f4ced000,0x00007ff2f50b3000] byte_map_base: 0x00007ff2f48b2000

Marking Bits: (ParMarkBitMap*) 0x00007ff2f77def60
 Begin Bits: [0x00007ff2cc3b0000, 0x00007ff2ce1d8000)
 End Bits:   [0x00007ff2ce1d8000, 0x00007ff2d0000000)

Polling page: 0x00007ff2f842f000

CodeCache: size=245760Kb used=4626Kb max_used=4639Kb free=241133Kb
 bounds [0x00007ff2e1000000, 0x00007ff2e1490000, 0x00007ff2f0000000]
 total_blobs=1687 nmethods=1301 adapters=300
 compilation: enabled

Compilation events (10 events):
Event: 3.871 Thread 0x00007ff2f00bf000 1315  s    2       com.statnlp.hybridnetworks.GlobalNetworkParam::addCount (58 bytes)
Event: 3.871 Thread 0x00007ff2f00bf000 nmethod 1315 0x00007ff2e14844d0 code [0x00007ff2e1484660, 0x00007ff2e1484b08]
Event: 3.871 Thread 0x00007ff2f00bf000 1314       2       com.statnlp.hybridnetworks.LocalNetworkParam::getCount (24 bytes)
Event: 3.872 Thread 0x00007ff2f00bf000 nmethod 1314 0x00007ff2e1484d50 code [0x00007ff2e1484ec0, 0x00007ff2e14850e8]
Event: 3.872 Thread 0x00007ff2f00bf000 1316       2       com.statnlp.hybridnetworks.GlobalNetworkParam::isFixed (12 bytes)
Event: 3.872 Thread 0x00007ff2f00bf000 nmethod 1316 0x00007ff2e1485210 code [0x00007ff2e1485360, 0x00007ff2e14854d0]
Event: 3.872 Thread 0x00007ff2f00bd800 nmethod 1286 0x00007ff2e1485550 code [0x00007ff2e1485a00, 0x00007ff2e1488610]
Event: 3.872 Thread 0x00007ff2f00bd800 1308       4       com.statnlp.hybridnetworks.TableLookupNetwork::isRoot (14 bytes)
Event: 3.873 Thread 0x00007ff2f00bd800 nmethod 1308 0x00007ff2e14230d0 code [0x00007ff2e1423220, 0x00007ff2e1423298]
Event: 3.873 Thread 0x00007ff2f00bd800 1282       4       com.statnlp.hybridnetworks.FeatureArray::getScore (182 bytes)

GC Heap History (10 events):
Event: 2.778 GC heap before
{Heap before GC invocations=10 (full 1):
 PSYoungGen      total 240640K, used 240640K [0x00000000d7d00000, 0x00000000e9100000, 0x0000000100000000)
  eden space 220160K, 100% used [0x00000000d7d00000,0x00000000e5400000,0x00000000e5400000)
  from space 20480K, 100% used [0x00000000e6f00000,0x00000000e8300000,0x00000000e8300000)
  to   space 27648K, 0% used [0x00000000e5400000,0x00000000e5400000,0x00000000e6f00000)
 ParOldGen       total 83456K, used 40307K [0x0000000087600000, 0x000000008c780000, 0x00000000d7d00000)
  object space 83456K, 48% used [0x0000000087600000,0x0000000089d5cf30,0x000000008c780000)
 Metaspace       used 12528K, capacity 12778K, committed 12928K, reserved 1060864K
  class space    used 1508K, capacity 1580K, committed 1664K, reserved 1048576K
Event: 2.840 GC heap after
Heap after GC invocations=10 (full 1):
 PSYoungGen      total 247808K, used 27618K [0x00000000d7d00000, 0x00000000f7900000, 0x0000000100000000)
  eden space 220160K, 0% used [0x00000000d7d00000,0x00000000d7d00000,0x00000000e5400000)
  from space 27648K, 99% used [0x00000000e5400000,0x00000000e6ef8b08,0x00000000e6f00000)
  to   space 39936K, 0% used [0x00000000f5200000,0x00000000f5200000,0x00000000f7900000)
 ParOldGen       total 83456K, used 59960K [0x0000000087600000, 0x000000008c780000, 0x00000000d7d00000)
  object space 83456K, 71% used [0x0000000087600000,0x000000008b08e140,0x000000008c780000)
 Metaspace       used 12528K, capacity 12778K, committed 12928K, reserved 1060864K
  class space    used 1508K, capacity 1580K, committed 1664K, reserved 1048576K
}
Event: 2.850 GC heap before
{Heap before GC invocations=11 (full 1):
 PSYoungGen      total 247808K, used 29445K [0x00000000d7d00000, 0x00000000f7900000, 0x0000000100000000)
  eden space 220160K, 0% used [0x00000000d7d00000,0x00000000d7ec8978,0x00000000e5400000)
  from space 27648K, 99% used [0x00000000e5400000,0x00000000e6ef8b08,0x00000000e6f00000)
  to   space 39936K, 0% used [0x00000000f5200000,0x00000000f5200000,0x00000000f7900000)
 ParOldGen       total 83456K, used 59960K [0x0000000087600000, 0x000000008c780000, 0x00000000d7d00000)
  object space 83456K, 71% used [0x0000000087600000,0x000000008b08e140,0x000000008c780000)
 Metaspace       used 12528K, capacity 12778K, committed 12928K, reserved 1060864K
  class space    used 1508K, capacity 1580K, committed 1664K, reserved 1048576K
Event: 2.879 GC heap after
Heap after GC invocations=11 (full 1):
 PSYoungGen      total 479232K, used 25126K [0x00000000d7d00000, 0x00000000f7b00000, 0x0000000100000000)
  eden space 439296K, 0% used [0x00000000d7d00000,0x00000000d7d00000,0x00000000f2a00000)
  from space 39936K, 62% used [0x00000000f5200000,0x00000000f6a899a8,0x00000000f7900000)
  to   space 40960K, 0% used [0x00000000f2a00000,0x00000000f2a00000,0x00000000f5200000)
 ParOldGen       total 83456K, used 63416K [0x0000000087600000, 0x000000008c780000, 0x00000000d7d00000)
  object space 83456K, 75% used [0x0000000087600000,0x000000008b3ee140,0x000000008c780000)
 Metaspace       used 12528K, capacity 12778K, committed 12928K, reserved 1060864K
  class space    used 1508K, capacity 1580K, committed 1664K, reserved 1048576K
}
Event: 2.879 GC heap before
{Heap before GC invocations=12 (full 2):
 PSYoungGen      total 479232K, used 25126K [0x00000000d7d00000, 0x00000000f7b00000, 0x0000000100000000)
  eden space 439296K, 0% used [0x00000000d7d00000,0x00000000d7d00000,0x00000000f2a00000)
  from space 39936K, 62% used [0x00000000f5200000,0x00000000f6a899a8,0x00000000f7900000)
  to   space 40960K, 0% used [0x00000000f2a00000,0x00000000f2a00000,0x00000000f5200000)
 ParOldGen       total 83456K, used 63416K [0x0000000087600000, 0x000000008c780000, 0x00000000d7d00000)
  object space 83456K, 75% used [0x0000000087600000,0x000000008b3ee140,0x000000008c780000)
 Metaspace       used 12528K, capacity 12778K, committed 12928K, reserved 1060864K
  class space    used 1508K, capacity 1580K, committed 1664K, reserved 1048576K
Event: 3.186 GC heap after
Heap after GC invocations=12 (full 2):
 PSYoungGen      total 479232K, used 3016K [0x00000000d7d00000, 0x00000000f7b00000, 0x0000000100000000)
  eden space 439296K, 0% used [0x00000000d7d00000,0x00000000d7d00000,0x00000000f2a00000)
  from space 39936K, 7% used [0x00000000f5200000,0x00000000f54f2388,0x00000000f7900000)
  to   space 40960K, 0% used [0x00000000f2a00000,0x00000000f2a00000,0x00000000f5200000)
 ParOldGen       total 83456K, used 83238K [0x0000000087600000, 0x000000008c780000, 0x00000000d7d00000)
  object space 83456K, 99% used [0x0000000087600000,0x000000008c749ae0,0x000000008c780000)
 Metaspace       used 12528K, capacity 12778K, committed 12928K, reserved 1060864K
  class space    used 1508K, capacity 1580K, committed 1664K, reserved 1048576K
}
Event: 3.190 GC heap before
{Heap before GC invocations=13 (full 3):
 PSYoungGen      total 479232K, used 6658K [0x00000000d7d00000, 0x00000000f7b00000, 0x0000000100000000)
  eden space 439296K, 0% used [0x00000000d7d00000,0x00000000d808e480,0x00000000f2a00000)
  from space 39936K, 7% used [0x00000000f5200000,0x00000000f54f2388,0x00000000f7900000)
  to   space 40960K, 0% used [0x00000000f2a00000,0x00000000f2a00000,0x00000000f5200000)
 ParOldGen       total 83456K, used 83238K [0x0000000087600000, 0x000000008c780000, 0x00000000d7d00000)
  object space 83456K, 99% used [0x0000000087600000,0x000000008c749ae0,0x000000008c780000)
 Metaspace       used 12530K, capacity 12778K, committed 12928K, reserved 1060864K
  class space    used 1508K, capacity 1580K, committed 1664K, reserved 1048576K
Event: 3.312 GC heap after
Heap after GC invocations=13 (full 3):
 PSYoungGen      total 479232K, used 3413K [0x00000000d7d00000, 0x00000000f7b00000, 0x0000000100000000)
  eden space 439296K, 0% used [0x00000000d7d00000,0x00000000d80555d0,0x00000000f2a00000)
  from space 39936K, 0% used [0x00000000f5200000,0x00000000f5200000,0x00000000f7900000)
  to   space 40960K, 0% used [0x00000000f2a00000,0x00000000f2a00000,0x00000000f5200000)
 ParOldGen       total 83456K, used 83238K [0x0000000087600000, 0x000000008c780000, 0x00000000d7d00000)
  object space 83456K, 99% used [0x0000000087600000,0x000000008c749ae0,0x000000008c780000)
 Metaspace       used 12530K, capacity 12778K, committed 12928K, reserved 1060864K
  class space    used 1508K, capacity 1580K, committed 1664K, reserved 1048576K
}
Event: 3.321 GC heap before
{Heap before GC invocations=14 (full 4):
 PSYoungGen      total 479232K, used 7054K [0x00000000d7d00000, 0x00000000f7b00000, 0x0000000100000000)
  eden space 439296K, 1% used [0x00000000d7d00000,0x00000000d83e3a50,0x00000000f2a00000)
  from space 39936K, 0% used [0x00000000f5200000,0x00000000f5200000,0x00000000f7900000)
  to   space 40960K, 0% used [0x00000000f2a00000,0x00000000f2a00000,0x00000000f5200000)
 ParOldGen       total 83456K, used 83238K [0x0000000087600000, 0x000000008c780000, 0x00000000d7d00000)
  object space 83456K, 99% used [0x0000000087600000,0x000000008c749ae0,0x000000008c780000)
 Metaspace       used 12542K, capacity 12778K, committed 12928K, reserved 1060864K
  class space    used 1510K, capacity 1580K, committed 1664K, reserved 1048576K
Event: 3.488 GC heap after
Heap after GC invocations=14 (full 4):
 PSYoungGen      total 479232K, used 3752K [0x00000000d7d00000, 0x00000000f7b00000, 0x0000000100000000)
  eden space 439296K, 0% used [0x00000000d7d00000,0x00000000d80aa010,0x00000000f2a00000)
  from space 39936K, 0% used [0x00000000f5200000,0x00000000f5200000,0x00000000f7900000)
  to   space 40960K, 0% used [0x00000000f2a00000,0x00000000f2a00000,0x00000000f5200000)
 ParOldGen       total 83456K, used 83238K [0x0000000087600000, 0x000000008c780000, 0x00000000d7d00000)
  object space 83456K, 99% used [0x0000000087600000,0x000000008c749ae0,0x000000008c780000)
 Metaspace       used 12542K, capacity 12778K, committed 12928K, reserved 1060864K
  class space    used 1510K, capacity 1580K, committed 1664K, reserved 1048576K
}

Deoptimization events (10 events):
Event: 2.769 Thread 0x00007ff2f000b800 Uncommon trap: reason=unstable_if action=reinterpret pc=0x00007ff2e141222c method=gnu.trove.impl.hash.TObjectHash.indexRehashed(Ljava/lang/Object;IILjava/lang/Object;)I @ 30
Event: 2.770 Thread 0x00007ff2f000b800 Uncommon trap: reason=unstable_if action=reinterpret pc=0x00007ff2e13e94f0 method=gnu.trove.impl.hash.TIntHash.index(I)I @ 57
Event: 3.187 Thread 0x00007ff2f000b800 Uncommon trap: reason=class_check action=maybe_recompile pc=0x00007ff2e13358ac method=java.lang.Character.codePointAt(Ljava/lang/CharSequence;I)I @ 2
Event: 3.187 Thread 0x00007ff2f000b800 Uncommon trap: reason=bimorphic action=maybe_recompile pc=0x00007ff2e136ee88 method=java.util.regex.Pattern$Curly.match0(Ljava/util/regex/Matcher;IILjava/lang/CharSequence;)Z @ 31
Event: 3.187 Thread 0x00007ff2f000b800 Uncommon trap: reason=class_check action=maybe_recompile pc=0x00007ff2e13358ac method=java.lang.Character.codePointAt(Ljava/lang/CharSequence;I)I @ 2
Event: 3.312 Thread 0x00007ff2f000b800 Uncommon trap: reason=class_check action=maybe_recompile pc=0x00007ff2e13339a8 method=java.lang.Character.codePointAt(Ljava/lang/CharSequence;I)I @ 2
Event: 3.312 Thread 0x00007ff2f000b800 Uncommon trap: reason=bimorphic action=maybe_recompile pc=0x00007ff2e136ee88 method=java.util.regex.Pattern$Curly.match0(Ljava/util/regex/Matcher;IILjava/lang/CharSequence;)Z @ 31
Event: 3.488 Thread 0x00007ff2f000b800 Uncommon trap: reason=bimorphic action=maybe_recompile pc=0x00007ff2e136ee88 method=java.util.regex.Pattern$Curly.match0(Ljava/util/regex/Matcher;IILjava/lang/CharSequence;)Z @ 31
Event: 3.491 Thread 0x00007ff2f030e000 Uncommon trap: reason=unstable_if action=reinterpret pc=0x00007ff2e143041c method=com.statnlp.hybridnetworks.LocalNetworkParam.extract(Lcom/statnlp/hybridnetworks/Network;I[II)Lcom/statnlp/hybridnetworks/FeatureArray; @ 139
Event: 3.514 Thread 0x00007ff2f030b000 Uncommon trap: reason=unstable_if action=reinterpret pc=0x00007ff2e1431654 method=com.statnlp.hybridnetworks.TableLookupNetwork.isRemoved(I)Z @ 6

Internal exceptions (10 events):
Event: 0.196 Thread 0x00007ff2f000b800 Exception <a 'java/security/PrivilegedActionException'> (0x00000000d820fb00) thrown at [/HUDSON/workspace/8-2-build-linux-amd64/jdk8u131/8869/hotspot/src/share/vm/prims/jvm.cpp, line 1390]
Event: 0.196 Thread 0x00007ff2f000b800 Exception <a 'java/security/PrivilegedActionException'> (0x00000000d820fd10) thrown at [/HUDSON/workspace/8-2-build-linux-amd64/jdk8u131/8869/hotspot/src/share/vm/prims/jvm.cpp, line 1390]
Event: 0.196 Thread 0x00007ff2f000b800 Exception <a 'java/security/PrivilegedActionException'> (0x00000000d8210d98) thrown at [/HUDSON/workspace/8-2-build-linux-amd64/jdk8u131/8869/hotspot/src/share/vm/prims/jvm.cpp, line 1390]
Event: 0.196 Thread 0x00007ff2f000b800 Exception <a 'java/security/PrivilegedActionException'> (0x00000000d8210fa8) thrown at [/HUDSON/workspace/8-2-build-linux-amd64/jdk8u131/8869/hotspot/src/share/vm/prims/jvm.cpp, line 1390]
Event: 0.546 Thread 0x00007ff2f000b800 Exception <a 'java/lang/ArrayIndexOutOfBoundsException': 18> (0x00000000d90eae28) thrown at [/HUDSON/workspace/8-2-build-linux-amd64/jdk8u131/8869/hotspot/src/share/vm/interpreter/interpreterRuntime.cpp, line 366]
Event: 0.546 Thread 0x00007ff2f000b800 Exception <a 'java/lang/ArrayIndexOutOfBoundsException': 110> (0x00000000d90ec380) thrown at [/HUDSON/workspace/8-2-build-linux-amd64/jdk8u131/8869/hotspot/src/share/vm/interpreter/interpreterRuntime.cpp, line 366]
Event: 0.670 Thread 0x00007ff2f000b800 Exception <a 'java/lang/NoSuchFieldError': method resolution failed> (0x00000000d9566e60) thrown at [/HUDSON/workspace/8-2-build-linux-amd64/jdk8u131/8869/hotspot/src/share/vm/prims/methodHandles.cpp, line 1146]
Event: 0.672 Thread 0x00007ff2f000b800 Exception <a 'java/lang/NoSuchFieldError': method resolution failed> (0x00000000d9574150) thrown at [/HUDSON/workspace/8-2-build-linux-amd64/jdk8u131/8869/hotspot/src/share/vm/prims/methodHandles.cpp, line 1146]
Event: 2.332 Thread 0x00007ff2f0624000 Implicit null exception at 0x00007ff2e142ad88 to 0x00007ff2e142b239
Event: 3.877 Thread 0x00007ff2f000b800 Exception <a 'java/lang/NoSuchFieldError': w> (0x00000000d8108630) thrown at [/HUDSON/workspace/8-2-build-linux-amd64/jdk8u131/8869/hotspot/src/share/vm/prims/jni.cpp, line 2599]

Events (10 events):
Event: 3.514 Thread 0x00007ff2f030b000 DEOPT PACKING pc=0x00007ff2e1431654 sp=0x00007ff2c9ece380
Event: 3.514 Thread 0x00007ff2f030b000 DEOPT UNPACKING pc=0x00007ff2e1005229 sp=0x00007ff2c9ece348 mode 2
Event: 3.680 Thread 0x00007ff2f0624000 DEOPT PACKING pc=0x00007ff2e147d640 sp=0x00007ff2c9ccc560
Event: 3.680 Thread 0x00007ff2f0624000 DEOPT UNPACKING pc=0x00007ff2e1047633 sp=0x00007ff2c9ccc2a0 mode 0
Event: 3.763 Thread 0x00007ff2f030b000 DEOPT PACKING pc=0x00007ff2e147c317 sp=0x00007ff2c9ece3d0
Event: 3.764 Thread 0x00007ff2f030b000 DEOPT UNPACKING pc=0x00007ff2e1047633 sp=0x00007ff2c9ece120 mode 0
Event: 3.825 Thread 0x00007ff2f0624000 DEOPT PACKING pc=0x00007ff2e147b9c0 sp=0x00007ff2c9ccc5a0
Event: 3.825 Thread 0x00007ff2f0624000 DEOPT UNPACKING pc=0x00007ff2e1047633 sp=0x00007ff2c9ccc2a0 mode 0
Event: 3.875 loading class com/statnlp/hybridnetworks/optimizer
Event: 3.875 loading class com/statnlp/hybridnetworks/optimizer done


Dynamic libraries:
00400000-00401000 r-xp 00000000 08:01 56237226                           /usr/lib/jvm/java-8-oracle/bin/java
00600000-00601000 rw-p 00000000 08:01 56237226                           /usr/lib/jvm/java-8-oracle/bin/java
016b8000-016d9000 rw-p 00000000 00:00 0                                  [heap]
87600000-8c780000 rw-p 00000000 00:00 0 
8c780000-d7d00000 ---p 00000000 00:00 0 
d7d00000-f7b00000 rw-p 00000000 00:00 0 
f7b00000-100000000 ---p 00000000 00:00 0 
100000000-1001a0000 rw-p 00000000 00:00 0 
1001a0000-140000000 ---p 00000000 00:00 0 
7ff294000000-7ff294021000 rw-p 00000000 00:00 0 
7ff294021000-7ff298000000 ---p 00000000 00:00 0 
7ff298000000-7ff298021000 rw-p 00000000 00:00 0 
7ff298021000-7ff29c000000 ---p 00000000 00:00 0 
7ff29c000000-7ff29c021000 rw-p 00000000 00:00 0 
7ff29c021000-7ff2a0000000 ---p 00000000 00:00 0 
7ff2a0000000-7ff2a0021000 rw-p 00000000 00:00 0 
7ff2a0021000-7ff2a4000000 ---p 00000000 00:00 0 
7ff2a4000000-7ff2a4021000 rw-p 00000000 00:00 0 
7ff2a4021000-7ff2a8000000 ---p 00000000 00:00 0 
7ff2a8000000-7ff2a8021000 rw-p 00000000 00:00 0 
7ff2a8021000-7ff2ac000000 ---p 00000000 00:00 0 
7ff2ac000000-7ff2acd3f000 rw-p 00000000 00:00 0 
7ff2acd3f000-7ff2b0000000 ---p 00000000 00:00 0 
7ff2b0000000-7ff2b0582000 rw-p 00000000 00:00 0 
7ff2b0582000-7ff2b4000000 ---p 00000000 00:00 0 
7ff2b4000000-7ff2b4021000 rw-p 00000000 00:00 0 
7ff2b4021000-7ff2b8000000 ---p 00000000 00:00 0 
7ff2b8000000-7ff2b9095000 rw-p 00000000 00:00 0 
7ff2b9095000-7ff2bc000000 ---p 00000000 00:00 0 
7ff2bc000000-7ff2bc021000 rw-p 00000000 00:00 0 
7ff2bc021000-7ff2c0000000 ---p 00000000 00:00 0 
7ff2c0000000-7ff2c0021000 rw-p 00000000 00:00 0 
7ff2c0021000-7ff2c4000000 ---p 00000000 00:00 0 
7ff2c4000000-7ff2c402b000 rw-p 00000000 00:00 0 
7ff2c402b000-7ff2c8000000 ---p 00000000 00:00 0 
7ff2c9539000-7ff2c9540000 r-xp 00000000 08:01 56362018                   /usr/local/lib/liblbfgs-1.10.so
7ff2c9540000-7ff2c973f000 ---p 00007000 08:01 56362018                   /usr/local/lib/liblbfgs-1.10.so
7ff2c973f000-7ff2c9740000 r--p 00006000 08:01 56362018                   /usr/local/lib/liblbfgs-1.10.so
7ff2c9740000-7ff2c9741000 rw-p 00007000 08:01 56362018                   /usr/local/lib/liblbfgs-1.10.so
7ff2c9755000-7ff2c9757000 r-xp 00000000 08:01 25039703                   /home/roozbeh/Downloads/STATNLP_OPTIMIZATION/target/optimizer.so
7ff2c9757000-7ff2c9956000 ---p 00002000 08:01 25039703                   /home/roozbeh/Downloads/STATNLP_OPTIMIZATION/target/optimizer.so
7ff2c9956000-7ff2c9957000 r--p 00001000 08:01 25039703                   /home/roozbeh/Downloads/STATNLP_OPTIMIZATION/target/optimizer.so
7ff2c9957000-7ff2c9958000 rw-p 00002000 08:01 25039703                   /home/roozbeh/Downloads/STATNLP_OPTIMIZATION/target/optimizer.so
7ff2c9958000-7ff2c9bcd000 rw-p 00000000 00:00 0 
7ff2c9bcd000-7ff2c9bd0000 ---p 00000000 00:00 0 
7ff2c9bd0000-7ff2c9cce000 rw-p 00000000 00:00 0 
7ff2c9cce000-7ff2c9cd1000 ---p 00000000 00:00 0 
7ff2c9cd1000-7ff2c9dcf000 rw-p 00000000 00:00 0 
7ff2c9dcf000-7ff2c9dd2000 ---p 00000000 00:00 0 
7ff2c9dd2000-7ff2c9ed0000 rw-p 00000000 00:00 0 
7ff2c9ed0000-7ff2c9ed3000 ---p 00000000 00:00 0 
7ff2c9ed3000-7ff2ca111000 rw-p 00000000 00:00 0 
7ff2ca111000-7ff2ca1d1000 ---p 00000000 00:00 0 
7ff2ca1d1000-7ff2ca1e2000 r-xp 00000000 08:01 56888666                   /usr/lib/jvm/java-8-oracle/jre/lib/amd64/libnio.so
7ff2ca1e2000-7ff2ca3e1000 ---p 00011000 08:01 56888666                   /usr/lib/jvm/java-8-oracle/jre/lib/amd64/libnio.so
7ff2ca3e1000-7ff2ca3e2000 rw-p 00010000 08:01 56888666                   /usr/lib/jvm/java-8-oracle/jre/lib/amd64/libnio.so
7ff2ca3e2000-7ff2ca5e2000 rw-p 00000000 00:00 0 
7ff2ca5e2000-7ff2ca5fd000 r--s 001d3000 08:01 56888515                   /usr/lib/jvm/java-8-oracle/jre/lib/ext/nashorn.jar
7ff2ca5fd000-7ff2ca8fe000 rw-p 00000000 00:00 0 
7ff2ca8fe000-7ff2ca914000 r-xp 00000000 08:01 56888663                   /usr/lib/jvm/java-8-oracle/jre/lib/amd64/libnet.so
7ff2ca914000-7ff2cab14000 ---p 00016000 08:01 56888663                   /usr/lib/jvm/java-8-oracle/jre/lib/amd64/libnet.so
7ff2cab14000-7ff2cab15000 rw-p 00016000 08:01 56888663                   /usr/lib/jvm/java-8-oracle/jre/lib/amd64/libnet.so
7ff2cab15000-7ff2cab1e000 r-xp 00000000 08:01 56888671                   /usr/lib/jvm/java-8-oracle/jre/lib/amd64/libmanagement.so
7ff2cab1e000-7ff2cad1d000 ---p 00009000 08:01 56888671                   /usr/lib/jvm/java-8-oracle/jre/lib/amd64/libmanagement.so
7ff2cad1d000-7ff2cad1e000 rw-p 00008000 08:01 56888671                   /usr/lib/jvm/java-8-oracle/jre/lib/amd64/libmanagement.so
7ff2cad1e000-7ff2cad22000 r--s 0001f000 08:01 22285071                   /home/roozbeh/.m2/repository/com/nebula2d/jnlua/1.0.4/jnlua-1.0.4.jar
7ff2cad22000-7ff2cad25000 r--s 00019000 08:01 22285069                   /home/roozbeh/.m2/repository/org/freehep/freehep-graphicsio-tests/2.1.3/freehep-graphicsio-tests-2.1.3.jar
7ff2cad25000-7ff2cad28000 r--s 00010000 08:01 22285067                   /home/roozbeh/.m2/repository/org/freehep/freehep-graphicsio-pdf/2.1.3/freehep-graphicsio-pdf-2.1.3.jar
7ff2cad28000-7ff2cad2a000 r--s 0001d000 08:01 22285065                   /home/roozbeh/.m2/repository/org/freehep/freehep-graphics2d/2.1.3/freehep-graphics2d-2.1.3.jar
7ff2cad2a000-7ff2cad2c000 r--s 0000e000 08:01 22285063                   /home/roozbeh/.m2/repository/org/freehep/freehep-graphics-base/2.1.3/freehep-graphics-base-2.1.3.jar
7ff2cad2c000-7ff2cad2e000 r--s 0000f000 08:01 22285061                   /home/roozbeh/.m2/repository/org/freehep/freehep-io/2.0.5/freehep-io-2.0.5.jar
7ff2cad2e000-7ff2cad32000 r--s 0002a000 08:01 22285059                   /home/roozbeh/.m2/repository/org/freehep/freehep-graphicsio/2.1.3/freehep-graphicsio-2.1.3.jar
7ff2cad32000-7ff2cad3e000 r--s 00076000 08:01 22285057                   /home/roozbeh/.m2/repository/net/sourceforge/collections/collections-generic/4.01/collections-generic-4.01.jar
7ff2cad3e000-7ff2cad40000 r--s 0000e000 08:01 22285055                   /home/roozbeh/.m2/repository/net/sf/jung/jung-graph-impl/2.0.1/jung-graph-impl-2.0.1.jar
7ff2cad40000-7ff2cad47000 r--s 00028000 08:01 22285053                   /home/roozbeh/.m2/repository/concurrent/concurrent/1.3.4/concurrent-1.3.4.jar
7ff2cad47000-7ff2cad55000 r--s 00081000 08:01 22285051                   /home/roozbeh/.m2/repository/colt/colt/1.2.0/colt-1.2.0.jar
7ff2cad55000-7ff2cad5a000 r--s 00034000 08:01 22285049                   /home/roozbeh/.m2/repository/net/sf/jung/jung-algorithms/2.0.1/jung-algorithms-2.0.1.jar
7ff2cad5a000-7ff2cad5d000 r--s 00008000 08:01 22285047                   /home/roozbeh/.m2/repository/net/sf/jung/jung-api/2.0.1/jung-api-2.0.1.jar
7ff2cad5d000-7ff2cad65000 r--s 00048000 08:01 22285045                   /home/roozbeh/.m2/repository/net/sf/jung/jung-visualization/2.0.1/jung-visualization-2.0.1.jar
7ff2cad65000-7ff2cad6a000 r--s 00024000 08:01 22285043                   /home/roozbeh/.m2/repository/org/ejml/ejml-simple/0.31/ejml-simple-0.31.jar
7ff2cad6a000-7ff2cad6b000 r--s 00004000 08:01 22285041                   /home/roozbeh/.m2/repository/org/ejml/ejml-dsparse/0.31/ejml-dsparse-0.31.jar
7ff2cad6b000-7ff2cad6d000 r--s 00011000 08:01 22285039                   /home/roozbeh/.m2/repository/org/ejml/ejml-zdense/0.31/ejml-zdense-0.31.jar
7ff2cad6d000-7ff2cad72000 r--s 00045000 08:01 22285035                   /home/roozbeh/.m2/repository/org/ejml/ejml-ddense/0.31/ejml-ddense-0.31.jar
7ff2cad72000-7ff2cad77000 r--s 00045000 08:01 22285033                   /home/roozbeh/.m2/repository/org/ejml/ejml-fdense/0.31/ejml-fdense-0.31.jar
7ff2cad77000-7ff2cad7b000 r--s 0001e000 08:01 22285031                   /home/roozbeh/.m2/repository/org/ejml/ejml-core/0.31/ejml-core-0.31.jar
7ff2cad7b000-7ff2cad8c000 r--s 000cf000 08:01 22285027                   /home/roozbeh/.m2/repository/com/fasterxml/jackson/core/jackson-databind/2.3.2/jackson-databind-2.3.2.jar
7ff2cad8c000-7ff2cad8f000 r--s 0002e000 08:01 22285025                   /home/roozbeh/.m2/repository/com/fasterxml/jackson/core/jackson-core/2.3.2/jackson-core-2.3.2.jar
7ff2cad8f000-7ff2cad93000 r--s 00015000 08:01 22285021                   /home/roozbeh/.m2/repository/org/joda/joda-convert/1.6/joda-convert-1.6.jar
7ff2cad93000-7ff2cada2000 r--s 0007f000 08:01 22285019                   /home/roozbeh/.m2/repository/joda-time/joda-time/2.3/joda-time-2.3.jar
7ff2cada2000-7ff2cadee000 r--s 00412000 08:01 22285013                   /home/roozbeh/.m2/repository/org/scala-lang/scala-reflect/2.11.7/scala-reflect-2.11.7.jar
7ff2cadee000-7ff2cae46000 r--s 00523000 08:01 22285011                   /home/roozbeh/.m2/repository/org/scala-lang/scala-library/2.11.7/scala-library-2.11.7.jar
7ff2cae46000-7ff2cae47000 ---p 00000000 00:00 0 
7ff2cae47000-7ff2caf47000 rw-p 00000000 00:00 0 
7ff2caf47000-7ff2caf4a000 ---p 00000000 00:00 0 
7ff2caf4a000-7ff2cb048000 rw-p 00000000 00:00 0 
7ff2cb048000-7ff2cb04b000 ---p 00000000 00:00 0 
7ff2cb04b000-7ff2cb149000 rw-p 00000000 00:00 0 
7ff2cb149000-7ff2cb14c000 ---p 00000000 00:00 0 
7ff2cb14c000-7ff2cb24a000 rw-p 00000000 00:00 0 
7ff2cb24a000-7ff2cb24d000 ---p 00000000 00:00 0 
7ff2cb24d000-7ff2cb34b000 rw-p 00000000 00:00 0 
7ff2cb34b000-7ff2cb34e000 ---p 00000000 00:00 0 
7ff2cb34e000-7ff2cb44c000 rw-p 00000000 00:00 0 
7ff2cb44c000-7ff2cb8a5000 r--p 00000000 08:01 56232211                   /usr/lib/locale/locale-archive
7ff2cb8a5000-7ff2cb8a8000 ---p 00000000 00:00 0 
7ff2cb8a8000-7ff2cb9a6000 rw-p 00000000 00:00 0 
7ff2cb9a6000-7ff2cb9a9000 ---p 00000000 00:00 0 
7ff2cb9a9000-7ff2cbaa7000 rw-p 00000000 00:00 0 
7ff2cbaa7000-7ff2cbaa8000 ---p 00000000 00:00 0 
7ff2cbaa8000-7ff2d0000000 rw-p 00000000 00:00 0 
7ff2d0000000-7ff2d0021000 rw-p 00000000 00:00 0 
7ff2d0021000-7ff2d4000000 ---p 00000000 00:00 0 
7ff2d4000000-7ff2d4021000 rw-p 00000000 00:00 0 
7ff2d4021000-7ff2d8000000 ---p 00000000 00:00 0 
7ff2d8000000-7ff2d8021000 rw-p 00000000 00:00 0 
7ff2d8021000-7ff2dc000000 ---p 00000000 00:00 0 
7ff2dc000000-7ff2dc021000 rw-p 00000000 00:00 0 
7ff2dc021000-7ff2e0000000 ---p 00000000 00:00 0 
7ff2e0000000-7ff2e0002000 r--s 00011000 08:01 22285037                   /home/roozbeh/.m2/repository/org/ejml/ejml-cdense/0.31/ejml-cdense-0.31.jar
7ff2e0002000-7ff2e000b000 r--s 00053000 08:01 22284960                   /home/roozbeh/.m2/repository/com/typesafe/play/play-functional_2.11/2.3.4/play-functional_2.11-2.3.4.jar
7ff2e000b000-7ff2e0014000 r--s 00091000 08:01 22285015                   /home/roozbeh/.m2/repository/org/scala-stm/scala-stm_2.11/0.7/scala-stm_2.11-0.7.jar
7ff2e0014000-7ff2e0026000 r--s 000a1000 08:01 22284554                   /home/roozbeh/.m2/repository/com/typesafe/play/play-iteratees_2.11/2.3.4/play-iteratees_2.11-2.3.4.jar
7ff2e0026000-7ff2e0031000 r--s 0008f000 08:01 22284552                   /home/roozbeh/.m2/repository/com/typesafe/play/play-json_2.11/2.3.4/play-json_2.11-2.3.4.jar
7ff2e0031000-7ff2e0059000 r--s 00241000 08:01 22285001                   /home/roozbeh/.m2/repository/net/sf/trove4j/trove4j/3.0.3/trove4j-3.0.3.jar
7ff2e0059000-7ff2e0075000 r--s 0013c000 08:01 22284999                   /home/roozbeh/.m2/repository/org/apache/logging/log4j/log4j-core/2.8.2/log4j-core-2.8.2.jar
7ff2e0075000-7ff2e1000000 rw-p 00000000 00:00 0 
7ff2e1000000-7ff2e1490000 rwxp 00000000 00:00 0 
7ff2e1490000-7ff2f0000000 ---p 00000000 00:00 0 
7ff2f0000000-7ff2f08cc000 rw-p 00000000 00:00 0 
7ff2f08cc000-7ff2f4000000 ---p 00000000 00:00 0 
7ff2f4000000-7ff2f4002000 r--s 00007000 08:01 22285023                   /home/roozbeh/.m2/repository/com/fasterxml/jackson/core/jackson-annotations/2.3.2/jackson-annotations-2.3.2.jar
7ff2f4002000-7ff2f4051000 rw-p 00000000 00:00 0 
7ff2f4051000-7ff2f422a000 r--s 03d40000 08:01 56756593                   /usr/lib/jvm/java-8-oracle/jre/lib/rt.jar
7ff2f422a000-7ff2f4665000 rw-p 00000000 00:00 0 
7ff2f4665000-7ff2f4666000 ---p 00000000 00:00 0 
7ff2f4666000-7ff2f4766000 rw-p 00000000 00:00 0 
7ff2f4766000-7ff2f4767000 ---p 00000000 00:00 0 
7ff2f4767000-7ff2f4867000 rw-p 00000000 00:00 0 
7ff2f4867000-7ff2f4868000 ---p 00000000 00:00 0 
7ff2f4868000-7ff2f4968000 rw-p 00000000 00:00 0 
7ff2f4968000-7ff2f4969000 ---p 00000000 00:00 0 
7ff2f4969000-7ff2f4a92000 rw-p 00000000 00:00 0 
7ff2f4a92000-7ff2f4ced000 ---p 00000000 00:00 0 
7ff2f4ced000-7ff2f4d16000 rw-p 00000000 00:00 0 
7ff2f4d16000-7ff2f4f70000 ---p 00000000 00:00 0 
7ff2f4f70000-7ff2f5070000 rw-p 00000000 00:00 0 
7ff2f5070000-7ff2f50b2000 ---p 00000000 00:00 0 
7ff2f50b2000-7ff2f50c6000 rw-p 00000000 00:00 0 
7ff2f50c6000-7ff2f5473000 ---p 00000000 00:00 0 
7ff2f5473000-7ff2f548d000 r-xp 00000000 08:01 56888659                   /usr/lib/jvm/java-8-oracle/jre/lib/amd64/libzip.so
7ff2f548d000-7ff2f568d000 ---p 0001a000 08:01 56888659                   /usr/lib/jvm/java-8-oracle/jre/lib/amd64/libzip.so
7ff2f568d000-7ff2f568e000 rw-p 0001a000 08:01 56888659                   /usr/lib/jvm/java-8-oracle/jre/lib/amd64/libzip.so
7ff2f568e000-7ff2f5699000 r-xp 00000000 08:01 54525988                   /lib/x86_64-linux-gnu/libnss_files-2.23.so
7ff2f5699000-7ff2f5898000 ---p 0000b000 08:01 54525988                   /lib/x86_64-linux-gnu/libnss_files-2.23.so
7ff2f5898000-7ff2f5899000 r--p 0000a000 08:01 54525988                   /lib/x86_64-linux-gnu/libnss_files-2.23.so
7ff2f5899000-7ff2f589a000 rw-p 0000b000 08:01 54525988                   /lib/x86_64-linux-gnu/libnss_files-2.23.so
7ff2f589a000-7ff2f58a0000 rw-p 00000000 00:00 0 
7ff2f58a0000-7ff2f58ab000 r-xp 00000000 08:01 54525991                   /lib/x86_64-linux-gnu/libnss_nis-2.23.so
7ff2f58ab000-7ff2f5aaa000 ---p 0000b000 08:01 54525991                   /lib/x86_64-linux-gnu/libnss_nis-2.23.so
7ff2f5aaa000-7ff2f5aab000 r--p 0000a000 08:01 54525991                   /lib/x86_64-linux-gnu/libnss_nis-2.23.so
7ff2f5aab000-7ff2f5aac000 rw-p 0000b000 08:01 54525991                   /lib/x86_64-linux-gnu/libnss_nis-2.23.so
7ff2f5aac000-7ff2f5ac2000 r-xp 00000000 08:01 54525956                   /lib/x86_64-linux-gnu/libnsl-2.23.so
7ff2f5ac2000-7ff2f5cc1000 ---p 00016000 08:01 54525956                   /lib/x86_64-linux-gnu/libnsl-2.23.so
7ff2f5cc1000-7ff2f5cc2000 r--p 00015000 08:01 54525956                   /lib/x86_64-linux-gnu/libnsl-2.23.so
7ff2f5cc2000-7ff2f5cc3000 rw-p 00016000 08:01 54525956                   /lib/x86_64-linux-gnu/libnsl-2.23.so
7ff2f5cc3000-7ff2f5cc5000 rw-p 00000000 00:00 0 
7ff2f5cc5000-7ff2f5ccd000 r-xp 00000000 08:01 54525997                   /lib/x86_64-linux-gnu/libnss_compat-2.23.so
7ff2f5ccd000-7ff2f5ecc000 ---p 00008000 08:01 54525997                   /lib/x86_64-linux-gnu/libnss_compat-2.23.so
7ff2f5ecc000-7ff2f5ecd000 r--p 00007000 08:01 54525997                   /lib/x86_64-linux-gnu/libnss_compat-2.23.so
7ff2f5ecd000-7ff2f5ece000 rw-p 00008000 08:01 54525997                   /lib/x86_64-linux-gnu/libnss_compat-2.23.so
7ff2f5ece000-7ff2f5ef9000 r-xp 00000000 08:01 56888653                   /usr/lib/jvm/java-8-oracle/jre/lib/amd64/libjava.so
7ff2f5ef9000-7ff2f60f8000 ---p 0002b000 08:01 56888653                   /usr/lib/jvm/java-8-oracle/jre/lib/amd64/libjava.so
7ff2f60f8000-7ff2f60fa000 rw-p 0002a000 08:01 56888653                   /usr/lib/jvm/java-8-oracle/jre/lib/amd64/libjava.so
7ff2f60fa000-7ff2f6107000 r-xp 00000000 08:01 56888658                   /usr/lib/jvm/java-8-oracle/jre/lib/amd64/libverify.so
7ff2f6107000-7ff2f6306000 ---p 0000d000 08:01 56888658                   /usr/lib/jvm/java-8-oracle/jre/lib/amd64/libverify.so
7ff2f6306000-7ff2f6308000 rw-p 0000c000 08:01 56888658                   /usr/lib/jvm/java-8-oracle/jre/lib/amd64/libverify.so
7ff2f6308000-7ff2f630f000 r-xp 00000000 08:01 54525993                   /lib/x86_64-linux-gnu/librt-2.23.so
7ff2f630f000-7ff2f650e000 ---p 00007000 08:01 54525993                   /lib/x86_64-linux-gnu/librt-2.23.so
7ff2f650e000-7ff2f650f000 r--p 00006000 08:01 54525993                   /lib/x86_64-linux-gnu/librt-2.23.so
7ff2f650f000-7ff2f6510000 rw-p 00007000 08:01 54525993                   /lib/x86_64-linux-gnu/librt-2.23.so
7ff2f6510000-7ff2f6618000 r-xp 00000000 08:01 54526002                   /lib/x86_64-linux-gnu/libm-2.23.so
7ff2f6618000-7ff2f6817000 ---p 00108000 08:01 54526002                   /lib/x86_64-linux-gnu/libm-2.23.so
7ff2f6817000-7ff2f6818000 r--p 00107000 08:01 54526002                   /lib/x86_64-linux-gnu/libm-2.23.so
7ff2f6818000-7ff2f6819000 rw-p 00108000 08:01 54526002                   /lib/x86_64-linux-gnu/libm-2.23.so
7ff2f6819000-7ff2f74e8000 r-xp 00000000 08:01 56888636                   /usr/lib/jvm/java-8-oracle/jre/lib/amd64/server/libjvm.so
7ff2f74e8000-7ff2f76e8000 ---p 00ccf000 08:01 56888636                   /usr/lib/jvm/java-8-oracle/jre/lib/amd64/server/libjvm.so
7ff2f76e8000-7ff2f77c1000 rw-p 00ccf000 08:01 56888636                   /usr/lib/jvm/java-8-oracle/jre/lib/amd64/server/libjvm.so
7ff2f77c1000-7ff2f780c000 rw-p 00000000 00:00 0 
7ff2f780c000-7ff2f79cc000 r-xp 00000000 08:01 54530401                   /lib/x86_64-linux-gnu/libc-2.23.so
7ff2f79cc000-7ff2f7bcc000 ---p 001c0000 08:01 54530401                   /lib/x86_64-linux-gnu/libc-2.23.so
7ff2f7bcc000-7ff2f7bd0000 r--p 001c0000 08:01 54530401                   /lib/x86_64-linux-gnu/libc-2.23.so
7ff2f7bd0000-7ff2f7bd2000 rw-p 001c4000 08:01 54530401                   /lib/x86_64-linux-gnu/libc-2.23.so
7ff2f7bd2000-7ff2f7bd6000 rw-p 00000000 00:00 0 
7ff2f7bd6000-7ff2f7bd9000 r-xp 00000000 08:01 54525996                   /lib/x86_64-linux-gnu/libdl-2.23.so
7ff2f7bd9000-7ff2f7dd8000 ---p 00003000 08:01 54525996                   /lib/x86_64-linux-gnu/libdl-2.23.so
7ff2f7dd8000-7ff2f7dd9000 r--p 00002000 08:01 54525996                   /lib/x86_64-linux-gnu/libdl-2.23.so
7ff2f7dd9000-7ff2f7dda000 rw-p 00003000 08:01 54525996                   /lib/x86_64-linux-gnu/libdl-2.23.so
7ff2f7dda000-7ff2f7def000 r-xp 00000000 08:01 56754534                   /usr/lib/jvm/java-8-oracle/lib/amd64/jli/libjli.so
7ff2f7def000-7ff2f7fef000 ---p 00015000 08:01 56754534                   /usr/lib/jvm/java-8-oracle/lib/amd64/jli/libjli.so
7ff2f7fef000-7ff2f7ff0000 rw-p 00015000 08:01 56754534                   /usr/lib/jvm/java-8-oracle/lib/amd64/jli/libjli.so
7ff2f7ff0000-7ff2f8008000 r-xp 00000000 08:01 54525990                   /lib/x86_64-linux-gnu/libpthread-2.23.so
7ff2f8008000-7ff2f8207000 ---p 00018000 08:01 54525990                   /lib/x86_64-linux-gnu/libpthread-2.23.so
7ff2f8207000-7ff2f8208000 r--p 00017000 08:01 54525990                   /lib/x86_64-linux-gnu/libpthread-2.23.so
7ff2f8208000-7ff2f8209000 rw-p 00018000 08:01 54525990                   /lib/x86_64-linux-gnu/libpthread-2.23.so
7ff2f8209000-7ff2f820d000 rw-p 00000000 00:00 0 
7ff2f820d000-7ff2f8233000 r-xp 00000000 08:01 54525965                   /lib/x86_64-linux-gnu/ld-2.23.so
7ff2f8233000-7ff2f8234000 r--s 00000000 08:01 22285029                   /home/roozbeh/.m2/repository/org/ejml/ejml-all/0.31/ejml-all-0.31.jar
7ff2f8234000-7ff2f8238000 r--s 00032000 08:01 22285017                   /home/roozbeh/.m2/repository/com/typesafe/config/1.2.1/config-1.2.1.jar
7ff2f8238000-7ff2f823a000 r--s 00014000 08:01 22284940                   /home/roozbeh/.m2/repository/th4j-generate/th4j-generate_2.11/0.1/th4j-generate_2.11-0.1.jar
7ff2f823a000-7ff2f823e000 r--s 0005c000 08:01 22284938                   /home/roozbeh/.m2/repository/th4j-core/th4j-core_2.11/0.1/th4j-core_2.11-0.1.jar
7ff2f823e000-7ff2f8242000 r--s 00107000 08:01 22285009                   /home/roozbeh/.m2/repository/net/java/dev/jna/jna/4.2.0/jna-4.2.0.jar
7ff2f8242000-7ff2f8245000 r--s 00019000 08:01 22285005                   /home/roozbeh/.m2/repository/org/msgpack/msgpack-core/0.8.8/msgpack-core-0.8.8.jar
7ff2f8245000-7ff2f8248000 r--s 00014000 08:01 22285003                   /home/roozbeh/.m2/repository/net/sourceforge/argparse4j/argparse4j/0.7.0/argparse4j-0.7.0.jar
7ff2f8248000-7ff2f824d000 r--s 00033000 08:01 22284997                   /home/roozbeh/.m2/repository/org/apache/logging/log4j/log4j-api/2.8.2/log4j-api-2.8.2.jar
7ff2f824d000-7ff2f8317000 rw-p 00000000 00:00 0 
7ff2f8317000-7ff2f831a000 ---p 00000000 00:00 0 
7ff2f831a000-7ff2f841c000 rw-p 00000000 00:00 0 
7ff2f841c000-7ff2f841d000 r--s 00001000 08:01 22284962                   /home/roozbeh/.m2/repository/com/typesafe/play/play-datacommons_2.11/2.3.4/play-datacommons_2.11-2.3.4.jar
7ff2f841d000-7ff2f841e000 r--s 0000e000 08:01 22285007                   /home/roozbeh/.m2/repository/org/zeromq/jzmq/3.1.0/jzmq-3.1.0.jar
7ff2f841e000-7ff2f8420000 r--s 00009000 08:01 22284995                   /home/roozbeh/.m2/repository/org/hamcrest/hamcrest-core/1.3/hamcrest-core-1.3.jar
7ff2f8420000-7ff2f8426000 r--s 00036000 08:01 22284993                   /home/roozbeh/.m2/repository/junit/junit/4.11/junit-4.11.jar
7ff2f8426000-7ff2f842e000 rw-s 00000000 08:01 60162470                   /tmp/hsperfdata_roozbeh/7112
7ff2f842e000-7ff2f842f000 rw-p 00000000 00:00 0 
7ff2f842f000-7ff2f8430000 r--p 00000000 00:00 0 
7ff2f8430000-7ff2f8432000 rw-p 00000000 00:00 0 
7ff2f8432000-7ff2f8433000 r--p 00025000 08:01 54525965                   /lib/x86_64-linux-gnu/ld-2.23.so
7ff2f8433000-7ff2f8434000 rw-p 00026000 08:01 54525965                   /lib/x86_64-linux-gnu/ld-2.23.so
7ff2f8434000-7ff2f8435000 rw-p 00000000 00:00 0 
7fff26d29000-7fff26d4b000 rw-p 00000000 00:00 0                          [stack]
7fff26d73000-7fff26d75000 r--p 00000000 00:00 0                          [vvar]
7fff26d75000-7fff26d77000 r-xp 00000000 00:00 0                          [vdso]
ffffffffff600000-ffffffffff601000 r-xp 00000000 00:00 0                  [vsyscall]

VM Arguments:
jvm_args: -Dfile.encoding=UTF-8 
java_command: com.statnlp.example.LinearCRFMain
java_class_path (initial): /home/roozbeh/Downloads/STATNLP_OPTIMIZATION/target/test-classes:/home/roozbeh/Downloads/STATNLP_OPTIMIZATION/target/classes:/home/roozbeh/.m2/repository/junit/junit/4.11/junit-4.11.jar:/home/roozbeh/.m2/repository/org/hamcrest/hamcrest-core/1.3/hamcrest-core-1.3.jar:/home/roozbeh/.m2/repository/org/apache/logging/log4j/log4j-api/2.8.2/log4j-api-2.8.2.jar:/home/roozbeh/.m2/repository/org/apache/logging/log4j/log4j-core/2.8.2/log4j-core-2.8.2.jar:/home/roozbeh/.m2/repository/net/sf/trove4j/trove4j/3.0.3/trove4j-3.0.3.jar:/home/roozbeh/.m2/repository/net/sourceforge/argparse4j/argparse4j/0.7.0/argparse4j-0.7.0.jar:/home/roozbeh/.m2/repository/org/msgpack/msgpack-core/0.8.8/msgpack-core-0.8.8.jar:/home/roozbeh/.m2/repository/org/zeromq/jzmq/3.1.0/jzmq-3.1.0.jar:/home/roozbeh/.m2/repository/net/java/dev/jna/jna/4.2.0/jna-4.2.0.jar:/home/roozbeh/.m2/repository/th4j-core/th4j-core_2.11/0.1/th4j-core_2.11-0.1.jar:/home/roozbeh/.m2/repository/org/scala-lang/scala-library/2.11.7/scala-library-2.11.7.jar:/home/roozbeh/.m2/repository/th4j-generate/th4j-generate_2.11/0.1/th4j-generate_2.11-0.1.jar:/home/roozbeh/.m2/repository/org/scala-lang/scala-reflect/2.11.7/scala-reflect-2.11.7.jar:/home/roozbeh/.m2/repository/com/typesafe/play/play-json_2.11/2.3.4/play-json_2.11-2.3.4.jar:/home/roozbeh/.m2/repository/com/typesafe/play/play-iteratees_2.11/2.3.4/play-iteratees_2.11-2.3.4.jar:/home/roozbeh/.m2/repository/org/scala-stm/scala-stm_2.11/0.7/scala-stm_2.11-0.7.jar:/home/roozbeh/.m2/repository/com/typesafe/config/1.2.1/config-1.2.1.jar:/home/roozbeh/.m2/repository/com/typesafe/play/play-functional_2.11/2.3.4/play-functional_2.11-2.3.4.jar:/home/roozbeh/.m2/repository/com/typesafe/play/play-datacommons_2.11/2.3.4/play-datacommons_2.11-2.3.4.jar:/home/roozbeh/.m2/repository/joda-time/joda-time/2.3/joda-time-2.3.jar:/home/roozbeh/.m2/repository/org/joda/joda-convert/1.6/joda-convert-1.6.jar:/home/roozbeh/.m2/repository/com/fasterxml/jackson/core/jackson-an
Launcher Type: SUN_STANDARD

Environment Variables:
JAVA_HOME=/usr/lib/jvm/java-8-oracle
PATH=/home/roozbeh/bin:/home/roozbeh/.local/bin:/usr/local/sbin:/usr/local/bin:/usr/sbin:/usr/bin:/sbin:/bin:/usr/games:/usr/local/games:/usr/lib/jvm/java-8-oracle/bin:/usr/lib/jvm/java-8-oracle/db/bin:/usr/lib/jvm/java-8-oracle/jre/bin
SHELL=/bin/bash
DISPLAY=:0

Signal Handlers:
SIGSEGV: [libjvm.so+0xac8af0], sa_mask[0]=11111111011111111101111111111110, sa_flags=SA_RESTART|SA_SIGINFO
SIGBUS: [libjvm.so+0xac8af0], sa_mask[0]=11111111011111111101111111111110, sa_flags=SA_RESTART|SA_SIGINFO
SIGFPE: [libjvm.so+0x921dd0], sa_mask[0]=11111111011111111101111111111110, sa_flags=SA_RESTART|SA_SIGINFO
SIGPIPE: [libjvm.so+0x921dd0], sa_mask[0]=11111111011111111101111111111110, sa_flags=SA_RESTART|SA_SIGINFO
SIGXFSZ: [libjvm.so+0x921dd0], sa_mask[0]=11111111011111111101111111111110, sa_flags=SA_RESTART|SA_SIGINFO
SIGILL: [libjvm.so+0x921dd0], sa_mask[0]=11111111011111111101111111111110, sa_flags=SA_RESTART|SA_SIGINFO
SIGUSR1: SIG_DFL, sa_mask[0]=00000000000000000000000000000000, sa_flags=none
SIGUSR2: [libjvm.so+0x923610], sa_mask[0]=00100000000000000000000000000000, sa_flags=SA_RESTART|SA_SIGINFO
SIGHUP: [libjvm.so+0x924a10], sa_mask[0]=11111111011111111101111111111110, sa_flags=SA_RESTART|SA_SIGINFO
SIGINT: [libjvm.so+0x924a10], sa_mask[0]=11111111011111111101111111111110, sa_flags=SA_RESTART|SA_SIGINFO
SIGTERM: [libjvm.so+0x924a10], sa_mask[0]=11111111011111111101111111111110, sa_flags=SA_RESTART|SA_SIGINFO
SIGQUIT: [libjvm.so+0x924a10], sa_mask[0]=11111111011111111101111111111110, sa_flags=SA_RESTART|SA_SIGINFO


---------------  S Y S T E M  ---------------

OS:DISTRIB_ID=Ubuntu
DISTRIB_RELEASE=16.04
DISTRIB_CODENAME=xenial
DISTRIB_DESCRIPTION="Ubuntu 16.04.2 LTS"

uname:Linux 4.8.0-36-generic #36~16.04.1-Ubuntu SMP Sun Feb 5 09:39:57 UTC 2017 x86_64
libc:glibc 2.23 NPTL 2.23 
rlimit: STACK 8192k, CORE 0k, NPROC 30710, NOFILE 65536, AS infinity
load average:0.74 0.71 0.94

/proc/meminfo:
MemTotal:        7904384 kB
MemFree:         3358756 kB
MemAvailable:    4354424 kB
Buffers:           90628 kB
Cached:          1438380 kB
SwapCached:         2488 kB
Active:          3269856 kB
Inactive:         938588 kB
Active(anon):    2582316 kB
Inactive(anon):   485156 kB
Active(file):     687540 kB
Inactive(file):   453432 kB
Unevictable:          32 kB
Mlocked:              32 kB
SwapTotal:       8115196 kB
SwapFree:        8108352 kB
Dirty:               192 kB
Writeback:             0 kB
AnonPages:       2613752 kB
Mapped:           621172 kB
Shmem:            388040 kB
Slab:             195772 kB
SReclaimable:     154128 kB
SUnreclaim:        41644 kB
KernelStack:       10416 kB
PageTables:        39172 kB
NFS_Unstable:          0 kB
Bounce:                0 kB
WritebackTmp:          0 kB
CommitLimit:    12067388 kB
Committed_AS:    7152556 kB
VmallocTotal:   34359738367 kB
VmallocUsed:           0 kB
VmallocChunk:          0 kB
HardwareCorrupted:     0 kB
AnonHugePages:   1353728 kB
ShmemHugePages:        0 kB
ShmemPmdMapped:        0 kB
CmaTotal:              0 kB
CmaFree:               0 kB
HugePages_Total:       0
HugePages_Free:        0
HugePages_Rsvd:        0
HugePages_Surp:        0
Hugepagesize:       2048 kB
DirectMap4k:      166476 kB
DirectMap2M:     6901760 kB
DirectMap1G:     2097152 kB


CPU:total 4 (initial active 4) (2 cores per cpu, 2 threads per core) family 6 model 61 stepping 4, cmov, cx8, fxsr, mmx, sse, sse2, sse3, ssse3, sse4.1, sse4.2, popcnt, avx, avx2, aes, clmul, erms, 3dnowpref, lzcnt, ht, tsc, tscinvbit, bmi1, bmi2, adx

/proc/cpuinfo:
processor	: 0
vendor_id	: GenuineIntel
cpu family	: 6
model		: 61
model name	: Intel(R) Core(TM) i7-5500U CPU @ 2.40GHz
stepping	: 4
microcode	: 0x1a
cpu MHz		: 2899.951
cache size	: 4096 KB
physical id	: 0
siblings	: 4
core id		: 0
cpu cores	: 2
apicid		: 0
initial apicid	: 0
fpu		: yes
fpu_exception	: yes
cpuid level	: 20
wp		: yes
flags		: fpu vme de pse tsc msr pae mce cx8 apic sep mtrr pge mca cmov pat pse36 clflush dts acpi mmx fxsr sse sse2 ss ht tm pbe syscall nx pdpe1gb rdtscp lm constant_tsc arch_perfmon pebs bts rep_good nopl xtopology nonstop_tsc aperfmperf eagerfpu pni pclmulqdq dtes64 monitor ds_cpl vmx est tm2 ssse3 sdbg fma cx16 xtpr pdcm pcid sse4_1 sse4_2 x2apic movbe popcnt tsc_deadline_timer aes xsave avx f16c rdrand lahf_lm abm 3dnowprefetch epb intel_pt tpr_shadow vnmi flexpriority ept vpid fsgsbase tsc_adjust bmi1 avx2 smep bmi2 erms invpcid rdseed adx smap xsaveopt dtherm ida arat pln pts
bugs		:
bogomips	: 4788.46
clflush size	: 64
cache_alignment	: 64
address sizes	: 39 bits physical, 48 bits virtual
power management:

processor	: 1
vendor_id	: GenuineIntel
cpu family	: 6
model		: 61
model name	: Intel(R) Core(TM) i7-5500U CPU @ 2.40GHz
stepping	: 4
microcode	: 0x1a
cpu MHz		: 2899.951
cache size	: 4096 KB
physical id	: 0
siblings	: 4
core id		: 0
cpu cores	: 2
apicid		: 1
initial apicid	: 1
fpu		: yes
fpu_exception	: yes
cpuid level	: 20
wp		: yes
flags		: fpu vme de pse tsc msr pae mce cx8 apic sep mtrr pge mca cmov pat pse36 clflush dts acpi mmx fxsr sse sse2 ss ht tm pbe syscall nx pdpe1gb rdtscp lm constant_tsc arch_perfmon pebs bts rep_good nopl xtopology nonstop_tsc aperfmperf eagerfpu pni pclmulqdq dtes64 monitor ds_cpl vmx est tm2 ssse3 sdbg fma cx16 xtpr pdcm pcid sse4_1 sse4_2 x2apic movbe popcnt tsc_deadline_timer aes xsave avx f16c rdrand lahf_lm abm 3dnowprefetch epb intel_pt tpr_shadow vnmi flexpriority ept vpid fsgsbase tsc_adjust bmi1 avx2 smep bmi2 erms invpcid rdseed adx smap xsaveopt dtherm ida arat pln pts
bugs		:
bogomips	: 4788.46
clflush size	: 64
cache_alignment	: 64
address sizes	: 39 bits physical, 48 bits virtual
power management:

processor	: 2
vendor_id	: GenuineIntel
cpu family	: 6
model		: 61
model name	: Intel(R) Core(TM) i7-5500U CPU @ 2.40GHz
stepping	: 4
microcode	: 0x1a
cpu MHz		: 2899.951
cache size	: 4096 KB
physical id	: 0
siblings	: 4
core id		: 1
cpu cores	: 2
apicid		: 2
initial apicid	: 2
fpu		: yes
fpu_exception	: yes
cpuid level	: 20
wp		: yes
flags		: fpu vme de pse tsc msr pae mce cx8 apic sep mtrr pge mca cmov pat pse36 clflush dts acpi mmx fxsr sse sse2 ss ht tm pbe syscall nx pdpe1gb rdtscp lm constant_tsc arch_perfmon pebs bts rep_good nopl xtopology nonstop_tsc aperfmperf eagerfpu pni pclmulqdq dtes64 monitor ds_cpl vmx est tm2 ssse3 sdbg fma cx16 xtpr pdcm pcid sse4_1 sse4_2 x2apic movbe popcnt tsc_deadline_timer aes xsave avx f16c rdrand lahf_lm abm 3dnowprefetch epb intel_pt tpr_shadow vnmi flexpriority ept vpid fsgsbase tsc_adjust bmi1 avx2 smep bmi2 erms invpcid rdseed adx smap xsaveopt dtherm ida arat pln pts
bugs		:
bogomips	: 4788.46
clflush size	: 64
cache_alignment	: 64
address sizes	: 39 bits physical, 48 bits virtual
power management:

processor	: 3
vendor_id	: GenuineIntel
cpu family	: 6
model		: 61
model name	: Intel(R) Core(TM) i7-5500U CPU @ 2.40GHz
stepping	: 4
microcode	: 0x1a
cpu MHz		: 2899.951
cache size	: 4096 KB
physical id	: 0
siblings	: 4
core id		: 1
cpu cores	: 2
apicid		: 3
initial apicid	: 3
fpu		: yes
fpu_exception	: yes
cpuid level	: 20
wp		: yes
flags		: fpu vme de pse tsc msr pae mce cx8 apic sep mtrr pge mca cmov pat pse36 clflush dts acpi mmx fxsr sse sse2 ss ht tm pbe syscall nx pdpe1gb rdtscp lm constant_tsc arch_perfmon pebs bts rep_good nopl xtopology nonstop_tsc aperfmperf eagerfpu pni pclmulqdq dtes64 monitor ds_cpl vmx est tm2 ssse3 sdbg fma cx16 xtpr pdcm pcid sse4_1 sse4_2 x2apic movbe popcnt tsc_deadline_timer aes xsave avx f16c rdrand lahf_lm abm 3dnowprefetch epb intel_pt tpr_shadow vnmi flexpriority ept vpid fsgsbase tsc_adjust bmi1 avx2 smep bmi2 erms invpcid rdseed adx smap xsaveopt dtherm ida arat pln pts
bugs		:
bogomips	: 4788.46
clflush size	: 64
cache_alignment	: 64
address sizes	: 39 bits physical, 48 bits virtual
power management:



Memory: 4k page, physical 7904384k(3358756k free), swap 8115196k(8108352k free)

vm_info: Java HotSpot(TM) 64-Bit Server VM (25.131-b11) for linux-amd64 JRE (1.8.0_131-b11), built on Mar 15 2017 01:23:40 by "java_re" with gcc 4.3.0 20080428 (Red Hat 4.3.0-8)

time: Wed Jul 19 13:52:21 2017
elapsed time: 3 seconds (0d 0h 0m 3s)

